[2023-09-02 14:00:24.171] [INFO ] 4252 --- [background-preinit] org.hibernate.validator.internal.util.Version - HV000001: Hibernate Validator 6.2.5.Final
[2023-09-02 14:00:24.186] [INFO ] 4252 --- [main] com.pg.screen.PowerGridScreenApplication - Starting PowerGridScreenApplication using Java 1.8.0_111 on S2FDLWC0128 with PID 4252 (C:\work\code\2023\wc\visualLargeScreenServe\target\classes started by 71644463 in C:\work\code\2023\wc\visualLargeScreenServe)
[2023-09-02 14:00:24.186] [DEBUG] 4252 --- [main] com.pg.screen.PowerGridScreenApplication - Running with Spring Boot v2.7.8, Spring v5.3.25
[2023-09-02 14:00:24.186] [INFO ] 4252 --- [main] com.pg.screen.PowerGridScreenApplication - No active profile set, falling back to 1 default profile: "default"
[2023-09-02 14:00:27.269] [INFO ] 4252 --- [main] o.s.boot.web.embedded.tomcat.TomcatWebServer - Tomcat initialized with port(s): 8001 (http)
[2023-09-02 14:00:27.285] [INFO ] 4252 --- [main] org.apache.coyote.http11.Http11NioProtocol - Initializing ProtocolHandler ["http-nio-8001"]
[2023-09-02 14:00:27.285] [INFO ] 4252 --- [main] org.apache.catalina.core.StandardService - Starting service [Tomcat]
[2023-09-02 14:00:27.285] [INFO ] 4252 --- [main] org.apache.catalina.core.StandardEngine - Starting Servlet engine: [Apache Tomcat/9.0.71]
[2023-09-02 14:00:27.505] [INFO ] 4252 --- [main] o.a.c.core.ContainerBase.[Tomcat].[localhost].[/] - Initializing Spring embedded WebApplicationContext
[2023-09-02 14:00:27.506] [INFO ] 4252 --- [main] o.s.b.w.s.c.ServletWebServerApplicationContext - Root WebApplicationContext: initialization completed in 3220 ms
[2023-09-02 14:00:29.404] [INFO ] 4252 --- [main] org.apache.coyote.http11.Http11NioProtocol - Starting ProtocolHandler ["http-nio-8001"]
[2023-09-02 14:00:29.439] [INFO ] 4252 --- [main] o.s.boot.web.embedded.tomcat.TomcatWebServer - Tomcat started on port(s): 8001 (http) with context path ''
[2023-09-02 14:00:29.451] [INFO ] 4252 --- [main] com.pg.screen.PowerGridScreenApplication - Started PowerGridScreenApplication in 6.462 seconds (JVM running for 8.909)
[2023-09-02 14:05:46.969] [INFO ] 4252 --- [http-nio-8001-exec-2] o.a.c.core.ContainerBase.[Tomcat].[localhost].[/] - Initializing Spring DispatcherServlet 'dispatcherServlet'
[2023-09-02 14:05:46.970] [INFO ] 4252 --- [http-nio-8001-exec-2] org.springframework.web.servlet.DispatcherServlet - Initializing Servlet 'dispatcherServlet'
[2023-09-02 14:05:46.992] [INFO ] 4252 --- [http-nio-8001-exec-2] org.springframework.web.servlet.DispatcherServlet - Completed initialization in 22 ms
[2023-09-02 14:05:47.103] [WARN ] 4252 --- [http-nio-8001-exec-2] org.springframework.web.servlet.PageNotFound - No mapping for GET /shujufenxi/pftd-fault-detail/page
[2023-09-02 14:07:23.892] [INFO ] 4252 --- [http-nio-8001-exec-5] com.zaxxer.hikari.HikariDataSource - HikariPool-1 - Starting...
[2023-09-02 14:07:26.309] [INFO ] 4252 --- [http-nio-8001-exec-5] com.zaxxer.hikari.HikariDataSource - HikariPool-1 - Start completed.
[2023-09-02 14:07:26.812] [INFO ] 4252 --- [http-nio-8001-exec-5] mybatis-flex-sql - select * from (select PJTDSJ, PJYTDSJ, PJGZTDSJ, QSSJ, ZZSJ       from DP_GDKKX_ZB       where (SSXQ is null or SSXQ='大连')         and DQTZ = '市中心+市区+城镇+农村'         and QSSJ >= TO_DATE('2023-01-01', 'yyyy-mm-dd')         and ZZSJ <= TO_DATE('2023-09-02', 'yyyy-mm-dd')       order by DP_GDKKX_ZB.QSSJ , ZZSJ desc) where ROWNUM = 1,367ms
[2023-09-02 14:07:28.999] [INFO ] 4252 --- [http-nio-8001-exec-5] mybatis-flex-sql - select PJTDSJ, PJYTDSJ, PJGZTDSJ, QSSJ, ZZSJ       from DP_GDKKX_ZB       where (SSXQ is null or SSXQ='大连')         and DQTZ = '市中心+市区+城镇+农村'         and QSSJ >= TO_DATE('2022-01-01', 'yyyy-mm-dd')         and ZZSJ <= TO_DATE('2022-01-01', 'yyyy-mm-dd')       order by DP_GDKKX_ZB.QSSJ , ZZSJ desc,39ms
[2023-09-02 14:07:30.554] [INFO ] 4252 --- [http-nio-8001-exec-5] mybatis-flex-sql - select * from (select SSXQ, PJYTDSJ       from DP_GDKKX_ZB       where SSXQ is not null          and DQTZ = '市中心+市区+城镇+农村'         and QSSJ >= TO_DATE('2023-01-01', 'yyyy-mm-dd')         and ZZSJ <= TO_DATE('2023-09-02', 'yyyy-mm-dd')       order by DP_GDKKX_ZB.QSSJ , ZZSJ desc) where ROWNUM <= 13,49ms
[2023-09-02 14:07:32.681] [ERROR] 4252 --- [http-nio-8001-exec-5] com.pg.screen.common.ExceptionAdviceController - Exception异常：
java.lang.RuntimeException: WorkOrderUnitEnum-参数错误
	at com.pg.screen.enums.WorkOrderUnitEnum.getFullName(WorkOrderUnitEnum.java:58)
	at com.pg.screen.service.ReliabilityAnalysisService.getBuildList(ReliabilityAnalysisService.java:306)
	at com.pg.screen.service.ReliabilityAnalysisService.getMeanOutageTime(ReliabilityAnalysisService.java:273)
	at com.pg.screen.controller.ReliabilityAnalysisController.getMeanOutageTime(ReliabilityAnalysisController.java:115)
	at com.pg.screen.controller.ReliabilityAnalysisController$$FastClassBySpringCGLIB$$cbc82d58.invoke(<generated>)
	at org.springframework.cglib.proxy.MethodProxy.invoke(MethodProxy.java:218)
	at org.springframework.aop.framework.CglibAopProxy$CglibMethodInvocation.invokeJoinpoint(CglibAopProxy.java:793)
	at org.springframework.aop.framework.ReflectiveMethodInvocation.proceed(ReflectiveMethodInvocation.java:163)
	at org.springframework.aop.framework.CglibAopProxy$CglibMethodInvocation.proceed(CglibAopProxy.java:763)
	at org.springframework.aop.aspectj.MethodInvocationProceedingJoinPoint.proceed(MethodInvocationProceedingJoinPoint.java:89)
	at com.pg.screen.common.AspectControllerTimeConsuming.doAround(AspectControllerTimeConsuming.java:28)
	at sun.reflect.NativeMethodAccessorImpl.invoke0(Native Method)
	at sun.reflect.NativeMethodAccessorImpl.invoke(NativeMethodAccessorImpl.java:62)
	at sun.reflect.DelegatingMethodAccessorImpl.invoke(DelegatingMethodAccessorImpl.java:43)
	at java.lang.reflect.Method.invoke(Method.java:498)
	at org.springframework.aop.aspectj.AbstractAspectJAdvice.invokeAdviceMethodWithGivenArgs(AbstractAspectJAdvice.java:634)
	at org.springframework.aop.aspectj.AbstractAspectJAdvice.invokeAdviceMethod(AbstractAspectJAdvice.java:624)
	at org.springframework.aop.aspectj.AspectJAroundAdvice.invoke(AspectJAroundAdvice.java:72)
	at org.springframework.aop.framework.ReflectiveMethodInvocation.proceed(ReflectiveMethodInvocation.java:186)
	at org.springframework.aop.framework.CglibAopProxy$CglibMethodInvocation.proceed(CglibAopProxy.java:763)
	at org.springframework.aop.interceptor.ExposeInvocationInterceptor.invoke(ExposeInvocationInterceptor.java:97)
	at org.springframework.aop.framework.ReflectiveMethodInvocation.proceed(ReflectiveMethodInvocation.java:186)
	at org.springframework.aop.framework.CglibAopProxy$CglibMethodInvocation.proceed(CglibAopProxy.java:763)
	at org.springframework.aop.framework.CglibAopProxy$DynamicAdvisedInterceptor.intercept(CglibAopProxy.java:708)
	at com.pg.screen.controller.ReliabilityAnalysisController$$EnhancerBySpringCGLIB$$a9130677.getMeanOutageTime(<generated>)
	at sun.reflect.NativeMethodAccessorImpl.invoke0(Native Method)
	at sun.reflect.NativeMethodAccessorImpl.invoke(NativeMethodAccessorImpl.java:62)
	at sun.reflect.DelegatingMethodAccessorImpl.invoke(DelegatingMethodAccessorImpl.java:43)
	at java.lang.reflect.Method.invoke(Method.java:498)
	at org.springframework.web.method.support.InvocableHandlerMethod.doInvoke(InvocableHandlerMethod.java:205)
	at org.springframework.web.method.support.InvocableHandlerMethod.invokeForRequest(InvocableHandlerMethod.java:150)
	at org.springframework.web.servlet.mvc.method.annotation.ServletInvocableHandlerMethod.invokeAndHandle(ServletInvocableHandlerMethod.java:117)
	at org.springframework.web.servlet.mvc.method.annotation.RequestMappingHandlerAdapter.invokeHandlerMethod(RequestMappingHandlerAdapter.java:895)
	at org.springframework.web.servlet.mvc.method.annotation.RequestMappingHandlerAdapter.handleInternal(RequestMappingHandlerAdapter.java:808)
	at org.springframework.web.servlet.mvc.method.AbstractHandlerMethodAdapter.handle(AbstractHandlerMethodAdapter.java:87)
	at org.springframework.web.servlet.DispatcherServlet.doDispatch(DispatcherServlet.java:1071)
	at org.springframework.web.servlet.DispatcherServlet.doService(DispatcherServlet.java:964)
	at org.springframework.web.servlet.FrameworkServlet.processRequest(FrameworkServlet.java:1006)
	at org.springframework.web.servlet.FrameworkServlet.doGet(FrameworkServlet.java:898)
	at javax.servlet.http.HttpServlet.service(HttpServlet.java:670)
	at org.springframework.web.servlet.FrameworkServlet.service(FrameworkServlet.java:883)
	at javax.servlet.http.HttpServlet.service(HttpServlet.java:779)
	at org.apache.catalina.core.ApplicationFilterChain.internalDoFilter(ApplicationFilterChain.java:227)
	at org.apache.catalina.core.ApplicationFilterChain.doFilter(ApplicationFilterChain.java:162)
	at org.apache.tomcat.websocket.server.WsFilter.doFilter(WsFilter.java:53)
	at org.apache.catalina.core.ApplicationFilterChain.internalDoFilter(ApplicationFilterChain.java:189)
	at org.apache.catalina.core.ApplicationFilterChain.doFilter(ApplicationFilterChain.java:162)
	at org.springframework.web.filter.CharacterEncodingFilter.doFilterInternal(CharacterEncodingFilter.java:201)
	at org.springframework.web.filter.OncePerRequestFilter.doFilter(OncePerRequestFilter.java:117)
	at org.apache.catalina.core.ApplicationFilterChain.internalDoFilter(ApplicationFilterChain.java:189)
	at org.apache.catalina.core.ApplicationFilterChain.doFilter(ApplicationFilterChain.java:162)
	at com.pg.screen.config.CorsConfig.doFilter(CorsConfig.java:33)
	at org.apache.catalina.core.ApplicationFilterChain.internalDoFilter(ApplicationFilterChain.java:189)
	at org.apache.catalina.core.ApplicationFilterChain.doFilter(ApplicationFilterChain.java:162)
	at org.apache.catalina.core.StandardWrapperValve.invoke(StandardWrapperValve.java:177)
	at org.apache.catalina.core.StandardContextValve.invoke(StandardContextValve.java:97)
	at org.apache.catalina.authenticator.AuthenticatorBase.invoke(AuthenticatorBase.java:541)
	at org.apache.catalina.core.StandardHostValve.invoke(StandardHostValve.java:135)
	at org.apache.catalina.valves.ErrorReportValve.invoke(ErrorReportValve.java:92)
	at org.apache.catalina.core.StandardEngineValve.invoke(StandardEngineValve.java:78)
	at org.apache.catalina.connector.CoyoteAdapter.service(CoyoteAdapter.java:360)
	at org.apache.coyote.http11.Http11Processor.service(Http11Processor.java:399)
	at org.apache.coyote.AbstractProcessorLight.process(AbstractProcessorLight.java:65)
	at org.apache.coyote.AbstractProtocol$ConnectionHandler.process(AbstractProtocol.java:891)
	at org.apache.tomcat.util.net.NioEndpoint$SocketProcessor.doRun(NioEndpoint.java:1784)
	at org.apache.tomcat.util.net.SocketProcessorBase.run(SocketProcessorBase.java:49)
	at org.apache.tomcat.util.threads.ThreadPoolExecutor.runWorker(ThreadPoolExecutor.java:1191)
	at org.apache.tomcat.util.threads.ThreadPoolExecutor$Worker.run(ThreadPoolExecutor.java:659)
	at org.apache.tomcat.util.threads.TaskThread$WrappingRunnable.run(TaskThread.java:61)
	at java.lang.Thread.run(Thread.java:745)
[2023-09-02 14:10:12.920] [INFO ] 4252 --- [http-nio-8001-exec-8] mybatis-flex-sql - select * from (select PJTDSJ, PJYTDSJ, PJGZTDSJ, QSSJ, ZZSJ       from DP_GDKKX_ZB       where (SSXQ is null or SSXQ='大连')         and DQTZ = '市中心+市区+城镇+农村'         and QSSJ >= TO_DATE('2023-01-01', 'yyyy-mm-dd')         and ZZSJ <= TO_DATE('2023-09-02', 'yyyy-mm-dd')       order by DP_GDKKX_ZB.QSSJ , ZZSJ desc) where ROWNUM = 1,30ms
[2023-09-02 14:10:13.549] [INFO ] 4252 --- [http-nio-8001-exec-8] mybatis-flex-sql - select PJTDSJ, PJYTDSJ, PJGZTDSJ, QSSJ, ZZSJ       from DP_GDKKX_ZB       where (SSXQ is null or SSXQ='大连')         and DQTZ = '市中心+市区+城镇+农村'         and QSSJ >= TO_DATE('2022-01-01', 'yyyy-mm-dd')         and ZZSJ <= TO_DATE('2022-01-01', 'yyyy-mm-dd')       order by DP_GDKKX_ZB.QSSJ , ZZSJ desc,24ms
[2023-09-02 14:10:30.249] [INFO ] 4252 --- [http-nio-8001-exec-8] mybatis-flex-sql - select * from (select SSXQ, PJYTDSJ       from DP_GDKKX_ZB       where SSXQ is not null          and DQTZ = '市中心+市区+城镇+农村'         and QSSJ >= TO_DATE('2023-01-01', 'yyyy-mm-dd')         and ZZSJ <= TO_DATE('2023-09-02', 'yyyy-mm-dd')       order by DP_GDKKX_ZB.QSSJ , ZZSJ desc) where ROWNUM <= 13,55ms
[2023-09-02 14:10:41.801] [ERROR] 4252 --- [http-nio-8001-exec-8] com.pg.screen.common.ExceptionAdviceController - Exception异常：
java.lang.RuntimeException: WorkOrderUnitEnum-参数错误
	at com.pg.screen.enums.WorkOrderUnitEnum.getFullName(WorkOrderUnitEnum.java:58)
	at com.pg.screen.service.ReliabilityAnalysisService.getBuildList(ReliabilityAnalysisService.java:306)
	at com.pg.screen.service.ReliabilityAnalysisService.getMeanOutageTime(ReliabilityAnalysisService.java:273)
	at com.pg.screen.controller.ReliabilityAnalysisController.getMeanOutageTime(ReliabilityAnalysisController.java:115)
	at com.pg.screen.controller.ReliabilityAnalysisController$$FastClassBySpringCGLIB$$cbc82d58.invoke(<generated>)
	at org.springframework.cglib.proxy.MethodProxy.invoke(MethodProxy.java:218)
	at org.springframework.aop.framework.CglibAopProxy$CglibMethodInvocation.invokeJoinpoint(CglibAopProxy.java:793)
	at org.springframework.aop.framework.ReflectiveMethodInvocation.proceed(ReflectiveMethodInvocation.java:163)
	at org.springframework.aop.framework.CglibAopProxy$CglibMethodInvocation.proceed(CglibAopProxy.java:763)
	at org.springframework.aop.aspectj.MethodInvocationProceedingJoinPoint.proceed(MethodInvocationProceedingJoinPoint.java:89)
	at com.pg.screen.common.AspectControllerTimeConsuming.doAround(AspectControllerTimeConsuming.java:28)
	at sun.reflect.NativeMethodAccessorImpl.invoke0(Native Method)
	at sun.reflect.NativeMethodAccessorImpl.invoke(NativeMethodAccessorImpl.java:62)
	at sun.reflect.DelegatingMethodAccessorImpl.invoke(DelegatingMethodAccessorImpl.java:43)
	at java.lang.reflect.Method.invoke(Method.java:498)
	at org.springframework.aop.aspectj.AbstractAspectJAdvice.invokeAdviceMethodWithGivenArgs(AbstractAspectJAdvice.java:634)
	at org.springframework.aop.aspectj.AbstractAspectJAdvice.invokeAdviceMethod(AbstractAspectJAdvice.java:624)
	at org.springframework.aop.aspectj.AspectJAroundAdvice.invoke(AspectJAroundAdvice.java:72)
	at org.springframework.aop.framework.ReflectiveMethodInvocation.proceed(ReflectiveMethodInvocation.java:186)
	at org.springframework.aop.framework.CglibAopProxy$CglibMethodInvocation.proceed(CglibAopProxy.java:763)
	at org.springframework.aop.interceptor.ExposeInvocationInterceptor.invoke(ExposeInvocationInterceptor.java:97)
	at org.springframework.aop.framework.ReflectiveMethodInvocation.proceed(ReflectiveMethodInvocation.java:186)
	at org.springframework.aop.framework.CglibAopProxy$CglibMethodInvocation.proceed(CglibAopProxy.java:763)
	at org.springframework.aop.framework.CglibAopProxy$DynamicAdvisedInterceptor.intercept(CglibAopProxy.java:708)
	at com.pg.screen.controller.ReliabilityAnalysisController$$EnhancerBySpringCGLIB$$a9130677.getMeanOutageTime(<generated>)
	at sun.reflect.NativeMethodAccessorImpl.invoke0(Native Method)
	at sun.reflect.NativeMethodAccessorImpl.invoke(NativeMethodAccessorImpl.java:62)
	at sun.reflect.DelegatingMethodAccessorImpl.invoke(DelegatingMethodAccessorImpl.java:43)
	at java.lang.reflect.Method.invoke(Method.java:498)
	at org.springframework.web.method.support.InvocableHandlerMethod.doInvoke(InvocableHandlerMethod.java:205)
	at org.springframework.web.method.support.InvocableHandlerMethod.invokeForRequest(InvocableHandlerMethod.java:150)
	at org.springframework.web.servlet.mvc.method.annotation.ServletInvocableHandlerMethod.invokeAndHandle(ServletInvocableHandlerMethod.java:117)
	at org.springframework.web.servlet.mvc.method.annotation.RequestMappingHandlerAdapter.invokeHandlerMethod(RequestMappingHandlerAdapter.java:895)
	at org.springframework.web.servlet.mvc.method.annotation.RequestMappingHandlerAdapter.handleInternal(RequestMappingHandlerAdapter.java:808)
	at org.springframework.web.servlet.mvc.method.AbstractHandlerMethodAdapter.handle(AbstractHandlerMethodAdapter.java:87)
	at org.springframework.web.servlet.DispatcherServlet.doDispatch(DispatcherServlet.java:1071)
	at org.springframework.web.servlet.DispatcherServlet.doService(DispatcherServlet.java:964)
	at org.springframework.web.servlet.FrameworkServlet.processRequest(FrameworkServlet.java:1006)
	at org.springframework.web.servlet.FrameworkServlet.doGet(FrameworkServlet.java:898)
	at javax.servlet.http.HttpServlet.service(HttpServlet.java:670)
	at org.springframework.web.servlet.FrameworkServlet.service(FrameworkServlet.java:883)
	at javax.servlet.http.HttpServlet.service(HttpServlet.java:779)
	at org.apache.catalina.core.ApplicationFilterChain.internalDoFilter(ApplicationFilterChain.java:227)
	at org.apache.catalina.core.ApplicationFilterChain.doFilter(ApplicationFilterChain.java:162)
	at org.apache.tomcat.websocket.server.WsFilter.doFilter(WsFilter.java:53)
	at org.apache.catalina.core.ApplicationFilterChain.internalDoFilter(ApplicationFilterChain.java:189)
	at org.apache.catalina.core.ApplicationFilterChain.doFilter(ApplicationFilterChain.java:162)
	at org.springframework.web.filter.CharacterEncodingFilter.doFilterInternal(CharacterEncodingFilter.java:201)
	at org.springframework.web.filter.OncePerRequestFilter.doFilter(OncePerRequestFilter.java:117)
	at org.apache.catalina.core.ApplicationFilterChain.internalDoFilter(ApplicationFilterChain.java:189)
	at org.apache.catalina.core.ApplicationFilterChain.doFilter(ApplicationFilterChain.java:162)
	at com.pg.screen.config.CorsConfig.doFilter(CorsConfig.java:33)
	at org.apache.catalina.core.ApplicationFilterChain.internalDoFilter(ApplicationFilterChain.java:189)
	at org.apache.catalina.core.ApplicationFilterChain.doFilter(ApplicationFilterChain.java:162)
	at org.apache.catalina.core.StandardWrapperValve.invoke(StandardWrapperValve.java:177)
	at org.apache.catalina.core.StandardContextValve.invoke(StandardContextValve.java:97)
	at org.apache.catalina.authenticator.AuthenticatorBase.invoke(AuthenticatorBase.java:541)
	at org.apache.catalina.core.StandardHostValve.invoke(StandardHostValve.java:135)
	at org.apache.catalina.valves.ErrorReportValve.invoke(ErrorReportValve.java:92)
	at org.apache.catalina.core.StandardEngineValve.invoke(StandardEngineValve.java:78)
	at org.apache.catalina.connector.CoyoteAdapter.service(CoyoteAdapter.java:360)
	at org.apache.coyote.http11.Http11Processor.service(Http11Processor.java:399)
	at org.apache.coyote.AbstractProcessorLight.process(AbstractProcessorLight.java:65)
	at org.apache.coyote.AbstractProtocol$ConnectionHandler.process(AbstractProtocol.java:891)
	at org.apache.tomcat.util.net.NioEndpoint$SocketProcessor.doRun(NioEndpoint.java:1784)
	at org.apache.tomcat.util.net.SocketProcessorBase.run(SocketProcessorBase.java:49)
	at org.apache.tomcat.util.threads.ThreadPoolExecutor.runWorker(ThreadPoolExecutor.java:1191)
	at org.apache.tomcat.util.threads.ThreadPoolExecutor$Worker.run(ThreadPoolExecutor.java:659)
	at org.apache.tomcat.util.threads.TaskThread$WrappingRunnable.run(TaskThread.java:61)
	at java.lang.Thread.run(Thread.java:745)
[2023-09-02 16:36:54.016] [WARN ] 4252 --- [HikariPool-1 housekeeper] com.zaxxer.hikari.pool.HikariPool - HikariPool-1 - Thread starvation or clock leap detected (housekeeper delta=1h4m22s317ms7µs301ns).
[2023-09-02 19:09:00.376] [WARN ] 4252 --- [HikariPool-1 housekeeper] com.zaxxer.hikari.pool.HikariPool - HikariPool-1 - Thread starvation or clock leap detected (housekeeper delta=1h8m4s876ms751µs300ns).
[2023-09-02 21:55:09.675] [WARN ] 4252 --- [HikariPool-1 housekeeper] com.zaxxer.hikari.pool.HikariPool - HikariPool-1 - Thread starvation or clock leap detected (housekeeper delta=1h37m8s61ms484µs700ns).
