2023-09-04 09:14:20.017 WARN  4252 --- [HikariPool-1 housekeeper] com.zaxxer.hikari.pool.HikariPool - HikariPool-1 - Thread starvation or clock leap detected (housekeeper delta=1d10h11m47s642ms263µs800ns).
2023-09-04 09:15:38.518 INFO  4252 --- [SpringApplicationShutdownHook] com.zaxxer.hikari.HikariDataSource - HikariPool-1 - Shutdown initiated...
2023-09-04 09:15:38.556 INFO  4252 --- [SpringApplicationShutdownHook] com.zaxxer.hikari.HikariDataSource - HikariPool-1 - Shutdown completed.
2023-09-04 20:52:00.911 INFO  19244 --- [main] com.pg.screen.PowerGridScreenApplication - Starting PowerGridScreenApplication using Java 1.8.0_111 on S2FDLWC0128 with PID 19244 (C:\work\code\2023\wc\visualLargeScreenServe\target\classes started by 71644463 in C:\work\code\2023\wc\visualLargeScreenServe)
2023-09-04 20:52:00.920 DEBUG 19244 --- [main] com.pg.screen.PowerGridScreenApplication - Running with Spring Boot v2.7.8, Spring v5.3.25
2023-09-04 20:52:00.923 INFO  19244 --- [main] com.pg.screen.PowerGridScreenApplication - No active profile set, falling back to 1 default profile: "default"
2023-09-04 20:52:01.000 INFO  19244 --- [background-preinit] org.hibernate.validator.internal.util.Version - HV000001: Hibernate Validator 6.2.5.Final
2023-09-04 20:52:15.910 INFO  19244 --- [main] o.s.boot.web.embedded.tomcat.TomcatWebServer - Tomcat initialized with port(s): 8001 (http)
2023-09-04 20:52:15.967 INFO  19244 --- [main] org.apache.coyote.http11.Http11NioProtocol - Initializing ProtocolHandler ["http-nio-8001"]
2023-09-04 20:52:15.970 INFO  19244 --- [main] org.apache.catalina.core.StandardService - Starting service [Tomcat]
2023-09-04 20:52:15.970 INFO  19244 --- [main] org.apache.catalina.core.StandardEngine - Starting Servlet engine: [Apache Tomcat/9.0.71]
2023-09-04 20:52:17.834 INFO  19244 --- [main] o.a.c.core.ContainerBase.[Tomcat].[localhost].[/] - Initializing Spring embedded WebApplicationContext
2023-09-04 20:52:17.839 INFO  19244 --- [main] o.s.b.w.s.c.ServletWebServerApplicationContext - Root WebApplicationContext: initialization completed in 16423 ms
2023-09-04 20:52:25.420 INFO  19244 --- [main] org.apache.coyote.http11.Http11NioProtocol - Starting ProtocolHandler ["http-nio-8001"]
2023-09-04 20:52:25.567 INFO  19244 --- [main] o.s.boot.web.embedded.tomcat.TomcatWebServer - Tomcat started on port(s): 8001 (http) with context path ''
2023-09-04 20:52:25.668 INFO  19244 --- [main] com.pg.screen.PowerGridScreenApplication - Started PowerGridScreenApplication in 29.045 seconds (JVM running for 45.713)
2023-09-04 20:55:08.839 INFO  19244 --- [http-nio-8001-exec-7] o.a.c.core.ContainerBase.[Tomcat].[localhost].[/] - Initializing Spring DispatcherServlet 'dispatcherServlet'
2023-09-04 20:55:08.839 INFO  19244 --- [http-nio-8001-exec-7] org.springframework.web.servlet.DispatcherServlet - Initializing Servlet 'dispatcherServlet'
2023-09-04 20:55:08.840 INFO  19244 --- [http-nio-8001-exec-7] org.springframework.web.servlet.DispatcherServlet - Completed initialization in 1 ms
2023-09-04 20:55:14.703 INFO  19244 --- [http-nio-8001-exec-7] com.zaxxer.hikari.HikariDataSource - HikariPool-1 - Starting...
2023-09-04 20:55:16.584 INFO  19244 --- [http-nio-8001-exec-7] com.zaxxer.hikari.HikariDataSource - HikariPool-1 - Start completed.
2023-09-04 20:55:16.900 INFO  19244 --- [http-nio-8001-exec-7] mybatis-flex-sql - select * from (select PJTDSJ, PJYTDSJ, PJGZTDSJ, QSSJ, ZZSJ       from DP_GDKKX_ZB       where (SSXQ is null or SSXQ='大连')         and DQTZ = '市中心+市区+城镇+农村'         and QSSJ >= TO_DATE('2023-01-01', 'yyyy-mm-dd')         and ZZSJ <= TO_DATE('2023-09-04', 'yyyy-mm-dd')       order by DP_GDKKX_ZB.QSSJ , ZZSJ desc) where ROWNUM = 1,225ms
2023-09-04 20:55:19.765 INFO  19244 --- [http-nio-8001-exec-7] mybatis-flex-sql - select PJTDSJ, PJYTDSJ, PJGZTDSJ, QSSJ, ZZSJ       from DP_GDKKX_ZB       where (SSXQ is null or SSXQ='大连')         and DQTZ = '市中心+市区+城镇+农村'         and QSSJ >= TO_DATE('2022-01-01', 'yyyy-mm-dd')         and ZZSJ <= TO_DATE('2022-01-01', 'yyyy-mm-dd')       order by DP_GDKKX_ZB.QSSJ , ZZSJ desc,27ms
2023-09-04 20:55:21.513 INFO  19244 --- [http-nio-8001-exec-7] mybatis-flex-sql - select * from (select SSXQ, PJYTDSJ       from DP_GDKKX_ZB       where SSXQ is not null          and DQTZ = '市中心+市区+城镇+农村'         and QSSJ >= TO_DATE('2023-01-01', 'yyyy-mm-dd')         and ZZSJ <= TO_DATE('2023-09-04', 'yyyy-mm-dd')       order by DP_GDKKX_ZB.QSSJ , ZZSJ desc) where ROWNUM <= 13,64ms
2023-09-04 20:56:46.359 INFO  19244 --- [http-nio-8001-exec-3] mybatis-flex-sql - select * from (select PJTDSJ, PJYTDSJ, PJGZTDSJ, QSSJ, ZZSJ       from DP_GDKKX_ZB       where (SSXQ is null or SSXQ='大连')         and DQTZ = '市中心+市区+城镇+农村'         and QSSJ >= TO_DATE('2023-01-01', 'yyyy-mm-dd')         and ZZSJ <= TO_DATE('2023-09-04', 'yyyy-mm-dd')       order by DP_GDKKX_ZB.QSSJ , ZZSJ desc) where ROWNUM = 1,28ms
2023-09-04 20:56:46.985 INFO  19244 --- [http-nio-8001-exec-3] mybatis-flex-sql - select PJTDSJ, PJYTDSJ, PJGZTDSJ, QSSJ, ZZSJ       from DP_GDKKX_ZB       where (SSXQ is null or SSXQ='大连')         and DQTZ = '市中心+市区+城镇+农村'         and QSSJ >= TO_DATE('2022-01-01', 'yyyy-mm-dd')         and ZZSJ <= TO_DATE('2022-01-01', 'yyyy-mm-dd')       order by DP_GDKKX_ZB.QSSJ , ZZSJ desc,28ms
2023-09-04 20:56:48.681 INFO  19244 --- [http-nio-8001-exec-3] mybatis-flex-sql - select * from (select SSXQ, PJYTDSJ       from DP_GDKKX_ZB       where SSXQ is not null          and DQTZ = '市中心+市区+城镇+农村'         and QSSJ >= TO_DATE('2023-01-01', 'yyyy-mm-dd')         and ZZSJ <= TO_DATE('2023-09-04', 'yyyy-mm-dd')       order by DP_GDKKX_ZB.QSSJ , ZZSJ desc) where ROWNUM <= 13,60ms
2023-09-04 20:59:02.262 WARN  19244 --- [HikariPool-1 housekeeper] com.zaxxer.hikari.pool.HikariPool - HikariPool-1 - Thread starvation or clock leap detected (housekeeper delta=1m54s237ms103µs599ns).
2023-09-04 21:02:56.135 WARN  19244 --- [HikariPool-1 housekeeper] com.zaxxer.hikari.pool.HikariPool - HikariPool-1 - Thread starvation or clock leap detected (housekeeper delta=3m53s874ms831µs101ns).
2023-09-04 21:02:56.146 WARN  19244 --- [http-nio-8001-exec-3] o.s.w.s.m.m.a.ExceptionHandlerExceptionResolver - Failure in @ExceptionHandler com.pg.screen.common.ExceptionAdviceController#exceptionHandler(Exception)
org.apache.catalina.connector.ClientAbortException: java.io.IOException: 你的主机中的软件中止了一个已建立的连接。
	at org.apache.catalina.connector.OutputBuffer.doFlush(OutputBuffer.java:310)
	at org.apache.catalina.connector.OutputBuffer.flush(OutputBuffer.java:273)
	at org.apache.catalina.connector.CoyoteOutputStream.flush(CoyoteOutputStream.java:118)
	at java.io.FilterOutputStream.flush(FilterOutputStream.java:140)
	at com.fasterxml.jackson.core.json.UTF8JsonGenerator.flush(UTF8JsonGenerator.java:1187)
	at com.fasterxml.jackson.databind.ObjectWriter.writeValue(ObjectWriter.java:1009)
	at org.springframework.http.converter.json.AbstractJackson2HttpMessageConverter.writeInternal(AbstractJackson2HttpMessageConverter.java:456)
	at org.springframework.http.converter.AbstractGenericHttpMessageConverter.write(AbstractGenericHttpMessageConverter.java:104)
	at org.springframework.web.servlet.mvc.method.annotation.AbstractMessageConverterMethodProcessor.writeWithMessageConverters(AbstractMessageConverterMethodProcessor.java:290)
	at org.springframework.web.servlet.mvc.method.annotation.RequestResponseBodyMethodProcessor.handleReturnValue(RequestResponseBodyMethodProcessor.java:183)
	at org.springframework.web.method.support.HandlerMethodReturnValueHandlerComposite.handleReturnValue(HandlerMethodReturnValueHandlerComposite.java:78)
	at org.springframework.web.servlet.mvc.method.annotation.ServletInvocableHandlerMethod.invokeAndHandle(ServletInvocableHandlerMethod.java:135)
	at org.springframework.web.servlet.mvc.method.annotation.ExceptionHandlerExceptionResolver.doResolveHandlerMethodException(ExceptionHandlerExceptionResolver.java:428)
	at org.springframework.web.servlet.handler.AbstractHandlerMethodExceptionResolver.doResolveException(AbstractHandlerMethodExceptionResolver.java:75)
	at org.springframework.web.servlet.handler.AbstractHandlerExceptionResolver.resolveException(AbstractHandlerExceptionResolver.java:142)
	at org.springframework.web.servlet.handler.HandlerExceptionResolverComposite.resolveException(HandlerExceptionResolverComposite.java:80)
	at org.springframework.web.servlet.DispatcherServlet.processHandlerException(DispatcherServlet.java:1331)
	at org.springframework.web.servlet.DispatcherServlet.processDispatchResult(DispatcherServlet.java:1142)
	at org.springframework.web.servlet.DispatcherServlet.doDispatch(DispatcherServlet.java:1088)
	at org.springframework.web.servlet.DispatcherServlet.doService(DispatcherServlet.java:964)
	at org.springframework.web.servlet.FrameworkServlet.processRequest(FrameworkServlet.java:1006)
	at org.springframework.web.servlet.FrameworkServlet.doGet(FrameworkServlet.java:898)
	at javax.servlet.http.HttpServlet.service(HttpServlet.java:670)
	at org.springframework.web.servlet.FrameworkServlet.service(FrameworkServlet.java:883)
	at javax.servlet.http.HttpServlet.service(HttpServlet.java:779)
	at org.apache.catalina.core.ApplicationFilterChain.internalDoFilter(ApplicationFilterChain.java:227)
	at org.apache.catalina.core.ApplicationFilterChain.doFilter(ApplicationFilterChain.java:162)
	at org.apache.tomcat.websocket.server.WsFilter.doFilter(WsFilter.java:53)
	at org.apache.catalina.core.ApplicationFilterChain.internalDoFilter(ApplicationFilterChain.java:189)
	at org.apache.catalina.core.ApplicationFilterChain.doFilter(ApplicationFilterChain.java:162)
	at org.springframework.web.filter.CharacterEncodingFilter.doFilterInternal(CharacterEncodingFilter.java:201)
	at org.springframework.web.filter.OncePerRequestFilter.doFilter(OncePerRequestFilter.java:117)
	at org.apache.catalina.core.ApplicationFilterChain.internalDoFilter(ApplicationFilterChain.java:189)
	at org.apache.catalina.core.ApplicationFilterChain.doFilter(ApplicationFilterChain.java:162)
	at com.pg.screen.config.CorsConfig.doFilter(CorsConfig.java:33)
	at org.apache.catalina.core.ApplicationFilterChain.internalDoFilter(ApplicationFilterChain.java:189)
	at org.apache.catalina.core.ApplicationFilterChain.doFilter(ApplicationFilterChain.java:162)
	at org.apache.catalina.core.StandardWrapperValve.invoke(StandardWrapperValve.java:177)
	at org.apache.catalina.core.StandardContextValve.invoke(StandardContextValve.java:97)
	at org.apache.catalina.authenticator.AuthenticatorBase.invoke(AuthenticatorBase.java:541)
	at org.apache.catalina.core.StandardHostValve.invoke(StandardHostValve.java:135)
	at org.apache.catalina.valves.ErrorReportValve.invoke(ErrorReportValve.java:92)
	at org.apache.catalina.core.StandardEngineValve.invoke(StandardEngineValve.java:78)
	at org.apache.catalina.connector.CoyoteAdapter.service(CoyoteAdapter.java:360)
	at org.apache.coyote.http11.Http11Processor.service(Http11Processor.java:399)
	at org.apache.coyote.AbstractProcessorLight.process(AbstractProcessorLight.java:65)
	at org.apache.coyote.AbstractProtocol$ConnectionHandler.process(AbstractProtocol.java:891)
	at org.apache.tomcat.util.net.NioEndpoint$SocketProcessor.doRun(NioEndpoint.java:1784)
	at org.apache.tomcat.util.net.SocketProcessorBase.run(SocketProcessorBase.java:49)
	at org.apache.tomcat.util.threads.ThreadPoolExecutor.runWorker(ThreadPoolExecutor.java:1191)
	at org.apache.tomcat.util.threads.ThreadPoolExecutor$Worker.run(ThreadPoolExecutor.java:659)
	at org.apache.tomcat.util.threads.TaskThread$WrappingRunnable.run(TaskThread.java:61)
	at java.lang.Thread.run(Thread.java:745)
Caused by: java.io.IOException: 你的主机中的软件中止了一个已建立的连接。
	at sun.nio.ch.SocketDispatcher.write0(Native Method)
	at sun.nio.ch.SocketDispatcher.write(SocketDispatcher.java:51)
	at sun.nio.ch.IOUtil.writeFromNativeBuffer(IOUtil.java:93)
	at sun.nio.ch.IOUtil.write(IOUtil.java:65)
	at sun.nio.ch.SocketChannelImpl.write(SocketChannelImpl.java:471)
	at org.apache.tomcat.util.net.NioChannel.write(NioChannel.java:136)
	at org.apache.tomcat.util.net.NioEndpoint$NioSocketWrapper.doWrite(NioEndpoint.java:1424)
	at org.apache.tomcat.util.net.SocketWrapperBase.doWrite(SocketWrapperBase.java:768)
	at org.apache.tomcat.util.net.SocketWrapperBase.flushBlocking(SocketWrapperBase.java:732)
	at org.apache.tomcat.util.net.SocketWrapperBase.flush(SocketWrapperBase.java:716)
	at org.apache.coyote.http11.Http11OutputBuffer$SocketOutputBuffer.flush(Http11OutputBuffer.java:573)
	at org.apache.coyote.http11.filters.ChunkedOutputFilter.flush(ChunkedOutputFilter.java:157)
	at org.apache.coyote.http11.Http11OutputBuffer.flush(Http11OutputBuffer.java:221)
	at org.apache.coyote.http11.Http11Processor.flush(Http11Processor.java:1266)
	at org.apache.coyote.AbstractProcessor.action(AbstractProcessor.java:402)
	at org.apache.coyote.Response.action(Response.java:209)
	at org.apache.catalina.connector.OutputBuffer.doFlush(OutputBuffer.java:306)
	... 52 common frames omitted
2023-09-04 21:02:57.366 INFO  19244 --- [SpringApplicationShutdownHook] com.zaxxer.hikari.HikariDataSource - HikariPool-1 - Shutdown initiated...
2023-09-04 21:03:07.456 INFO  19244 --- [SpringApplicationShutdownHook] com.zaxxer.hikari.HikariDataSource - HikariPool-1 - Shutdown completed.
2023-09-04 21:03:19.041 INFO  22512 --- [background-preinit] org.hibernate.validator.internal.util.Version - HV000001: Hibernate Validator 6.2.5.Final
2023-09-04 21:03:19.055 INFO  22512 --- [main] com.pg.screen.PowerGridScreenApplication - Starting PowerGridScreenApplication using Java 1.8.0_111 on S2FDLWC0128 with PID 22512 (C:\work\code\2023\wc\visualLargeScreenServe\target\classes started by 71644463 in C:\work\code\2023\wc\visualLargeScreenServe)
2023-09-04 21:03:19.056 DEBUG 22512 --- [main] com.pg.screen.PowerGridScreenApplication - Running with Spring Boot v2.7.8, Spring v5.3.25
2023-09-04 21:03:19.057 INFO  22512 --- [main] com.pg.screen.PowerGridScreenApplication - No active profile set, falling back to 1 default profile: "default"
2023-09-04 21:03:20.961 INFO  22512 --- [main] o.s.boot.web.embedded.tomcat.TomcatWebServer - Tomcat initialized with port(s): 8001 (http)
2023-09-04 21:03:20.971 INFO  22512 --- [main] org.apache.coyote.http11.Http11NioProtocol - Initializing ProtocolHandler ["http-nio-8001"]
2023-09-04 21:03:20.973 INFO  22512 --- [main] org.apache.catalina.core.StandardService - Starting service [Tomcat]
2023-09-04 21:03:20.973 INFO  22512 --- [main] org.apache.catalina.core.StandardEngine - Starting Servlet engine: [Apache Tomcat/9.0.71]
2023-09-04 21:03:21.150 INFO  22512 --- [main] o.a.c.core.ContainerBase.[Tomcat].[localhost].[/] - Initializing Spring embedded WebApplicationContext
2023-09-04 21:03:21.150 INFO  22512 --- [main] o.s.b.w.s.c.ServletWebServerApplicationContext - Root WebApplicationContext: initialization completed in 1977 ms
2023-09-04 21:03:22.963 INFO  22512 --- [main] org.apache.coyote.http11.Http11NioProtocol - Starting ProtocolHandler ["http-nio-8001"]
2023-09-04 21:03:22.983 INFO  22512 --- [main] o.s.boot.web.embedded.tomcat.TomcatWebServer - Tomcat started on port(s): 8001 (http) with context path ''
2023-09-04 21:03:22.995 INFO  22512 --- [main] com.pg.screen.PowerGridScreenApplication - Started PowerGridScreenApplication in 5.243 seconds (JVM running for 8.279)
2023-09-04 21:03:48.311 INFO  22512 --- [http-nio-8001-exec-3] o.a.c.core.ContainerBase.[Tomcat].[localhost].[/] - Initializing Spring DispatcherServlet 'dispatcherServlet'
2023-09-04 21:03:48.311 INFO  22512 --- [http-nio-8001-exec-3] org.springframework.web.servlet.DispatcherServlet - Initializing Servlet 'dispatcherServlet'
2023-09-04 21:03:48.313 INFO  22512 --- [http-nio-8001-exec-3] org.springframework.web.servlet.DispatcherServlet - Completed initialization in 2 ms
2023-09-04 21:03:51.371 INFO  22512 --- [http-nio-8001-exec-3] com.zaxxer.hikari.HikariDataSource - HikariPool-1 - Starting...
2023-09-04 21:03:52.674 INFO  22512 --- [http-nio-8001-exec-3] com.zaxxer.hikari.HikariDataSource - HikariPool-1 - Start completed.
2023-09-04 21:03:52.911 INFO  22512 --- [http-nio-8001-exec-3] mybatis-flex-sql - select * from (select PJTDSJ, PJYTDSJ, PJGZTDSJ, QSSJ, ZZSJ       from DP_GDKKX_ZB       where (SSXQ is null or SSXQ='大连')         and DQTZ = '市中心+市区+城镇+农村'         and QSSJ >= TO_DATE('2023-01-01', 'yyyy-mm-dd')         and ZZSJ <= TO_DATE('2023-09-04', 'yyyy-mm-dd')       order by DP_GDKKX_ZB.QSSJ , ZZSJ desc) where ROWNUM = 1,170ms
2023-09-04 21:03:54.767 INFO  22512 --- [http-nio-8001-exec-3] mybatis-flex-sql - select PJTDSJ, PJYTDSJ, PJGZTDSJ, QSSJ, ZZSJ       from DP_GDKKX_ZB       where (SSXQ is null or SSXQ='大连')         and DQTZ = '市中心+市区+城镇+农村'         and QSSJ >= TO_DATE('2022-01-01', 'yyyy-mm-dd')         and ZZSJ <= TO_DATE('2022-01-01', 'yyyy-mm-dd')       order by DP_GDKKX_ZB.QSSJ , ZZSJ desc,24ms
2023-09-04 21:03:54.819 INFO  22512 --- [http-nio-8001-exec-3] mybatis-flex-sql - select * from (select SSXQ, PJYTDSJ       from DP_GDKKX_ZB       where (SSXQ is not null and SSXQ!='大连')          and DQTZ = '市中心+市区+城镇+农村'         and QSSJ >= TO_DATE('2023-01-01', 'yyyy-mm-dd')         and ZZSJ <= TO_DATE('2023-09-04', 'yyyy-mm-dd')       order by DP_GDKKX_ZB.QSSJ , ZZSJ desc) where ROWNUM <= 13,50ms
2023-09-04 21:03:54.876 INFO  22512 --- [http-nio-8001-exec-3] mybatis-flex-sql - select * from (select SSXQ, PJGZTDSJ       from DP_GDKKX_ZB       where (SSXQ is not null and SSXQ!='大连')          and DQTZ = '市中心+市区+城镇+农村'         and QSSJ >= TO_DATE('2023-01-01', 'yyyy-mm-dd')         and ZZSJ <= TO_DATE('2023-09-04', 'yyyy-mm-dd')       order by DP_GDKKX_ZB.QSSJ , ZZSJ desc) where ROWNUM <= 13,52ms
2023-09-04 21:03:54.878 INFO  22512 --- [http-nio-8001-exec-3] com.pg.screen.common.AspectControllerTimeConsuming - getMeanOutageTime()方法的入参为：[null, null]，返回值为：HttpResult(success=true, message=ok, data=MeanOutageTimeVo(fullAperture=3.0831, prearrangedOutage=0.64, faultOutage=2.44, yearOnYearBasis=0.64, xAxisNameList=[中山, 沙河口, 甘井子, 高新, 金州, 开东, 开发区, 旅顺, 瓦房店, 普兰店, 庄河, 长海, 长兴岛], yAxisNameList=[0.09, 0.11, 0.27, 0.19, 0.17, 0.38, 0.24, 0.18, 0.66, 1.33, 1.73, 1.75, 0.45], y2AxisNameList=[0.22, 0.49, 1.04, 0.92, 3.17, 2.21, 0.28, 1.89, 2.82, 4.52, 3.32, 2.35, 4.09]), code=200)，耗时(ms):492
2023-09-04 21:04:10.790 INFO  22512 --- [http-nio-8001-exec-2] mybatis-flex-sql - select * from (select PJTDSJ, PJYTDSJ, PJGZTDSJ, QSSJ, ZZSJ       from DP_GDKKX_ZB       where (SSXQ is null or SSXQ='大连')         and DQTZ = '市中心+市区+城镇+农村'         and QSSJ >= TO_DATE('2023-01-01', 'yyyy-mm-dd')         and ZZSJ <= TO_DATE('2023-09-04', 'yyyy-mm-dd')       order by DP_GDKKX_ZB.QSSJ , ZZSJ desc) where ROWNUM = 1,32ms
2023-09-04 21:04:10.816 INFO  22512 --- [http-nio-8001-exec-2] mybatis-flex-sql - select PJTDSJ, PJYTDSJ, PJGZTDSJ, QSSJ, ZZSJ       from DP_GDKKX_ZB       where (SSXQ is null or SSXQ='大连')         and DQTZ = '市中心+市区+城镇+农村'         and QSSJ >= TO_DATE('2022-01-01', 'yyyy-mm-dd')         and ZZSJ <= TO_DATE('2022-01-01', 'yyyy-mm-dd')       order by DP_GDKKX_ZB.QSSJ , ZZSJ desc,24ms
2023-09-04 21:04:10.866 INFO  22512 --- [http-nio-8001-exec-2] mybatis-flex-sql - select * from (select SSXQ, PJYTDSJ       from DP_GDKKX_ZB       where (SSXQ is not null and SSXQ!='大连')          and DQTZ = '市中心+市区+城镇+农村'         and QSSJ >= TO_DATE('2023-01-01', 'yyyy-mm-dd')         and ZZSJ <= TO_DATE('2023-09-04', 'yyyy-mm-dd')       order by DP_GDKKX_ZB.QSSJ , ZZSJ desc) where ROWNUM <= 13,49ms
2023-09-04 21:04:10.916 INFO  22512 --- [http-nio-8001-exec-2] mybatis-flex-sql - select * from (select SSXQ, PJGZTDSJ       from DP_GDKKX_ZB       where (SSXQ is not null and SSXQ!='大连')          and DQTZ = '市中心+市区+城镇+农村'         and QSSJ >= TO_DATE('2023-01-01', 'yyyy-mm-dd')         and ZZSJ <= TO_DATE('2023-09-04', 'yyyy-mm-dd')       order by DP_GDKKX_ZB.QSSJ , ZZSJ desc) where ROWNUM <= 13,49ms
2023-09-04 21:04:10.918 INFO  22512 --- [http-nio-8001-exec-2] com.pg.screen.common.AspectControllerTimeConsuming - getMeanOutageTime()方法的入参为：[null, null]，返回值为：HttpResult(success=true, message=ok, data=MeanOutageTimeVo(fullAperture=3.0831, prearrangedOutage=0.64, faultOutage=2.44, yearOnYearBasis=0.64, xAxisNameList=[中山, 沙河口, 甘井子, 高新, 金州, 开东, 开发区, 旅顺, 瓦房店, 普兰店, 庄河, 长海, 长兴岛], yAxisNameList=[0.09, 0.11, 0.27, 0.19, 0.17, 0.38, 0.24, 0.18, 0.66, 1.33, 1.73, 1.75, 0.45], y2AxisNameList=[0.22, 0.49, 1.04, 0.92, 3.17, 2.21, 0.28, 1.89, 2.82, 4.52, 3.32, 2.35, 4.09]), code=200)，耗时(ms):185
2023-09-04 21:16:59.618 WARN  22512 --- [http-nio-8001-exec-6] com.zaxxer.hikari.pool.PoolBase - HikariPool-1 - Failed to validate connection oracle.jdbc.driver.T4CConnection@2bfffe7b (IO 错误: Invalid Operation, NOT Connected). Possibly consider using a shorter maxLifetime value.
2023-09-04 21:17:04.624 WARN  22512 --- [http-nio-8001-exec-6] com.zaxxer.hikari.pool.PoolBase - HikariPool-1 - Failed to validate connection oracle.jdbc.driver.T4CConnection@afc9416 (IO 错误: Invalid Operation, NOT Connected). Possibly consider using a shorter maxLifetime value.
2023-09-04 21:17:31.154 WARN  22512 --- [http-nio-8001-exec-7] com.zaxxer.hikari.pool.PoolBase - HikariPool-1 - Failed to validate connection oracle.jdbc.driver.T4CConnection@7a40f36a (IO 错误: Invalid Operation, NOT Connected). Possibly consider using a shorter maxLifetime value.
2023-09-04 21:17:36.168 WARN  22512 --- [http-nio-8001-exec-7] com.zaxxer.hikari.pool.PoolBase - HikariPool-1 - Failed to validate connection oracle.jdbc.driver.T4CConnection@2b5261f0 (IO 错误: Invalid Operation, NOT Connected). Possibly consider using a shorter maxLifetime value.
2023-09-04 21:18:09.749 WARN  22512 --- [http-nio-8001-exec-8] com.zaxxer.hikari.pool.PoolBase - HikariPool-1 - Failed to validate connection oracle.jdbc.driver.T4CConnection@612587f7 (IO 错误: Invalid Operation, NOT Connected). Possibly consider using a shorter maxLifetime value.
2023-09-04 21:18:14.759 WARN  22512 --- [http-nio-8001-exec-8] com.zaxxer.hikari.pool.PoolBase - HikariPool-1 - Failed to validate connection oracle.jdbc.driver.T4CConnection@6ebbc2e9 (IO 错误: Invalid Operation, NOT Connected). Possibly consider using a shorter maxLifetime value.
2023-09-04 21:18:40.512 WARN  22512 --- [http-nio-8001-exec-10] com.zaxxer.hikari.pool.PoolBase - HikariPool-1 - Failed to validate connection oracle.jdbc.driver.T4CConnection@387681f5 (IO 错误: Invalid Operation, NOT Connected). Possibly consider using a shorter maxLifetime value.
2023-09-04 21:18:40.533 INFO  22512 --- [SpringApplicationShutdownHook] com.zaxxer.hikari.HikariDataSource - HikariPool-1 - Shutdown initiated...
2023-09-04 21:18:40.774 WARN  22512 --- [http-nio-8001-exec-10] com.zaxxer.hikari.pool.PoolBase - HikariPool-1 - Failed to validate connection oracle.jdbc.driver.T4CConnection@5bbdf6c9 (IO 错误: Invalid Operation, NOT Connected). Possibly consider using a shorter maxLifetime value.
2023-09-04 21:18:42.417 WARN  22512 --- [http-nio-8001-exec-10] o.s.w.s.m.m.a.ExceptionHandlerExceptionResolver - Failure in @ExceptionHandler com.pg.screen.common.ExceptionAdviceController#exceptionHandler(Exception)
org.apache.catalina.connector.ClientAbortException: java.nio.channels.ClosedChannelException
	at org.apache.catalina.connector.OutputBuffer.realWriteBytes(OutputBuffer.java:353)
	at org.apache.catalina.connector.OutputBuffer.flushByteBuffer(OutputBuffer.java:784)
	at org.apache.catalina.connector.OutputBuffer.doFlush(OutputBuffer.java:299)
	at org.apache.catalina.connector.OutputBuffer.flush(OutputBuffer.java:273)
	at org.apache.catalina.connector.CoyoteOutputStream.flush(CoyoteOutputStream.java:118)
	at java.io.FilterOutputStream.flush(FilterOutputStream.java:140)
	at com.fasterxml.jackson.core.json.UTF8JsonGenerator.flush(UTF8JsonGenerator.java:1187)
	at com.fasterxml.jackson.databind.ObjectWriter.writeValue(ObjectWriter.java:1009)
	at org.springframework.http.converter.json.AbstractJackson2HttpMessageConverter.writeInternal(AbstractJackson2HttpMessageConverter.java:456)
	at org.springframework.http.converter.AbstractGenericHttpMessageConverter.write(AbstractGenericHttpMessageConverter.java:104)
	at org.springframework.web.servlet.mvc.method.annotation.AbstractMessageConverterMethodProcessor.writeWithMessageConverters(AbstractMessageConverterMethodProcessor.java:290)
	at org.springframework.web.servlet.mvc.method.annotation.RequestResponseBodyMethodProcessor.handleReturnValue(RequestResponseBodyMethodProcessor.java:183)
	at org.springframework.web.method.support.HandlerMethodReturnValueHandlerComposite.handleReturnValue(HandlerMethodReturnValueHandlerComposite.java:78)
	at org.springframework.web.servlet.mvc.method.annotation.ServletInvocableHandlerMethod.invokeAndHandle(ServletInvocableHandlerMethod.java:135)
	at org.springframework.web.servlet.mvc.method.annotation.ExceptionHandlerExceptionResolver.doResolveHandlerMethodException(ExceptionHandlerExceptionResolver.java:428)
	at org.springframework.web.servlet.handler.AbstractHandlerMethodExceptionResolver.doResolveException(AbstractHandlerMethodExceptionResolver.java:75)
	at org.springframework.web.servlet.handler.AbstractHandlerExceptionResolver.resolveException(AbstractHandlerExceptionResolver.java:142)
	at org.springframework.web.servlet.handler.HandlerExceptionResolverComposite.resolveException(HandlerExceptionResolverComposite.java:80)
	at org.springframework.web.servlet.DispatcherServlet.processHandlerException(DispatcherServlet.java:1331)
	at org.springframework.web.servlet.DispatcherServlet.processDispatchResult(DispatcherServlet.java:1142)
	at org.springframework.web.servlet.DispatcherServlet.doDispatch(DispatcherServlet.java:1088)
	at org.springframework.web.servlet.DispatcherServlet.doService(DispatcherServlet.java:964)
	at org.springframework.web.servlet.FrameworkServlet.processRequest(FrameworkServlet.java:1006)
	at org.springframework.web.servlet.FrameworkServlet.doGet(FrameworkServlet.java:898)
	at javax.servlet.http.HttpServlet.service(HttpServlet.java:670)
	at org.springframework.web.servlet.FrameworkServlet.service(FrameworkServlet.java:883)
	at javax.servlet.http.HttpServlet.service(HttpServlet.java:779)
	at org.apache.catalina.core.ApplicationFilterChain.internalDoFilter(ApplicationFilterChain.java:227)
	at org.apache.catalina.core.ApplicationFilterChain.doFilter(ApplicationFilterChain.java:162)
	at org.apache.tomcat.websocket.server.WsFilter.doFilter(WsFilter.java:53)
	at org.apache.catalina.core.ApplicationFilterChain.internalDoFilter(ApplicationFilterChain.java:189)
	at org.apache.catalina.core.ApplicationFilterChain.doFilter(ApplicationFilterChain.java:162)
	at org.springframework.web.filter.CharacterEncodingFilter.doFilterInternal(CharacterEncodingFilter.java:201)
	at org.springframework.web.filter.OncePerRequestFilter.doFilter(OncePerRequestFilter.java:117)
	at org.apache.catalina.core.ApplicationFilterChain.internalDoFilter(ApplicationFilterChain.java:189)
	at org.apache.catalina.core.ApplicationFilterChain.doFilter(ApplicationFilterChain.java:162)
	at com.pg.screen.config.CorsConfig.doFilter(CorsConfig.java:33)
	at org.apache.catalina.core.ApplicationFilterChain.internalDoFilter(ApplicationFilterChain.java:189)
	at org.apache.catalina.core.ApplicationFilterChain.doFilter(ApplicationFilterChain.java:162)
	at org.apache.catalina.core.StandardWrapperValve.invoke(StandardWrapperValve.java:177)
	at org.apache.catalina.core.StandardContextValve.invoke(StandardContextValve.java:97)
	at org.apache.catalina.authenticator.AuthenticatorBase.invoke(AuthenticatorBase.java:541)
	at org.apache.catalina.core.StandardHostValve.invoke(StandardHostValve.java:135)
	at org.apache.catalina.valves.ErrorReportValve.invoke(ErrorReportValve.java:92)
	at org.apache.catalina.core.StandardEngineValve.invoke(StandardEngineValve.java:78)
	at org.apache.catalina.connector.CoyoteAdapter.service(CoyoteAdapter.java:360)
	at org.apache.coyote.http11.Http11Processor.service(Http11Processor.java:399)
	at org.apache.coyote.AbstractProcessorLight.process(AbstractProcessorLight.java:65)
	at org.apache.coyote.AbstractProtocol$ConnectionHandler.process(AbstractProtocol.java:891)
	at org.apache.tomcat.util.net.NioEndpoint$SocketProcessor.doRun(NioEndpoint.java:1784)
	at org.apache.tomcat.util.net.SocketProcessorBase.run(SocketProcessorBase.java:49)
	at org.apache.tomcat.util.threads.ThreadPoolExecutor.runWorker(ThreadPoolExecutor.java:1191)
	at org.apache.tomcat.util.threads.ThreadPoolExecutor$Worker.run(ThreadPoolExecutor.java:659)
	at org.apache.tomcat.util.threads.TaskThread$WrappingRunnable.run(TaskThread.java:61)
	at java.lang.Thread.run(Thread.java:745)
Caused by: java.nio.channels.ClosedChannelException: null
	at org.apache.tomcat.util.net.NioEndpoint$NioSocketWrapper.doWrite(NioEndpoint.java:1390)
	at org.apache.tomcat.util.net.SocketWrapperBase.doWrite(SocketWrapperBase.java:768)
	at org.apache.tomcat.util.net.SocketWrapperBase.writeBlocking(SocketWrapperBase.java:593)
	at org.apache.tomcat.util.net.SocketWrapperBase.write(SocketWrapperBase.java:537)
	at org.apache.coyote.http11.Http11OutputBuffer$SocketOutputBuffer.doWrite(Http11OutputBuffer.java:547)
	at org.apache.coyote.http11.filters.ChunkedOutputFilter.doWrite(ChunkedOutputFilter.java:110)
	at org.apache.coyote.http11.Http11OutputBuffer.doWrite(Http11OutputBuffer.java:194)
	at org.apache.coyote.Response.doWrite(Response.java:615)
	at org.apache.catalina.connector.OutputBuffer.realWriteBytes(OutputBuffer.java:340)
	... 54 common frames omitted
2023-09-04 21:18:50.785 INFO  22512 --- [SpringApplicationShutdownHook] com.zaxxer.hikari.HikariDataSource - HikariPool-1 - Shutdown completed.
2023-09-04 21:18:57.365 INFO  21328 --- [main] com.pg.screen.PowerGridScreenApplication - Starting PowerGridScreenApplication using Java 1.8.0_111 on S2FDLWC0128 with PID 21328 (C:\work\code\2023\wc\visualLargeScreenServe\target\classes started by 71644463 in C:\work\code\2023\wc\visualLargeScreenServe)
2023-09-04 21:18:57.364 INFO  21328 --- [background-preinit] org.hibernate.validator.internal.util.Version - HV000001: Hibernate Validator 6.2.5.Final
2023-09-04 21:18:57.369 DEBUG 21328 --- [main] com.pg.screen.PowerGridScreenApplication - Running with Spring Boot v2.7.8, Spring v5.3.25
2023-09-04 21:18:57.371 INFO  21328 --- [main] com.pg.screen.PowerGridScreenApplication - No active profile set, falling back to 1 default profile: "default"
2023-09-04 21:18:59.846 INFO  21328 --- [main] o.s.boot.web.embedded.tomcat.TomcatWebServer - Tomcat initialized with port(s): 8001 (http)
2023-09-04 21:18:59.856 INFO  21328 --- [main] org.apache.coyote.http11.Http11NioProtocol - Initializing ProtocolHandler ["http-nio-8001"]
2023-09-04 21:18:59.857 INFO  21328 --- [main] org.apache.catalina.core.StandardService - Starting service [Tomcat]
2023-09-04 21:18:59.857 INFO  21328 --- [main] org.apache.catalina.core.StandardEngine - Starting Servlet engine: [Apache Tomcat/9.0.71]
2023-09-04 21:19:00.060 INFO  21328 --- [main] o.a.c.core.ContainerBase.[Tomcat].[localhost].[/] - Initializing Spring embedded WebApplicationContext
2023-09-04 21:19:00.060 INFO  21328 --- [main] o.s.b.w.s.c.ServletWebServerApplicationContext - Root WebApplicationContext: initialization completed in 2595 ms
2023-09-04 21:19:03.005 INFO  21328 --- [main] org.apache.coyote.http11.Http11NioProtocol - Starting ProtocolHandler ["http-nio-8001"]
2023-09-04 21:19:03.056 INFO  21328 --- [main] o.s.boot.web.embedded.tomcat.TomcatWebServer - Tomcat started on port(s): 8001 (http) with context path ''
2023-09-04 21:19:03.080 INFO  21328 --- [main] com.pg.screen.PowerGridScreenApplication - Started PowerGridScreenApplication in 6.51 seconds (JVM running for 8.31)
2023-09-04 21:19:06.513 INFO  21328 --- [http-nio-8001-exec-1] o.a.c.core.ContainerBase.[Tomcat].[localhost].[/] - Initializing Spring DispatcherServlet 'dispatcherServlet'
2023-09-04 21:19:06.514 INFO  21328 --- [http-nio-8001-exec-1] org.springframework.web.servlet.DispatcherServlet - Initializing Servlet 'dispatcherServlet'
2023-09-04 21:19:06.516 INFO  21328 --- [http-nio-8001-exec-1] org.springframework.web.servlet.DispatcherServlet - Completed initialization in 2 ms
2023-09-04 21:19:08.867 INFO  21328 --- [http-nio-8001-exec-1] com.zaxxer.hikari.HikariDataSource - HikariPool-1 - Starting...
2023-09-04 21:19:12.177 INFO  21328 --- [http-nio-8001-exec-1] com.zaxxer.hikari.HikariDataSource - HikariPool-1 - Start completed.
2023-09-04 21:19:12.384 INFO  21328 --- [http-nio-8001-exec-1] mybatis-flex-sql - SELECT * FROM (       SELECT DFWTDSHS, QSSJ, ZZSJ        FROM DP_DFWTD        WHERE QSSJ >= TO_DATE('2023-01-01', 'yyyy-MM-dd')              AND ZZSJ <= TO_DATE('2023-09-04', 'yyyy-MM-dd')              AND DQTZ = '市中心,市区,城镇,农村'              AND DWMC = '大连'       ORDER BY ZZSJ DESC , QSSJ ) WHERE ROWNUM = 1,137ms
2023-09-04 21:19:15.556 INFO  21328 --- [http-nio-8001-exec-1] mybatis-flex-sql - SELECT * FROM (       SELECT DFWTDSHS, QSSJ, ZZSJ        FROM DP_DFWTD        WHERE QSSJ >= TO_DATE('2023-01-01', 'yyyy-MM-dd')              AND ZZSJ <= TO_DATE('2023-09-04', 'yyyy-MM-dd')              AND DQTZ = '市中心,市区,城镇,农村'              AND DWMC = '大连'       ORDER BY ZZSJ DESC , QSSJ DESC ) WHERE ROWNUM = 1,32ms
2023-09-04 21:19:15.617 INFO  21328 --- [http-nio-8001-exec-1] mybatis-flex-sql - select * from (       select DWMC,DFWTDSHS        from DP_DFWTD        where QSSJ >= to_date('2023-01-01','yyyy-mm-dd')              and ZZSJ <= to_date('2023-09-04','yyyy-mm-dd')              and DQTZ = '市中心,市区,城镇,农村' and DWMC <> '大连'        order by ZZSJ desc , QSSJ  ) WHERE ROWNUM <= 13,59ms
2023-09-04 21:19:20.215 INFO  21328 --- [http-nio-8001-exec-1] mybatis-flex-sql - select * from (       select DWMC,DFWTDSHS        from DP_DFWTD        where QSSJ >= to_date('2023-01-01','yyyy-mm-dd')              and ZZSJ <= to_date('2023-09-04','yyyy-mm-dd')              and DQTZ = '市中心,市区,城镇,农村' and DWMC <> '大连'        order by ZZSJ desc , QSSJ DESC  ) WHERE ROWNUM <= 13,63ms
2023-09-04 21:19:20.216 INFO  21328 --- [http-nio-8001-exec-1] com.pg.screen.common.AspectControllerTimeConsuming - getExtensivePowerOutageSituation()方法的入参为：[null, null]，返回值为：HttpResult(success=true, message=ok, data=ExtensivePowerOutageSituationVo(annualAccumulation=70221.578, happenThisWeek=349.131, happenThisWeekPercent=0, xAxisNameList=[中山, 沙河口, 甘井子, 高新, 金州, 开东, 开发区, 旅顺, 瓦房店, 普兰店, 庄河, 长海, 长兴岛], yAxisNameList=[0.0, 0.0, 903.28, 483.005, 8284.347, 1639.932, 0.0, 0.0, 16267.568, 22645.111, 16040.785, 2327.759, 1629.791], y2AxisNameList=[0.0, 0.0, 0.0, 0.0, 0.0, 0.0, 0.0, 0.0, 0.0, 0.0, 0.0, 0.0, 0.0]), code=200)，耗时(ms):551
2023-09-04 21:20:45.357 INFO  21328 --- [http-nio-8001-exec-5] mybatis-flex-sql - SELECT * FROM (       SELECT DFWTDSHS, QSSJ, ZZSJ        FROM DP_DFWTD        WHERE QSSJ >= TO_DATE('2023-01-01', 'yyyy-MM-dd')              AND ZZSJ <= TO_DATE('2023-09-04', 'yyyy-MM-dd')              AND DQTZ = '市中心,市区,城镇,农村'              AND DWMC = '大连'       ORDER BY ZZSJ DESC , QSSJ ) WHERE ROWNUM = 1,34ms
2023-09-04 21:20:47.868 INFO  21328 --- [http-nio-8001-exec-5] mybatis-flex-sql - SELECT * FROM (       SELECT DFWTDSHS, QSSJ, ZZSJ        FROM DP_DFWTD        WHERE QSSJ >= TO_DATE('2023-01-01', 'yyyy-MM-dd')              AND ZZSJ <= TO_DATE('2023-09-04', 'yyyy-MM-dd')              AND DQTZ = '市中心,市区,城镇,农村'              AND DWMC = '大连'       ORDER BY ZZSJ DESC , QSSJ DESC ) WHERE ROWNUM = 1,29ms
2023-09-04 21:20:47.926 INFO  21328 --- [http-nio-8001-exec-5] mybatis-flex-sql - select * from (       select DWMC,DFWTDSHS        from DP_DFWTD        where QSSJ >= to_date('2023-01-01','yyyy-mm-dd')              and ZZSJ <= to_date('2023-09-04','yyyy-mm-dd')              and DQTZ = '市中心,市区,城镇,农村' and DWMC <> '大连'        order by ZZSJ desc , QSSJ  ) WHERE ROWNUM <= 13,57ms
2023-09-04 21:20:47.990 INFO  21328 --- [http-nio-8001-exec-5] mybatis-flex-sql - select * from (       select DWMC,DFWTDSHS        from DP_DFWTD        where QSSJ >= to_date('2023-01-01','yyyy-mm-dd')              and ZZSJ <= to_date('2023-09-04','yyyy-mm-dd')              and DQTZ = '市中心,市区,城镇,农村' and DWMC <> '大连'        order by ZZSJ desc , QSSJ DESC  ) WHERE ROWNUM <= 13,59ms
2023-09-04 21:20:47.990 INFO  21328 --- [http-nio-8001-exec-5] com.pg.screen.common.AspectControllerTimeConsuming - getExtensivePowerOutageSituation()方法的入参为：[null, null]，返回值为：HttpResult(success=true, message=ok, data=ExtensivePowerOutageSituationVo(annualAccumulation=70221.578, happenThisWeek=349.131, happenThisWeekPercent=0, xAxisNameList=[中山, 沙河口, 甘井子, 高新, 金州, 开东, 开发区, 旅顺, 瓦房店, 普兰店, 庄河, 长海, 长兴岛], yAxisNameList=[0.0, 0.0, 903.28, 483.005, 8284.347, 1639.932, 0.0, 0.0, 16267.568, 22645.111, 16040.785, 2327.759, 1629.791], y2AxisNameList=[0.0, 0.0, 0.0, 0.0, 0.0, 0.0, 0.0, 0.0, 0.0, 0.0, 0.0, 0.0, 0.0]), code=200)，耗时(ms):982
2023-09-04 21:29:51.077 WARN  21328 --- [http-nio-8001-exec-8] com.zaxxer.hikari.pool.PoolBase - HikariPool-1 - Failed to validate connection oracle.jdbc.driver.T4CConnection@3d2da0da (IO 错误: Invalid Operation, NOT Connected). Possibly consider using a shorter maxLifetime value.
2023-09-04 21:29:56.086 WARN  21328 --- [http-nio-8001-exec-8] com.zaxxer.hikari.pool.PoolBase - HikariPool-1 - Failed to validate connection oracle.jdbc.driver.T4CConnection@45c40a4d (IO 错误: Invalid Operation, NOT Connected). Possibly consider using a shorter maxLifetime value.
2023-09-04 21:29:56.204 INFO  21328 --- [SpringApplicationShutdownHook] com.zaxxer.hikari.HikariDataSource - HikariPool-1 - Shutdown initiated...
2023-09-04 21:30:06.216 INFO  21328 --- [SpringApplicationShutdownHook] com.zaxxer.hikari.HikariDataSource - HikariPool-1 - Shutdown completed.
2023-09-04 21:30:10.155 INFO  7868 --- [background-preinit] org.hibernate.validator.internal.util.Version - HV000001: Hibernate Validator 6.2.5.Final
2023-09-04 21:30:10.165 INFO  7868 --- [main] com.pg.screen.PowerGridScreenApplication - Starting PowerGridScreenApplication using Java 1.8.0_111 on S2FDLWC0128 with PID 7868 (C:\work\code\2023\wc\visualLargeScreenServe\target\classes started by 71644463 in C:\work\code\2023\wc\visualLargeScreenServe)
2023-09-04 21:30:10.165 DEBUG 7868 --- [main] com.pg.screen.PowerGridScreenApplication - Running with Spring Boot v2.7.8, Spring v5.3.25
2023-09-04 21:30:10.166 INFO  7868 --- [main] com.pg.screen.PowerGridScreenApplication - No active profile set, falling back to 1 default profile: "default"
2023-09-04 21:30:11.403 INFO  7868 --- [main] o.s.boot.web.embedded.tomcat.TomcatWebServer - Tomcat initialized with port(s): 8001 (http)
2023-09-04 21:30:11.411 INFO  7868 --- [main] org.apache.coyote.http11.Http11NioProtocol - Initializing ProtocolHandler ["http-nio-8001"]
2023-09-04 21:30:11.411 INFO  7868 --- [main] org.apache.catalina.core.StandardService - Starting service [Tomcat]
2023-09-04 21:30:11.411 INFO  7868 --- [main] org.apache.catalina.core.StandardEngine - Starting Servlet engine: [Apache Tomcat/9.0.71]
2023-09-04 21:30:11.534 INFO  7868 --- [main] o.a.c.core.ContainerBase.[Tomcat].[localhost].[/] - Initializing Spring embedded WebApplicationContext
2023-09-04 21:30:11.534 INFO  7868 --- [main] o.s.b.w.s.c.ServletWebServerApplicationContext - Root WebApplicationContext: initialization completed in 1319 ms
2023-09-04 21:30:13.032 INFO  7868 --- [main] org.apache.coyote.http11.Http11NioProtocol - Starting ProtocolHandler ["http-nio-8001"]
2023-09-04 21:30:13.060 INFO  7868 --- [main] o.s.boot.web.embedded.tomcat.TomcatWebServer - Tomcat started on port(s): 8001 (http) with context path ''
2023-09-04 21:30:13.070 INFO  7868 --- [main] com.pg.screen.PowerGridScreenApplication - Started PowerGridScreenApplication in 3.625 seconds (JVM running for 5.596)
2023-09-04 21:30:43.389 INFO  7868 --- [http-nio-8001-exec-2] o.a.c.core.ContainerBase.[Tomcat].[localhost].[/] - Initializing Spring DispatcherServlet 'dispatcherServlet'
2023-09-04 21:30:43.390 INFO  7868 --- [http-nio-8001-exec-2] org.springframework.web.servlet.DispatcherServlet - Initializing Servlet 'dispatcherServlet'
2023-09-04 21:30:43.392 INFO  7868 --- [http-nio-8001-exec-2] org.springframework.web.servlet.DispatcherServlet - Completed initialization in 2 ms
2023-09-04 21:30:47.770 INFO  7868 --- [http-nio-8001-exec-2] com.zaxxer.hikari.HikariDataSource - HikariPool-1 - Starting...
2023-09-04 21:30:48.738 INFO  7868 --- [http-nio-8001-exec-2] com.zaxxer.hikari.HikariDataSource - HikariPool-1 - Start completed.
2023-09-04 21:30:48.916 INFO  7868 --- [http-nio-8001-exec-2] mybatis-flex-sql - SELECT * FROM (       SELECT DFWTDSHS, QSSJ, ZZSJ        FROM DP_DFWTD        WHERE QSSJ >= TO_DATE('2023-01-01', 'yyyy-MM-dd')              AND ZZSJ <= TO_DATE('2023-09-04', 'yyyy-MM-dd')              AND DQTZ = '市中心,市区,城镇,农村'              AND DWMC = '大连'       ORDER BY ZZSJ DESC , QSSJ ) WHERE ROWNUM = 1,113ms
2023-09-04 21:30:50.472 INFO  7868 --- [http-nio-8001-exec-2] mybatis-flex-sql - SELECT * FROM (       SELECT DFWTDSHS, QSSJ, ZZSJ        FROM DP_DFWTD        WHERE QSSJ >= TO_DATE('2023-01-01', 'yyyy-MM-dd')              AND ZZSJ <= TO_DATE('2023-09-04', 'yyyy-MM-dd')              AND DQTZ = '市中心,市区,城镇,农村'              AND DWMC = '大连'       ORDER BY ZZSJ DESC , QSSJ DESC ) WHERE ROWNUM = 1,28ms
2023-09-04 21:30:50.526 INFO  7868 --- [http-nio-8001-exec-2] mybatis-flex-sql - select * from (       select DWMC,DFWTDSHS        from DP_DFWTD        where QSSJ >= to_date('2023-01-01','yyyy-mm-dd')              and ZZSJ <= to_date('2023-09-04','yyyy-mm-dd')              and DQTZ = '市中心,市区,城镇,农村' and DWMC <> '大连'        order by ZZSJ desc , QSSJ  ) WHERE ROWNUM <= 13,50ms
2023-09-04 21:31:09.396 INFO  7868 --- [http-nio-8001-exec-3] mybatis-flex-sql - SELECT * FROM (       SELECT DFWTDSHS, QSSJ, ZZSJ        FROM DP_DFWTD        WHERE QSSJ >= TO_DATE('2023-01-01', 'yyyy-MM-dd')              AND ZZSJ <= TO_DATE('2023-09-04', 'yyyy-MM-dd')              AND DQTZ = '市中心,市区,城镇,农村'              AND DWMC = '大连'       ORDER BY ZZSJ DESC , QSSJ ) WHERE ROWNUM = 1,26ms
2023-09-04 21:31:10.957 INFO  7868 --- [http-nio-8001-exec-3] mybatis-flex-sql - SELECT * FROM (       SELECT DFWTDSHS, QSSJ, ZZSJ        FROM DP_DFWTD        WHERE QSSJ >= TO_DATE('2023-01-01', 'yyyy-MM-dd')              AND ZZSJ <= TO_DATE('2023-09-04', 'yyyy-MM-dd')              AND DQTZ = '市中心,市区,城镇,农村'              AND DWMC = '大连'       ORDER BY ZZSJ DESC , QSSJ DESC ) WHERE ROWNUM = 1,31ms
2023-09-04 21:31:11.008 INFO  7868 --- [http-nio-8001-exec-3] mybatis-flex-sql - select * from (       select DWMC,DFWTDSHS        from DP_DFWTD        where QSSJ >= to_date('2023-01-01','yyyy-mm-dd')              and ZZSJ <= to_date('2023-09-04','yyyy-mm-dd')              and DQTZ = '市中心,市区,城镇,农村' and DWMC <> '大连'        order by ZZSJ desc , QSSJ  ) WHERE ROWNUM <= 13,50ms
2023-09-04 21:32:22.524 INFO  7868 --- [http-nio-8001-exec-4] mybatis-flex-sql - SELECT * FROM (       SELECT DFWTDSHS, QSSJ, ZZSJ        FROM DP_DFWTD        WHERE QSSJ >= TO_DATE('2023-01-01', 'yyyy-MM-dd')              AND ZZSJ <= TO_DATE('2023-09-04', 'yyyy-MM-dd')              AND DQTZ = '市中心,市区,城镇,农村'              AND DWMC = '大连'       ORDER BY ZZSJ DESC , QSSJ ) WHERE ROWNUM = 1,25ms
2023-09-04 21:32:35.486 INFO  7868 --- [http-nio-8001-exec-4] mybatis-flex-sql - SELECT * FROM (       SELECT DFWTDSHS, QSSJ, ZZSJ        FROM DP_DFWTD        WHERE QSSJ >= TO_DATE('2023-01-01', 'yyyy-MM-dd')              AND ZZSJ <= TO_DATE('2023-09-04', 'yyyy-MM-dd')              AND DQTZ = '市中心,市区,城镇,农村'              AND DWMC = '大连'       ORDER BY ZZSJ DESC , QSSJ DESC ) WHERE ROWNUM = 1,62ms
2023-09-04 21:32:35.564 INFO  7868 --- [http-nio-8001-exec-4] mybatis-flex-sql - select * from (       select DWMC,DFWTDSHS        from DP_DFWTD        where QSSJ >= to_date('2023-01-01','yyyy-mm-dd')              and ZZSJ <= to_date('2023-09-04','yyyy-mm-dd')              and DQTZ = '市中心,市区,城镇,农村' and DWMC <> '大连'        order by ZZSJ desc , QSSJ  ) WHERE ROWNUM <= 13,77ms
2023-09-04 21:33:39.884 WARN  7868 --- [HikariPool-1 housekeeper] com.zaxxer.hikari.pool.HikariPool - HikariPool-1 - Thread starvation or clock leap detected (housekeeper delta=1m5s384ms643µs500ns).
2023-09-04 21:33:44.459 INFO  7868 --- [http-nio-8001-exec-5] mybatis-flex-sql - SELECT * FROM (       SELECT DFWTDSHS, QSSJ, ZZSJ        FROM DP_DFWTD        WHERE QSSJ >= TO_DATE('2023-01-01', 'yyyy-MM-dd')              AND ZZSJ <= TO_DATE('2023-09-04', 'yyyy-MM-dd')              AND DQTZ = '市中心,市区,城镇,农村'              AND DWMC = '大连'       ORDER BY ZZSJ DESC , QSSJ ) WHERE ROWNUM = 1,24ms
2023-09-04 21:33:44.486 INFO  7868 --- [http-nio-8001-exec-5] mybatis-flex-sql - SELECT * FROM (       SELECT DFWTDSHS, QSSJ, ZZSJ        FROM DP_DFWTD        WHERE QSSJ >= TO_DATE('2023-01-01', 'yyyy-MM-dd')              AND ZZSJ <= TO_DATE('2023-09-04', 'yyyy-MM-dd')              AND DQTZ = '市中心,市区,城镇,农村'              AND DWMC = '大连'       ORDER BY ZZSJ DESC , QSSJ DESC ) WHERE ROWNUM = 1,25ms
2023-09-04 21:33:44.545 INFO  7868 --- [http-nio-8001-exec-5] mybatis-flex-sql - select * from (       select DWMC,DFWTDSHS        from DP_DFWTD        where QSSJ >= to_date('2023-01-01','yyyy-mm-dd')              and ZZSJ <= to_date('2023-09-04','yyyy-mm-dd')              and DQTZ = '市中心,市区,城镇,农村' and DWMC <> '大连'        order by ZZSJ desc , QSSJ  ) WHERE ROWNUM <= 13,58ms
2023-09-04 21:33:44.604 INFO  7868 --- [http-nio-8001-exec-5] mybatis-flex-sql - select * from (       select DWMC,DFWTDSHS        from DP_DFWTD        where QSSJ >= to_date('2023-01-01','yyyy-mm-dd')              and ZZSJ <= to_date('2023-09-04','yyyy-mm-dd')              and DQTZ = '市中心,市区,城镇,农村' and DWMC <> '大连'        order by ZZSJ desc , QSSJ DESC  ) WHERE ROWNUM <= 13,56ms
2023-09-04 21:33:44.606 INFO  7868 --- [http-nio-8001-exec-5] com.pg.screen.common.AspectControllerTimeConsuming - getExtensivePowerOutageSituation()方法的入参为：[null, null]，返回值为：HttpResult(success=true, message=ok, data=ExtensivePowerOutageSituationVo(annualAccumulation=71394.681, happenThisWeek=1173.103, happenThisWeekPercent=2, xAxisNameList=[中山, 沙河口, 甘井子, 高新, 金州, 开东, 开发区, 旅顺, 瓦房店, 普兰店, 庄河, 长海, 长兴岛], yAxisNameList=[0.0, 0.0, 903.28, 483.005, 8284.347, 1639.932, 0.0, 0.0, 16267.568, 23448.956, 16410.043, 2327.759, 1629.791], y2AxisNameList=[0.0, 0.0, 0.0, 0.0, 0.0, 0.0, 0.0, 0.0, 0.0, 0.0, 0.0, 0.0, 0.0]), code=200)，耗时(ms):198
