2023-09-02 14:00:24.171 INFO  4252 --- [background-preinit] org.hibernate.validator.internal.util.Version - HV000001: Hibernate Validator 6.2.5.Final
2023-09-02 14:00:24.186 INFO  4252 --- [main] com.pg.screen.PowerGridScreenApplication - Starting PowerGridScreenApplication using Java 1.8.0_111 on S2FDLWC0128 with PID 4252 (C:\work\code\2023\wc\visualLargeScreenServe\target\classes started by 71644463 in C:\work\code\2023\wc\visualLargeScreenServe)
2023-09-02 14:00:24.186 DEBUG 4252 --- [main] com.pg.screen.PowerGridScreenApplication - Running with Spring Boot v2.7.8, Spring v5.3.25
2023-09-02 14:00:24.186 INFO  4252 --- [main] com.pg.screen.PowerGridScreenApplication - No active profile set, falling back to 1 default profile: "default"
2023-09-02 14:00:27.269 INFO  4252 --- [main] o.s.boot.web.embedded.tomcat.TomcatWebServer - Tomcat initialized with port(s): 8001 (http)
2023-09-02 14:00:27.285 INFO  4252 --- [main] org.apache.coyote.http11.Http11NioProtocol - Initializing ProtocolHandler ["http-nio-8001"]
2023-09-02 14:00:27.285 INFO  4252 --- [main] org.apache.catalina.core.StandardService - Starting service [Tomcat]
2023-09-02 14:00:27.285 INFO  4252 --- [main] org.apache.catalina.core.StandardEngine - Starting Servlet engine: [Apache Tomcat/9.0.71]
2023-09-02 14:00:27.505 INFO  4252 --- [main] o.a.c.core.ContainerBase.[Tomcat].[localhost].[/] - Initializing Spring embedded WebApplicationContext
2023-09-02 14:00:27.506 INFO  4252 --- [main] o.s.b.w.s.c.ServletWebServerApplicationContext - Root WebApplicationContext: initialization completed in 3220 ms
2023-09-02 14:00:29.404 INFO  4252 --- [main] org.apache.coyote.http11.Http11NioProtocol - Starting ProtocolHandler ["http-nio-8001"]
2023-09-02 14:00:29.439 INFO  4252 --- [main] o.s.boot.web.embedded.tomcat.TomcatWebServer - Tomcat started on port(s): 8001 (http) with context path ''
2023-09-02 14:00:29.451 INFO  4252 --- [main] com.pg.screen.PowerGridScreenApplication - Started PowerGridScreenApplication in 6.462 seconds (JVM running for 8.909)
2023-09-02 14:05:46.969 INFO  4252 --- [http-nio-8001-exec-2] o.a.c.core.ContainerBase.[Tomcat].[localhost].[/] - Initializing Spring DispatcherServlet 'dispatcherServlet'
2023-09-02 14:05:46.970 INFO  4252 --- [http-nio-8001-exec-2] org.springframework.web.servlet.DispatcherServlet - Initializing Servlet 'dispatcherServlet'
2023-09-02 14:05:46.992 INFO  4252 --- [http-nio-8001-exec-2] org.springframework.web.servlet.DispatcherServlet - Completed initialization in 22 ms
2023-09-02 14:05:47.103 WARN  4252 --- [http-nio-8001-exec-2] org.springframework.web.servlet.PageNotFound - No mapping for GET /shujufenxi/pftd-fault-detail/page
2023-09-02 14:07:23.892 INFO  4252 --- [http-nio-8001-exec-5] com.zaxxer.hikari.HikariDataSource - HikariPool-1 - Starting...
2023-09-02 14:07:26.309 INFO  4252 --- [http-nio-8001-exec-5] com.zaxxer.hikari.HikariDataSource - HikariPool-1 - Start completed.
2023-09-02 14:07:26.812 INFO  4252 --- [http-nio-8001-exec-5] mybatis-flex-sql - select * from (select PJTDSJ, PJYTDSJ, PJGZTDSJ, QSSJ, ZZSJ       from DP_GDKKX_ZB       where (SSXQ is null or SSXQ='大连')         and DQTZ = '市中心+市区+城镇+农村'         and QSSJ >= TO_DATE('2023-01-01', 'yyyy-mm-dd')         and ZZSJ <= TO_DATE('2023-09-02', 'yyyy-mm-dd')       order by DP_GDKKX_ZB.QSSJ , ZZSJ desc) where ROWNUM = 1,367ms
2023-09-02 14:07:28.999 INFO  4252 --- [http-nio-8001-exec-5] mybatis-flex-sql - select PJTDSJ, PJYTDSJ, PJGZTDSJ, QSSJ, ZZSJ       from DP_GDKKX_ZB       where (SSXQ is null or SSXQ='大连')         and DQTZ = '市中心+市区+城镇+农村'         and QSSJ >= TO_DATE('2022-01-01', 'yyyy-mm-dd')         and ZZSJ <= TO_DATE('2022-01-01', 'yyyy-mm-dd')       order by DP_GDKKX_ZB.QSSJ , ZZSJ desc,39ms
2023-09-02 14:07:30.554 INFO  4252 --- [http-nio-8001-exec-5] mybatis-flex-sql - select * from (select SSXQ, PJYTDSJ       from DP_GDKKX_ZB       where SSXQ is not null          and DQTZ = '市中心+市区+城镇+农村'         and QSSJ >= TO_DATE('2023-01-01', 'yyyy-mm-dd')         and ZZSJ <= TO_DATE('2023-09-02', 'yyyy-mm-dd')       order by DP_GDKKX_ZB.QSSJ , ZZSJ desc) where ROWNUM <= 13,49ms
2023-09-02 14:10:12.920 INFO  4252 --- [http-nio-8001-exec-8] mybatis-flex-sql - select * from (select PJTDSJ, PJYTDSJ, PJGZTDSJ, QSSJ, ZZSJ       from DP_GDKKX_ZB       where (SSXQ is null or SSXQ='大连')         and DQTZ = '市中心+市区+城镇+农村'         and QSSJ >= TO_DATE('2023-01-01', 'yyyy-mm-dd')         and ZZSJ <= TO_DATE('2023-09-02', 'yyyy-mm-dd')       order by DP_GDKKX_ZB.QSSJ , ZZSJ desc) where ROWNUM = 1,30ms
2023-09-02 14:10:13.549 INFO  4252 --- [http-nio-8001-exec-8] mybatis-flex-sql - select PJTDSJ, PJYTDSJ, PJGZTDSJ, QSSJ, ZZSJ       from DP_GDKKX_ZB       where (SSXQ is null or SSXQ='大连')         and DQTZ = '市中心+市区+城镇+农村'         and QSSJ >= TO_DATE('2022-01-01', 'yyyy-mm-dd')         and ZZSJ <= TO_DATE('2022-01-01', 'yyyy-mm-dd')       order by DP_GDKKX_ZB.QSSJ , ZZSJ desc,24ms
2023-09-02 14:10:30.249 INFO  4252 --- [http-nio-8001-exec-8] mybatis-flex-sql - select * from (select SSXQ, PJYTDSJ       from DP_GDKKX_ZB       where SSXQ is not null          and DQTZ = '市中心+市区+城镇+农村'         and QSSJ >= TO_DATE('2023-01-01', 'yyyy-mm-dd')         and ZZSJ <= TO_DATE('2023-09-02', 'yyyy-mm-dd')       order by DP_GDKKX_ZB.QSSJ , ZZSJ desc) where ROWNUM <= 13,55ms
2023-09-02 16:36:54.016 WARN  4252 --- [HikariPool-1 housekeeper] com.zaxxer.hikari.pool.HikariPool - HikariPool-1 - Thread starvation or clock leap detected (housekeeper delta=1h4m22s317ms7µs301ns).
2023-09-02 19:09:00.376 WARN  4252 --- [HikariPool-1 housekeeper] com.zaxxer.hikari.pool.HikariPool - HikariPool-1 - Thread starvation or clock leap detected (housekeeper delta=1h8m4s876ms751µs300ns).
2023-09-02 21:55:09.675 WARN  4252 --- [HikariPool-1 housekeeper] com.zaxxer.hikari.pool.HikariPool - HikariPool-1 - Thread starvation or clock leap detected (housekeeper delta=1h37m8s61ms484µs700ns).
