2023-09-01 00:00:08.519 INFO  19380 --- [SpringApplicationShutdownHook] com.zaxxer.hikari.HikariDataSource - HikariPool-1 - Shutdown initiated...
2023-09-01 00:00:09.049 INFO  19380 --- [SpringApplicationShutdownHook] com.zaxxer.hikari.HikariDataSource - HikariPool-1 - Shutdown completed.
2023-09-01 00:00:17.194 INFO  14656 --- [background-preinit] org.hibernate.validator.internal.util.Version - HV000001: Hibernate Validator 6.2.5.Final
2023-09-01 00:00:17.211 INFO  14656 --- [main] com.pg.screen.PowerGridScreenApplication - Starting PowerGridScreenApplication using Java 1.8.0_111 on S2FDLWC0128 with PID 14656 (C:\work\code\2023\wc\visualLargeScreenServe\target\classes started by 71644463 in C:\work\code\2023\wc\visualLargeScreenServe)
2023-09-01 00:00:17.213 DEBUG 14656 --- [main] com.pg.screen.PowerGridScreenApplication - Running with Spring Boot v2.7.8, Spring v5.3.25
2023-09-01 00:00:17.215 INFO  14656 --- [main] com.pg.screen.PowerGridScreenApplication - No active profile set, falling back to 1 default profile: "default"
2023-09-01 00:00:20.353 INFO  14656 --- [main] o.s.boot.web.embedded.tomcat.TomcatWebServer - Tomcat initialized with port(s): 8001 (http)
2023-09-01 00:00:20.368 INFO  14656 --- [main] org.apache.coyote.http11.Http11NioProtocol - Initializing ProtocolHandler ["http-nio-8001"]
2023-09-01 00:00:20.370 INFO  14656 --- [main] org.apache.catalina.core.StandardService - Starting service [Tomcat]
2023-09-01 00:00:20.370 INFO  14656 --- [main] org.apache.catalina.core.StandardEngine - Starting Servlet engine: [Apache Tomcat/9.0.71]
2023-09-01 00:00:20.643 INFO  14656 --- [main] o.a.c.core.ContainerBase.[Tomcat].[localhost].[/] - Initializing Spring embedded WebApplicationContext
2023-09-01 00:00:20.644 INFO  14656 --- [main] o.s.b.w.s.c.ServletWebServerApplicationContext - Root WebApplicationContext: initialization completed in 3323 ms
2023-09-01 00:00:24.950 INFO  14656 --- [main] org.apache.coyote.http11.Http11NioProtocol - Starting ProtocolHandler ["http-nio-8001"]
2023-09-01 00:00:25.001 INFO  14656 --- [main] o.s.boot.web.embedded.tomcat.TomcatWebServer - Tomcat started on port(s): 8001 (http) with context path ''
2023-09-01 00:00:25.037 INFO  14656 --- [main] com.pg.screen.PowerGridScreenApplication - Started PowerGridScreenApplication in 9.208 seconds (JVM running for 12.451)
2023-09-01 00:00:53.075 INFO  14656 --- [http-nio-8001-exec-2] o.a.c.core.ContainerBase.[Tomcat].[localhost].[/] - Initializing Spring DispatcherServlet 'dispatcherServlet'
2023-09-01 00:00:53.075 INFO  14656 --- [http-nio-8001-exec-2] org.springframework.web.servlet.DispatcherServlet - Initializing Servlet 'dispatcherServlet'
2023-09-01 00:00:53.076 INFO  14656 --- [http-nio-8001-exec-2] org.springframework.web.servlet.DispatcherServlet - Completed initialization in 1 ms
2023-09-01 00:00:56.976 INFO  14656 --- [http-nio-8001-exec-2] com.zaxxer.hikari.HikariDataSource - HikariPool-1 - Starting...
2023-09-01 00:00:58.715 INFO  14656 --- [http-nio-8001-exec-2] com.zaxxer.hikari.HikariDataSource - HikariPool-1 - Start completed.
2023-09-01 00:00:58.937 INFO  14656 --- [http-nio-8001-exec-2] mybatis-flex-sql - select * from (select PJTDSJ, PJYTDSJ, PJGZTDSJ, QSSJ, ZZSJ       from DP_GDKKX_ZB       where SSXQ is null         and DQTZ = '市中心+市区+城镇+农村'         and QSSJ >= TO_DATE('2023-01-01', 'yyyy-mm-dd')         and ZZSJ <= TO_DATE('2023-09-01', 'yyyy-mm-dd')       order by DP_GDKKX_ZB.QSSJ desc, ZZSJ desc) where ROWNUM = 1,143ms
2023-09-01 00:01:04.650 INFO  14656 --- [http-nio-8001-exec-2] mybatis-flex-sql - select PJTDSJ, PJYTDSJ, PJGZTDSJ, QSSJ, ZZSJ       from DP_GDKKX_ZB       where SSXQ is null         and DQTZ = '市中心+市区+城镇+农村'         and QSSJ >= TO_DATE('2022-01-01', 'yyyy-mm-dd')         and ZZSJ <= TO_DATE('2022-01-01', 'yyyy-mm-dd')       order by DP_GDKKX_ZB.QSSJ desc, ZZSJ desc,34ms
2023-09-01 00:01:10.181 INFO  14656 --- [http-nio-8001-exec-2] mybatis-flex-sql - select * from (select SSXQ, PJYTDSJ       from DP_GDKKX_ZB       where (SSXQ is null or SSXQ='大连')         and DQTZ = '市中心+市区+城镇+农村'         and QSSJ >= TO_DATE('2023-01-01', 'yyyy-mm-dd')         and ZZSJ <= TO_DATE('2023-09-01', 'yyyy-mm-dd')       order by DP_GDKKX_ZB.QSSJ , ZZSJ desc) where ROWNUM <= 13,71ms
2023-09-01 00:02:08.272 INFO  14656 --- [SpringApplicationShutdownHook] com.zaxxer.hikari.HikariDataSource - HikariPool-1 - Shutdown initiated...
2023-09-01 00:02:08.831 INFO  14656 --- [SpringApplicationShutdownHook] com.zaxxer.hikari.HikariDataSource - HikariPool-1 - Shutdown completed.
2023-09-01 00:02:24.230 INFO  15232 --- [background-preinit] org.hibernate.validator.internal.util.Version - HV000001: Hibernate Validator 6.2.5.Final
2023-09-01 00:02:24.239 INFO  15232 --- [main] com.pg.screen.PowerGridScreenApplication - Starting PowerGridScreenApplication using Java 1.8.0_111 on S2FDLWC0128 with PID 15232 (C:\work\code\2023\wc\visualLargeScreenServe\target\classes started by 71644463 in C:\work\code\2023\wc\visualLargeScreenServe)
2023-09-01 00:02:24.239 DEBUG 15232 --- [main] com.pg.screen.PowerGridScreenApplication - Running with Spring Boot v2.7.8, Spring v5.3.25
2023-09-01 00:02:24.241 INFO  15232 --- [main] com.pg.screen.PowerGridScreenApplication - No active profile set, falling back to 1 default profile: "default"
2023-09-01 00:02:26.841 INFO  15232 --- [main] o.s.boot.web.embedded.tomcat.TomcatWebServer - Tomcat initialized with port(s): 8001 (http)
2023-09-01 00:02:26.854 INFO  15232 --- [main] org.apache.coyote.http11.Http11NioProtocol - Initializing ProtocolHandler ["http-nio-8001"]
2023-09-01 00:02:26.855 INFO  15232 --- [main] org.apache.catalina.core.StandardService - Starting service [Tomcat]
2023-09-01 00:02:26.856 INFO  15232 --- [main] org.apache.catalina.core.StandardEngine - Starting Servlet engine: [Apache Tomcat/9.0.71]
2023-09-01 00:02:27.106 INFO  15232 --- [main] o.a.c.core.ContainerBase.[Tomcat].[localhost].[/] - Initializing Spring embedded WebApplicationContext
2023-09-01 00:02:27.106 INFO  15232 --- [main] o.s.b.w.s.c.ServletWebServerApplicationContext - Root WebApplicationContext: initialization completed in 2723 ms
2023-09-01 00:02:31.624 INFO  15232 --- [main] org.apache.coyote.http11.Http11NioProtocol - Starting ProtocolHandler ["http-nio-8001"]
2023-09-01 00:02:31.663 INFO  15232 --- [main] o.s.boot.web.embedded.tomcat.TomcatWebServer - Tomcat started on port(s): 8001 (http) with context path ''
2023-09-01 00:02:31.679 INFO  15232 --- [main] com.pg.screen.PowerGridScreenApplication - Started PowerGridScreenApplication in 9.606 seconds (JVM running for 13.77)
2023-09-01 00:02:38.662 INFO  15232 --- [http-nio-8001-exec-1] o.a.c.core.ContainerBase.[Tomcat].[localhost].[/] - Initializing Spring DispatcherServlet 'dispatcherServlet'
2023-09-01 00:02:38.663 INFO  15232 --- [http-nio-8001-exec-1] org.springframework.web.servlet.DispatcherServlet - Initializing Servlet 'dispatcherServlet'
2023-09-01 00:02:38.672 INFO  15232 --- [http-nio-8001-exec-1] org.springframework.web.servlet.DispatcherServlet - Completed initialization in 8 ms
2023-09-01 00:02:41.591 INFO  15232 --- [http-nio-8001-exec-1] com.zaxxer.hikari.HikariDataSource - HikariPool-1 - Starting...
2023-09-01 00:02:43.104 INFO  15232 --- [http-nio-8001-exec-1] com.zaxxer.hikari.HikariDataSource - HikariPool-1 - Start completed.
2023-09-01 00:02:43.303 INFO  15232 --- [http-nio-8001-exec-1] mybatis-flex-sql - select * from (select PJTDSJ, PJYTDSJ, PJGZTDSJ, QSSJ, ZZSJ       from DP_GDKKX_ZB       where SSXQ is null         and DQTZ = '市中心+市区+城镇+农村'         and QSSJ >= TO_DATE('2023-01-01', 'yyyy-mm-dd')         and ZZSJ <= TO_DATE('2023-09-01', 'yyyy-mm-dd')       order by DP_GDKKX_ZB.QSSJ desc, ZZSJ desc) where ROWNUM = 1,137ms
2023-09-01 00:02:43.932 INFO  15232 --- [http-nio-8001-exec-1] mybatis-flex-sql - select PJTDSJ, PJYTDSJ, PJGZTDSJ, QSSJ, ZZSJ       from DP_GDKKX_ZB       where SSXQ is null         and DQTZ = '市中心+市区+城镇+农村'         and QSSJ >= TO_DATE('2022-01-01', 'yyyy-mm-dd')         and ZZSJ <= TO_DATE('2022-01-01', 'yyyy-mm-dd')       order by DP_GDKKX_ZB.QSSJ desc, ZZSJ desc,27ms
2023-09-01 00:02:51.005 INFO  15232 --- [http-nio-8001-exec-1] mybatis-flex-sql - select * from (select SSXQ, PJYTDSJ       from DP_GDKKX_ZB       where SSXQ is not null         and DQTZ = '市中心+市区+城镇+农村'         and QSSJ >= TO_DATE('2023-01-01', 'yyyy-mm-dd')         and ZZSJ <= TO_DATE('2023-09-01', 'yyyy-mm-dd')       order by DP_GDKKX_ZB.QSSJ desc, ZZSJ desc) where ROWNUM <= 13,60ms
2023-09-01 00:03:03.157 INFO  15232 --- [http-nio-8001-exec-1] mybatis-flex-sql - select * from (select SSXQ, PJGZTDSJ       from DP_GDKKX_ZB       where SSXQ is not null         and DQTZ = '市中心+市区+城镇+农村'         and QSSJ >= TO_DATE('2023-01-01', 'yyyy-mm-dd')         and ZZSJ <= TO_DATE('2023-09-01', 'yyyy-mm-dd')       order by DP_GDKKX_ZB.QSSJ desc, ZZSJ desc) where ROWNUM <= 13,58ms
2023-09-01 00:03:03.159 INFO  15232 --- [http-nio-8001-exec-1] com.pg.screen.common.AspectControllerTimeConsuming - getMeanOutageTime()方法的入参为：[null, null]，返回值为：HttpResult(success=true, message=ok, data=MeanOutageTimeVo(fullAperture=0.1524, prearrangedOutage=0.01, faultOutage=0.14, yearOnYearBasis=0.01, xAxisNameList=[中山, 沙河口, 甘井子, 高新, 金州, 开东, 开发区, 旅顺, 瓦房店, 普兰店, 庄河, 长海, 长兴岛], yAxisNameList=[0.0, 0.0, 0.0, 0.0, 0.0, 0.0, 0.0, 0.0, 0.02, 0.0, 0.05, 0.0, 0.0], y2AxisNameList=[0.01, 0.06, 0.12, 0.05, 0.15, 0.27, 0.0, 0.07, 0.1, 0.23, 0.27, 0.3, 0.11]), code=200)，耗时(ms):385
2023-09-01 00:06:05.050 INFO  15232 --- [SpringApplicationShutdownHook] com.zaxxer.hikari.HikariDataSource - HikariPool-1 - Shutdown initiated...
2023-09-01 00:06:05.576 INFO  15232 --- [SpringApplicationShutdownHook] com.zaxxer.hikari.HikariDataSource - HikariPool-1 - Shutdown completed.
2023-09-01 00:06:17.758 INFO  35148 --- [background-preinit] org.hibernate.validator.internal.util.Version - HV000001: Hibernate Validator 6.2.5.Final
2023-09-01 00:06:17.769 INFO  35148 --- [main] com.pg.screen.PowerGridScreenApplication - Starting PowerGridScreenApplication using Java 1.8.0_111 on S2FDLWC0128 with PID 35148 (C:\work\code\2023\wc\visualLargeScreenServe\target\classes started by 71644463 in C:\work\code\2023\wc\visualLargeScreenServe)
2023-09-01 00:06:17.772 DEBUG 35148 --- [main] com.pg.screen.PowerGridScreenApplication - Running with Spring Boot v2.7.8, Spring v5.3.25
2023-09-01 00:06:17.773 INFO  35148 --- [main] com.pg.screen.PowerGridScreenApplication - No active profile set, falling back to 1 default profile: "default"
2023-09-01 00:06:21.265 INFO  35148 --- [main] o.s.boot.web.embedded.tomcat.TomcatWebServer - Tomcat initialized with port(s): 8001 (http)
2023-09-01 00:06:21.281 INFO  35148 --- [main] org.apache.coyote.http11.Http11NioProtocol - Initializing ProtocolHandler ["http-nio-8001"]
2023-09-01 00:06:21.282 INFO  35148 --- [main] org.apache.catalina.core.StandardService - Starting service [Tomcat]
2023-09-01 00:06:21.283 INFO  35148 --- [main] org.apache.catalina.core.StandardEngine - Starting Servlet engine: [Apache Tomcat/9.0.71]
2023-09-01 00:06:21.587 INFO  35148 --- [main] o.a.c.core.ContainerBase.[Tomcat].[localhost].[/] - Initializing Spring embedded WebApplicationContext
2023-09-01 00:06:21.587 INFO  35148 --- [main] o.s.b.w.s.c.ServletWebServerApplicationContext - Root WebApplicationContext: initialization completed in 3727 ms
2023-09-01 00:06:24.905 INFO  35148 --- [main] org.apache.coyote.http11.Http11NioProtocol - Starting ProtocolHandler ["http-nio-8001"]
2023-09-01 00:06:24.939 INFO  35148 --- [main] o.s.boot.web.embedded.tomcat.TomcatWebServer - Tomcat started on port(s): 8001 (http) with context path ''
2023-09-01 00:06:24.964 INFO  35148 --- [main] com.pg.screen.PowerGridScreenApplication - Started PowerGridScreenApplication in 8.709 seconds (JVM running for 11.845)
2023-09-01 00:07:46.011 INFO  35148 --- [http-nio-8001-exec-2] o.a.c.core.ContainerBase.[Tomcat].[localhost].[/] - Initializing Spring DispatcherServlet 'dispatcherServlet'
2023-09-01 00:07:46.012 INFO  35148 --- [http-nio-8001-exec-2] org.springframework.web.servlet.DispatcherServlet - Initializing Servlet 'dispatcherServlet'
2023-09-01 00:07:46.015 INFO  35148 --- [http-nio-8001-exec-2] org.springframework.web.servlet.DispatcherServlet - Completed initialization in 3 ms
2023-09-01 00:07:51.873 INFO  35148 --- [http-nio-8001-exec-2] com.zaxxer.hikari.HikariDataSource - HikariPool-1 - Starting...
2023-09-01 00:07:53.654 INFO  35148 --- [http-nio-8001-exec-2] com.zaxxer.hikari.HikariDataSource - HikariPool-1 - Start completed.
2023-09-01 00:07:53.891 INFO  35148 --- [http-nio-8001-exec-2] mybatis-flex-sql - select * from (select PJTDSJ, PJYTDSJ, PJGZTDSJ, QSSJ, ZZSJ       from DP_GDKKX_ZB       where (SSXQ is null or SSXQ='大连')         and DQTZ = '市中心+市区+城镇+农村'         and QSSJ >= TO_DATE('2023-01-01', 'yyyy-mm-dd')         and ZZSJ <= TO_DATE('2023-09-01', 'yyyy-mm-dd')       order by DP_GDKKX_ZB.QSSJ , ZZSJ desc) where ROWNUM = 1,146ms
2023-09-01 00:07:54.722 INFO  35148 --- [http-nio-8001-exec-2] mybatis-flex-sql - select PJTDSJ, PJYTDSJ, PJGZTDSJ, QSSJ, ZZSJ       from DP_GDKKX_ZB       where (SSXQ is null or SSXQ='大连')         and DQTZ = '市中心+市区+城镇+农村'         and QSSJ >= TO_DATE('2022-01-01', 'yyyy-mm-dd')         and ZZSJ <= TO_DATE('2022-01-01', 'yyyy-mm-dd')       order by DP_GDKKX_ZB.QSSJ , ZZSJ desc,26ms
2023-09-01 00:07:56.156 INFO  35148 --- [http-nio-8001-exec-2] mybatis-flex-sql - select * from (select SSXQ, PJYTDSJ       from DP_GDKKX_ZB       where SSXQ is not null         and DQTZ = '市中心+市区+城镇+农村'         and QSSJ >= TO_DATE('2023-01-01', 'yyyy-mm-dd')         and ZZSJ <= TO_DATE('2023-09-01', 'yyyy-mm-dd')       order by DP_GDKKX_ZB.QSSJ , ZZSJ desc) where ROWNUM <= 13,54ms
2023-09-01 00:08:02.647 INFO  35148 --- [http-nio-8001-exec-2] mybatis-flex-sql - select * from (select SSXQ, PJGZTDSJ       from DP_GDKKX_ZB       where SSXQ is not null         and DQTZ = '市中心+市区+城镇+农村'         and QSSJ >= TO_DATE('2023-01-01', 'yyyy-mm-dd')         and ZZSJ <= TO_DATE('2023-09-01', 'yyyy-mm-dd')       order by DP_GDKKX_ZB.QSSJ , ZZSJ desc) where ROWNUM <= 13,54ms
2023-09-01 00:08:02.649 INFO  35148 --- [http-nio-8001-exec-2] com.pg.screen.common.AspectControllerTimeConsuming - getMeanOutageTime()方法的入参为：[null, null]，返回值为：HttpResult(success=true, message=ok, data=MeanOutageTimeVo(fullAperture=2.8763, prearrangedOutage=0.63, faultOutage=2.24, yearOnYearBasis=0.63, xAxisNameList=[中山, 沙河口, 甘井子, 高新, 金州, 开东, 开发区, 旅顺, 瓦房店, 普兰店, 庄河, 长海, 长兴岛], yAxisNameList=[0.09, 0.1, 0.27, 0.16, 0.17, 0.32, 0.24, 0.18, 0.65, 1.33, 1.72, 1.73, 0.44], y2AxisNameList=[0.19, 0.42, 0.91, 0.77, 2.99, 1.96, 0.24, 1.67, 2.65, 4.15, 3.07, 2.13, 3.61]), code=200)，耗时(ms):514
2023-09-01 00:09:46.064 INFO  35148 --- [http-nio-8001-exec-5] mybatis-flex-sql - select * from (select PJTDSJ, PJYTDSJ, PJGZTDSJ, QSSJ, ZZSJ       from DP_GDKKX_ZB       where (SSXQ is null or SSXQ='大连')         and DQTZ = '市中心+市区+城镇+农村'         and QSSJ >= TO_DATE('2023-01-01', 'yyyy-mm-dd')         and ZZSJ <= TO_DATE('2023-09-01', 'yyyy-mm-dd')       order by DP_GDKKX_ZB.QSSJ , ZZSJ desc) where ROWNUM = 1,27ms
2023-09-01 00:09:46.091 INFO  35148 --- [http-nio-8001-exec-5] mybatis-flex-sql - select PJTDSJ, PJYTDSJ, PJGZTDSJ, QSSJ, ZZSJ       from DP_GDKKX_ZB       where (SSXQ is null or SSXQ='大连')         and DQTZ = '市中心+市区+城镇+农村'         and QSSJ >= TO_DATE('2022-01-01', 'yyyy-mm-dd')         and ZZSJ <= TO_DATE('2022-01-01', 'yyyy-mm-dd')       order by DP_GDKKX_ZB.QSSJ , ZZSJ desc,26ms
2023-09-01 00:09:46.143 INFO  35148 --- [http-nio-8001-exec-5] mybatis-flex-sql - select * from (select SSXQ, PJYTDSJ       from DP_GDKKX_ZB       where SSXQ is not null         and DQTZ = '市中心+市区+城镇+农村'         and QSSJ >= TO_DATE('2023-01-01', 'yyyy-mm-dd')         and ZZSJ <= TO_DATE('2023-09-01', 'yyyy-mm-dd')       order by DP_GDKKX_ZB.QSSJ , ZZSJ desc) where ROWNUM <= 13,50ms
2023-09-01 00:09:46.199 INFO  35148 --- [http-nio-8001-exec-5] mybatis-flex-sql - select * from (select SSXQ, PJGZTDSJ       from DP_GDKKX_ZB       where SSXQ is not null         and DQTZ = '市中心+市区+城镇+农村'         and QSSJ >= TO_DATE('2023-01-01', 'yyyy-mm-dd')         and ZZSJ <= TO_DATE('2023-09-01', 'yyyy-mm-dd')       order by DP_GDKKX_ZB.QSSJ , ZZSJ desc) where ROWNUM <= 13,51ms
2023-09-01 00:09:46.202 INFO  35148 --- [http-nio-8001-exec-5] com.pg.screen.common.AspectControllerTimeConsuming - getMeanOutageTime()方法的入参为：[null, null]，返回值为：HttpResult(success=true, message=ok, data=MeanOutageTimeVo(fullAperture=2.8763, prearrangedOutage=0.63, faultOutage=2.24, yearOnYearBasis=0.63, xAxisNameList=[中山, 沙河口, 甘井子, 高新, 金州, 开东, 开发区, 旅顺, 瓦房店, 普兰店, 庄河, 长海, 长兴岛], yAxisNameList=[0.09, 0.1, 0.27, 0.16, 0.17, 0.32, 0.24, 0.18, 0.65, 1.33, 1.72, 1.73, 0.44], y2AxisNameList=[0.19, 0.42, 0.91, 0.77, 2.99, 1.96, 0.24, 1.67, 2.65, 4.15, 3.07, 2.13, 3.61]), code=200)，耗时(ms):194
2023-09-01 00:09:53.451 INFO  35148 --- [http-nio-8001-exec-6] mybatis-flex-sql - select * from (select PJTDSJ, PJYTDSJ, PJGZTDSJ, QSSJ, ZZSJ       from DP_GDKKX_ZB       where (SSXQ is null or SSXQ='大连')         and DQTZ = '市中心+市区+城镇+农村'         and QSSJ >= TO_DATE('2023-01-01', 'yyyy-mm-dd')         and ZZSJ <= TO_DATE('2023-09-01', 'yyyy-mm-dd')       order by DP_GDKKX_ZB.QSSJ , ZZSJ desc) where ROWNUM = 1,30ms
2023-09-01 00:09:53.480 INFO  35148 --- [http-nio-8001-exec-6] mybatis-flex-sql - select PJTDSJ, PJYTDSJ, PJGZTDSJ, QSSJ, ZZSJ       from DP_GDKKX_ZB       where (SSXQ is null or SSXQ='大连')         and DQTZ = '市中心+市区+城镇+农村'         and QSSJ >= TO_DATE('2022-01-01', 'yyyy-mm-dd')         and ZZSJ <= TO_DATE('2022-01-01', 'yyyy-mm-dd')       order by DP_GDKKX_ZB.QSSJ , ZZSJ desc,27ms
2023-09-01 00:09:53.536 INFO  35148 --- [http-nio-8001-exec-6] mybatis-flex-sql - select * from (select SSXQ, PJYTDSJ       from DP_GDKKX_ZB       where SSXQ is not null         and DQTZ = '市中心+市区+城镇+农村'         and QSSJ >= TO_DATE('2023-01-01', 'yyyy-mm-dd')         and ZZSJ <= TO_DATE('2023-09-01', 'yyyy-mm-dd')       order by DP_GDKKX_ZB.QSSJ , ZZSJ desc) where ROWNUM <= 13,54ms
2023-09-01 00:09:53.587 INFO  35148 --- [http-nio-8001-exec-6] mybatis-flex-sql - select * from (select SSXQ, PJGZTDSJ       from DP_GDKKX_ZB       where SSXQ is not null         and DQTZ = '市中心+市区+城镇+农村'         and QSSJ >= TO_DATE('2023-01-01', 'yyyy-mm-dd')         and ZZSJ <= TO_DATE('2023-09-01', 'yyyy-mm-dd')       order by DP_GDKKX_ZB.QSSJ , ZZSJ desc) where ROWNUM <= 13,50ms
2023-09-01 00:09:53.587 INFO  35148 --- [http-nio-8001-exec-6] com.pg.screen.common.AspectControllerTimeConsuming - getMeanOutageTime()方法的入参为：[null, null]，返回值为：HttpResult(success=true, message=ok, data=MeanOutageTimeVo(fullAperture=2.8763, prearrangedOutage=0.63, faultOutage=2.24, yearOnYearBasis=0.63, xAxisNameList=[中山, 沙河口, 甘井子, 高新, 金州, 开东, 开发区, 旅顺, 瓦房店, 普兰店, 庄河, 长海, 长兴岛], yAxisNameList=[0.09, 0.1, 0.27, 0.16, 0.17, 0.32, 0.24, 0.18, 0.65, 1.33, 1.72, 1.73, 0.44], y2AxisNameList=[0.19, 0.42, 0.91, 0.77, 2.99, 1.96, 0.24, 1.67, 2.65, 4.15, 3.07, 2.13, 3.61]), code=200)，耗时(ms):199
2023-09-01 00:11:44.627 INFO  35148 --- [http-nio-8001-exec-9] mybatis-flex-sql - select * from (select PJTDSJ, PJYTDSJ, PJGZTDSJ, QSSJ, ZZSJ       from DP_GDKKX_ZB       where (SSXQ is null or SSXQ='大连')         and DQTZ = '市中心+市区+城镇+农村'         and QSSJ >= TO_DATE('2023-01-01', 'yyyy-mm-dd')         and ZZSJ <= TO_DATE('2023-09-01', 'yyyy-mm-dd')       order by DP_GDKKX_ZB.QSSJ , ZZSJ desc) where ROWNUM = 1,28ms
2023-09-01 00:11:44.654 INFO  35148 --- [http-nio-8001-exec-9] mybatis-flex-sql - select PJTDSJ, PJYTDSJ, PJGZTDSJ, QSSJ, ZZSJ       from DP_GDKKX_ZB       where (SSXQ is null or SSXQ='大连')         and DQTZ = '市中心+市区+城镇+农村'         and QSSJ >= TO_DATE('2022-01-01', 'yyyy-mm-dd')         and ZZSJ <= TO_DATE('2022-01-01', 'yyyy-mm-dd')       order by DP_GDKKX_ZB.QSSJ , ZZSJ desc,26ms
2023-09-01 00:11:44.706 INFO  35148 --- [http-nio-8001-exec-9] mybatis-flex-sql - select * from (select SSXQ, PJYTDSJ       from DP_GDKKX_ZB       where SSXQ is not null         and DQTZ = '市中心+市区+城镇+农村'         and QSSJ >= TO_DATE('2023-01-01', 'yyyy-mm-dd')         and ZZSJ <= TO_DATE('2023-09-01', 'yyyy-mm-dd')       order by DP_GDKKX_ZB.QSSJ , ZZSJ desc) where ROWNUM <= 13,51ms
2023-09-01 00:11:44.759 INFO  35148 --- [http-nio-8001-exec-9] mybatis-flex-sql - select * from (select SSXQ, PJGZTDSJ       from DP_GDKKX_ZB       where SSXQ is not null         and DQTZ = '市中心+市区+城镇+农村'         and QSSJ >= TO_DATE('2023-01-01', 'yyyy-mm-dd')         and ZZSJ <= TO_DATE('2023-09-01', 'yyyy-mm-dd')       order by DP_GDKKX_ZB.QSSJ , ZZSJ desc) where ROWNUM <= 13,51ms
2023-09-01 00:11:44.760 INFO  35148 --- [http-nio-8001-exec-9] com.pg.screen.common.AspectControllerTimeConsuming - getMeanOutageTime()方法的入参为：[null, null]，返回值为：HttpResult(success=true, message=ok, data=MeanOutageTimeVo(fullAperture=2.8763, prearrangedOutage=0.63, faultOutage=2.24, yearOnYearBasis=0.63, xAxisNameList=[中山, 沙河口, 甘井子, 高新, 金州, 开东, 开发区, 旅顺, 瓦房店, 普兰店, 庄河, 长海, 长兴岛], yAxisNameList=[0.09, 0.1, 0.27, 0.16, 0.17, 0.32, 0.24, 0.18, 0.65, 1.33, 1.72, 1.73, 0.44], y2AxisNameList=[0.19, 0.42, 0.91, 0.77, 2.99, 1.96, 0.24, 1.67, 2.65, 4.15, 3.07, 2.13, 3.61]), code=200)，耗时(ms):189
2023-09-01 00:15:28.291 INFO  35148 --- [http-nio-8001-exec-1] mybatis-flex-sql - select * from (select PJTDSJ, PJYTDSJ, PJGZTDSJ, QSSJ, ZZSJ       from DP_GDKKX_ZB       where (SSXQ is null or SSXQ='大连')         and DQTZ = '市中心+市区+城镇+农村'         and QSSJ >= TO_DATE('2023-01-01', 'yyyy-mm-dd')         and ZZSJ <= TO_DATE('2023-09-01', 'yyyy-mm-dd')       order by DP_GDKKX_ZB.QSSJ , ZZSJ desc) where ROWNUM = 1,35ms
2023-09-01 00:15:28.326 INFO  35148 --- [http-nio-8001-exec-1] mybatis-flex-sql - select PJTDSJ, PJYTDSJ, PJGZTDSJ, QSSJ, ZZSJ       from DP_GDKKX_ZB       where (SSXQ is null or SSXQ='大连')         and DQTZ = '市中心+市区+城镇+农村'         and QSSJ >= TO_DATE('2022-01-01', 'yyyy-mm-dd')         and ZZSJ <= TO_DATE('2022-01-01', 'yyyy-mm-dd')       order by DP_GDKKX_ZB.QSSJ , ZZSJ desc,34ms
2023-09-01 00:15:28.384 INFO  35148 --- [http-nio-8001-exec-1] mybatis-flex-sql - select * from (select SSXQ, PJYTDSJ       from DP_GDKKX_ZB       where SSXQ is not null         and DQTZ = '市中心+市区+城镇+农村'         and QSSJ >= TO_DATE('2023-01-01', 'yyyy-mm-dd')         and ZZSJ <= TO_DATE('2023-09-01', 'yyyy-mm-dd')       order by DP_GDKKX_ZB.QSSJ , ZZSJ desc) where ROWNUM <= 13,55ms
2023-09-01 00:15:28.442 INFO  35148 --- [http-nio-8001-exec-1] mybatis-flex-sql - select * from (select SSXQ, PJGZTDSJ       from DP_GDKKX_ZB       where SSXQ is not null         and DQTZ = '市中心+市区+城镇+农村'         and QSSJ >= TO_DATE('2023-01-01', 'yyyy-mm-dd')         and ZZSJ <= TO_DATE('2023-09-01', 'yyyy-mm-dd')       order by DP_GDKKX_ZB.QSSJ , ZZSJ desc) where ROWNUM <= 13,55ms
2023-09-01 00:15:28.444 INFO  35148 --- [http-nio-8001-exec-1] com.pg.screen.common.AspectControllerTimeConsuming - getMeanOutageTime()方法的入参为：[null, null]，返回值为：HttpResult(success=true, message=ok, data=MeanOutageTimeVo(fullAperture=2.8763, prearrangedOutage=0.63, faultOutage=2.24, yearOnYearBasis=0.63, xAxisNameList=[中山, 沙河口, 甘井子, 高新, 金州, 开东, 开发区, 旅顺, 瓦房店, 普兰店, 庄河, 长海, 长兴岛], yAxisNameList=[0.09, 0.1, 0.27, 0.16, 0.17, 0.32, 0.24, 0.18, 0.65, 1.33, 1.72, 1.73, 0.44], y2AxisNameList=[0.19, 0.42, 0.91, 0.77, 2.99, 1.96, 0.24, 1.67, 2.65, 4.15, 3.07, 2.13, 3.61]), code=200)，耗时(ms):236
2023-09-01 00:18:32.416 INFO  35148 --- [http-nio-8001-exec-5] mybatis-flex-sql - select * from (select PJTDSJ, PJYTDSJ, PJGZTDSJ, QSSJ, ZZSJ       from DP_GDKKX_ZB       where (SSXQ is null or SSXQ='大连')         and DQTZ = '市中心+市区+城镇+农村'         and QSSJ >= TO_DATE('2023-01-01', 'yyyy-mm-dd')         and ZZSJ <= TO_DATE('2023-09-01', 'yyyy-mm-dd')       order by DP_GDKKX_ZB.QSSJ , ZZSJ desc) where ROWNUM = 1,26ms
2023-09-01 00:18:32.442 INFO  35148 --- [http-nio-8001-exec-5] mybatis-flex-sql - select PJTDSJ, PJYTDSJ, PJGZTDSJ, QSSJ, ZZSJ       from DP_GDKKX_ZB       where (SSXQ is null or SSXQ='大连')         and DQTZ = '市中心+市区+城镇+农村'         and QSSJ >= TO_DATE('2022-01-01', 'yyyy-mm-dd')         and ZZSJ <= TO_DATE('2022-01-01', 'yyyy-mm-dd')       order by DP_GDKKX_ZB.QSSJ , ZZSJ desc,25ms
2023-09-01 00:18:32.496 INFO  35148 --- [http-nio-8001-exec-5] mybatis-flex-sql - select * from (select SSXQ, PJYTDSJ       from DP_GDKKX_ZB       where SSXQ is not null         and DQTZ = '市中心+市区+城镇+农村'         and QSSJ >= TO_DATE('2023-01-01', 'yyyy-mm-dd')         and ZZSJ <= TO_DATE('2023-09-01', 'yyyy-mm-dd')       order by DP_GDKKX_ZB.QSSJ , ZZSJ desc) where ROWNUM <= 13,51ms
2023-09-01 00:18:32.550 INFO  35148 --- [http-nio-8001-exec-5] mybatis-flex-sql - select * from (select SSXQ, PJGZTDSJ       from DP_GDKKX_ZB       where SSXQ is not null         and DQTZ = '市中心+市区+城镇+农村'         and QSSJ >= TO_DATE('2023-01-01', 'yyyy-mm-dd')         and ZZSJ <= TO_DATE('2023-09-01', 'yyyy-mm-dd')       order by DP_GDKKX_ZB.QSSJ , ZZSJ desc) where ROWNUM <= 13,53ms
2023-09-01 00:18:32.552 INFO  35148 --- [http-nio-8001-exec-5] com.pg.screen.common.AspectControllerTimeConsuming - getMeanOutageTime()方法的入参为：[null, null]，返回值为：HttpResult(success=true, message=ok, data=MeanOutageTimeVo(fullAperture=2.8763, prearrangedOutage=0.63, faultOutage=2.24, yearOnYearBasis=0.63, xAxisNameList=[中山, 沙河口, 甘井子, 高新, 金州, 开东, 开发区, 旅顺, 瓦房店, 普兰店, 庄河, 长海, 长兴岛], yAxisNameList=[0.09, 0.1, 0.27, 0.16, 0.17, 0.32, 0.24, 0.18, 0.65, 1.33, 1.72, 1.73, 0.44], y2AxisNameList=[0.19, 0.42, 0.91, 0.77, 2.99, 1.96, 0.24, 1.67, 2.65, 4.15, 3.07, 2.13, 3.61]), code=200)，耗时(ms):189
2023-09-01 00:19:50.372 INFO  35148 --- [http-nio-8001-exec-8] mybatis-flex-sql - select * from (select PJTDSJ, PJYTDSJ, PJGZTDSJ, QSSJ, ZZSJ       from DP_GDKKX_ZB       where (SSXQ is null or SSXQ='大连')         and DQTZ = '市中心+市区+城镇+农村'         and QSSJ >= TO_DATE('2023-01-01', 'yyyy-mm-dd')         and ZZSJ <= TO_DATE('2023-09-01', 'yyyy-mm-dd')       order by DP_GDKKX_ZB.QSSJ , ZZSJ desc) where ROWNUM = 1,27ms
2023-09-01 00:19:50.401 INFO  35148 --- [http-nio-8001-exec-8] mybatis-flex-sql - select PJTDSJ, PJYTDSJ, PJGZTDSJ, QSSJ, ZZSJ       from DP_GDKKX_ZB       where (SSXQ is null or SSXQ='大连')         and DQTZ = '市中心+市区+城镇+农村'         and QSSJ >= TO_DATE('2022-01-01', 'yyyy-mm-dd')         and ZZSJ <= TO_DATE('2022-01-01', 'yyyy-mm-dd')       order by DP_GDKKX_ZB.QSSJ , ZZSJ desc,26ms
2023-09-01 00:19:50.467 INFO  35148 --- [http-nio-8001-exec-8] mybatis-flex-sql - select * from (select SSXQ, PJYTDSJ       from DP_GDKKX_ZB       where SSXQ is not null         and DQTZ = '市中心+市区+城镇+农村'         and QSSJ >= TO_DATE('2023-01-01', 'yyyy-mm-dd')         and ZZSJ <= TO_DATE('2023-09-01', 'yyyy-mm-dd')       order by DP_GDKKX_ZB.QSSJ , ZZSJ desc) where ROWNUM <= 13,64ms
2023-09-01 00:19:50.525 INFO  35148 --- [http-nio-8001-exec-8] mybatis-flex-sql - select * from (select SSXQ, PJGZTDSJ       from DP_GDKKX_ZB       where SSXQ is not null         and DQTZ = '市中心+市区+城镇+农村'         and QSSJ >= TO_DATE('2023-01-01', 'yyyy-mm-dd')         and ZZSJ <= TO_DATE('2023-09-01', 'yyyy-mm-dd')       order by DP_GDKKX_ZB.QSSJ , ZZSJ desc) where ROWNUM <= 13,57ms
2023-09-01 00:19:50.526 INFO  35148 --- [http-nio-8001-exec-8] com.pg.screen.common.AspectControllerTimeConsuming - getMeanOutageTime()方法的入参为：[null, null]，返回值为：HttpResult(success=true, message=ok, data=MeanOutageTimeVo(fullAperture=2.8763, prearrangedOutage=0.63, faultOutage=2.24, yearOnYearBasis=0.63, xAxisNameList=[中山, 沙河口, 甘井子, 高新, 金州, 开东, 开发区, 旅顺, 瓦房店, 普兰店, 庄河, 长海, 长兴岛], yAxisNameList=[0.09, 0.1, 0.27, 0.16, 0.17, 0.32, 0.24, 0.18, 0.65, 1.33, 1.72, 1.73, 0.44], y2AxisNameList=[0.19, 0.42, 0.91, 0.77, 2.99, 1.96, 0.24, 1.67, 2.65, 4.15, 3.07, 2.13, 3.61]), code=200)，耗时(ms):208
2023-09-01 00:20:39.338 INFO  35148 --- [SpringApplicationShutdownHook] com.zaxxer.hikari.HikariDataSource - HikariPool-1 - Shutdown initiated...
2023-09-01 00:20:49.349 INFO  35148 --- [SpringApplicationShutdownHook] com.zaxxer.hikari.HikariDataSource - HikariPool-1 - Shutdown completed.
2023-09-01 00:21:10.104 INFO  31760 --- [background-preinit] org.hibernate.validator.internal.util.Version - HV000001: Hibernate Validator 6.2.5.Final
2023-09-01 00:21:10.121 INFO  31760 --- [main] com.pg.screen.PowerGridScreenApplication - Starting PowerGridScreenApplication using Java 1.8.0_111 on S2FDLWC0128 with PID 31760 (C:\work\code\2023\wc\visualLargeScreenServe\target\classes started by 71644463 in C:\work\code\2023\wc\visualLargeScreenServe)
2023-09-01 00:21:10.122 DEBUG 31760 --- [main] com.pg.screen.PowerGridScreenApplication - Running with Spring Boot v2.7.8, Spring v5.3.25
2023-09-01 00:21:10.123 INFO  31760 --- [main] com.pg.screen.PowerGridScreenApplication - No active profile set, falling back to 1 default profile: "default"
2023-09-01 00:21:12.576 INFO  31760 --- [main] o.s.boot.web.embedded.tomcat.TomcatWebServer - Tomcat initialized with port(s): 8001 (http)
2023-09-01 00:21:12.593 INFO  31760 --- [main] org.apache.coyote.http11.Http11NioProtocol - Initializing ProtocolHandler ["http-nio-8001"]
2023-09-01 00:21:12.594 INFO  31760 --- [main] org.apache.catalina.core.StandardService - Starting service [Tomcat]
2023-09-01 00:21:12.594 INFO  31760 --- [main] org.apache.catalina.core.StandardEngine - Starting Servlet engine: [Apache Tomcat/9.0.71]
2023-09-01 00:21:12.831 INFO  31760 --- [main] o.a.c.core.ContainerBase.[Tomcat].[localhost].[/] - Initializing Spring embedded WebApplicationContext
2023-09-01 00:21:12.831 INFO  31760 --- [main] o.s.b.w.s.c.ServletWebServerApplicationContext - Root WebApplicationContext: initialization completed in 2604 ms
2023-09-01 00:21:15.794 INFO  31760 --- [main] org.apache.coyote.http11.Http11NioProtocol - Starting ProtocolHandler ["http-nio-8001"]
2023-09-01 00:21:15.825 INFO  31760 --- [main] o.s.boot.web.embedded.tomcat.TomcatWebServer - Tomcat started on port(s): 8001 (http) with context path ''
2023-09-01 00:21:15.841 INFO  31760 --- [main] com.pg.screen.PowerGridScreenApplication - Started PowerGridScreenApplication in 7.713 seconds (JVM running for 11.853)
2023-09-01 00:21:28.237 INFO  31760 --- [http-nio-8001-exec-2] o.a.c.core.ContainerBase.[Tomcat].[localhost].[/] - Initializing Spring DispatcherServlet 'dispatcherServlet'
2023-09-01 00:21:28.237 INFO  31760 --- [http-nio-8001-exec-2] org.springframework.web.servlet.DispatcherServlet - Initializing Servlet 'dispatcherServlet'
2023-09-01 00:21:28.239 INFO  31760 --- [http-nio-8001-exec-2] org.springframework.web.servlet.DispatcherServlet - Completed initialization in 2 ms
2023-09-01 00:21:35.717 INFO  31760 --- [http-nio-8001-exec-2] com.zaxxer.hikari.HikariDataSource - HikariPool-1 - Starting...
2023-09-01 00:21:37.968 INFO  31760 --- [http-nio-8001-exec-2] com.zaxxer.hikari.HikariDataSource - HikariPool-1 - Start completed.
2023-09-01 00:21:38.504 INFO  31760 --- [http-nio-8001-exec-2] mybatis-flex-sql - select * from (select PJTDSJ, PJYTDSJ, PJGZTDSJ, QSSJ, ZZSJ       from DP_GDKKX_ZB       where (SSXQ is null or SSXQ='大连')         and DQTZ = '市中心+市区+城镇+农村'         and QSSJ >= TO_DATE('2023-01-01', 'yyyy-mm-dd')         and ZZSJ <= TO_DATE('2023-09-01', 'yyyy-mm-dd')       order by DP_GDKKX_ZB.QSSJ , ZZSJ desc) where ROWNUM = 1,368ms
2023-09-01 00:21:38.561 INFO  31760 --- [http-nio-8001-exec-2] mybatis-flex-sql - select PJTDSJ, PJYTDSJ, PJGZTDSJ, QSSJ, ZZSJ       from DP_GDKKX_ZB       where (SSXQ is null or SSXQ='大连')         and DQTZ = '市中心+市区+城镇+农村'         and QSSJ >= TO_DATE('2022-01-01', 'yyyy-mm-dd')         and ZZSJ <= TO_DATE('2022-01-01', 'yyyy-mm-dd')       order by DP_GDKKX_ZB.QSSJ , ZZSJ desc,40ms
2023-09-01 00:21:38.646 INFO  31760 --- [http-nio-8001-exec-2] mybatis-flex-sql - select * from (select SSXQ, PJYTDSJ       from DP_GDKKX_ZB       where SSXQ is not null          and DQTZ = '市中心+市区+城镇+农村'         and QSSJ >= TO_DATE('2023-01-01', 'yyyy-mm-dd')         and ZZSJ <= TO_DATE('2023-09-01', 'yyyy-mm-dd')       order by DP_GDKKX_ZB.QSSJ desc, ZZSJ desc)       order by DP_GDKKX_ZB.QSSJ , ZZSJ desc) where ROWNUM <= 13,78ms
2023-09-01 00:24:36.791 INFO  31760 --- [SpringApplicationShutdownHook] com.zaxxer.hikari.HikariDataSource - HikariPool-1 - Shutdown initiated...
2023-09-01 00:24:37.326 INFO  31760 --- [SpringApplicationShutdownHook] com.zaxxer.hikari.HikariDataSource - HikariPool-1 - Shutdown completed.
2023-09-01 00:24:58.936 INFO  48964 --- [background-preinit] org.hibernate.validator.internal.util.Version - HV000001: Hibernate Validator 6.2.5.Final
2023-09-01 00:24:58.993 INFO  48964 --- [main] com.pg.screen.PowerGridScreenApplication - Starting PowerGridScreenApplication using Java 1.8.0_111 on S2FDLWC0128 with PID 48964 (C:\work\code\2023\wc\visualLargeScreenServe\target\classes started by 71644463 in C:\work\code\2023\wc\visualLargeScreenServe)
2023-09-01 00:24:58.994 DEBUG 48964 --- [main] com.pg.screen.PowerGridScreenApplication - Running with Spring Boot v2.7.8, Spring v5.3.25
2023-09-01 00:24:58.996 INFO  48964 --- [main] com.pg.screen.PowerGridScreenApplication - No active profile set, falling back to 1 default profile: "default"
2023-09-01 00:25:02.730 INFO  48964 --- [main] o.s.boot.web.embedded.tomcat.TomcatWebServer - Tomcat initialized with port(s): 8001 (http)
2023-09-01 00:25:02.747 INFO  48964 --- [main] org.apache.coyote.http11.Http11NioProtocol - Initializing ProtocolHandler ["http-nio-8001"]
2023-09-01 00:25:02.749 INFO  48964 --- [main] org.apache.catalina.core.StandardService - Starting service [Tomcat]
2023-09-01 00:25:02.749 INFO  48964 --- [main] org.apache.catalina.core.StandardEngine - Starting Servlet engine: [Apache Tomcat/9.0.71]
2023-09-01 00:25:02.978 INFO  48964 --- [main] o.a.c.core.ContainerBase.[Tomcat].[localhost].[/] - Initializing Spring embedded WebApplicationContext
2023-09-01 00:25:02.978 INFO  48964 --- [main] o.s.b.w.s.c.ServletWebServerApplicationContext - Root WebApplicationContext: initialization completed in 3797 ms
2023-09-01 00:25:05.768 INFO  48964 --- [main] org.apache.coyote.http11.Http11NioProtocol - Starting ProtocolHandler ["http-nio-8001"]
2023-09-01 00:25:05.795 INFO  48964 --- [main] o.s.boot.web.embedded.tomcat.TomcatWebServer - Tomcat started on port(s): 8001 (http) with context path ''
2023-09-01 00:25:05.813 INFO  48964 --- [main] com.pg.screen.PowerGridScreenApplication - Started PowerGridScreenApplication in 9.04 seconds (JVM running for 15.642)
2023-09-01 00:25:19.202 INFO  48964 --- [http-nio-8001-exec-2] o.a.c.core.ContainerBase.[Tomcat].[localhost].[/] - Initializing Spring DispatcherServlet 'dispatcherServlet'
2023-09-01 00:25:19.202 INFO  48964 --- [http-nio-8001-exec-2] org.springframework.web.servlet.DispatcherServlet - Initializing Servlet 'dispatcherServlet'
2023-09-01 00:25:19.203 INFO  48964 --- [http-nio-8001-exec-2] org.springframework.web.servlet.DispatcherServlet - Completed initialization in 1 ms
2023-09-01 00:25:25.729 INFO  48964 --- [http-nio-8001-exec-2] com.zaxxer.hikari.HikariDataSource - HikariPool-1 - Starting...
2023-09-01 00:25:27.674 INFO  48964 --- [http-nio-8001-exec-2] com.zaxxer.hikari.HikariDataSource - HikariPool-1 - Start completed.
2023-09-01 00:25:28.393 INFO  48964 --- [http-nio-8001-exec-2] mybatis-flex-sql - select * from (select PJTDSJ, PJYTDSJ, PJGZTDSJ, QSSJ, ZZSJ       from DP_GDKKX_ZB       where (SSXQ is null or SSXQ='大连')         and DQTZ = '市中心+市区+城镇+农村'         and QSSJ >= TO_DATE('2023-01-01', 'yyyy-mm-dd')         and ZZSJ <= TO_DATE('2023-09-01', 'yyyy-mm-dd')       order by DP_GDKKX_ZB.QSSJ , ZZSJ desc) where ROWNUM = 1,400ms
2023-09-01 00:25:28.438 INFO  48964 --- [http-nio-8001-exec-2] mybatis-flex-sql - select PJTDSJ, PJYTDSJ, PJGZTDSJ, QSSJ, ZZSJ       from DP_GDKKX_ZB       where (SSXQ is null or SSXQ='大连')         and DQTZ = '市中心+市区+城镇+农村'         and QSSJ >= TO_DATE('2022-01-01', 'yyyy-mm-dd')         and ZZSJ <= TO_DATE('2022-01-01', 'yyyy-mm-dd')       order by DP_GDKKX_ZB.QSSJ , ZZSJ desc,29ms
2023-09-01 00:25:28.504 INFO  48964 --- [http-nio-8001-exec-2] mybatis-flex-sql - select * from (select SSXQ, PJYTDSJ       from DP_GDKKX_ZB       where SSXQ is not null          and DQTZ = '市中心+市区+城镇+农村'         and QSSJ >= TO_DATE('2023-01-01', 'yyyy-mm-dd')         and ZZSJ <= TO_DATE('2023-09-01', 'yyyy-mm-dd')       order by DP_GDKKX_ZB.QSSJ , ZZSJ desc) where ROWNUM <= 13,61ms
2023-09-01 00:25:28.582 INFO  48964 --- [http-nio-8001-exec-2] mybatis-flex-sql - select * from (select SSXQ, PJGZTDSJ       from DP_GDKKX_ZB       where SSXQ is not null          and DQTZ = '市中心+市区+城镇+农村'         and QSSJ >= TO_DATE('2023-01-01', 'yyyy-mm-dd')         and ZZSJ <= TO_DATE('2023-09-01', 'yyyy-mm-dd')       order by DP_GDKKX_ZB.QSSJ , ZZSJ desc) where ROWNUM <= 13,67ms
2023-09-01 00:25:28.584 INFO  48964 --- [http-nio-8001-exec-2] com.pg.screen.common.AspectControllerTimeConsuming - getMeanOutageTime()方法的入参为：[null, null]，返回值为：HttpResult(success=true, message=ok, data=MeanOutageTimeVo(fullAperture=2.8763, prearrangedOutage=0.63, faultOutage=2.24, yearOnYearBasis=0.63, xAxisNameList=[中山, 沙河口, 甘井子, 高新, 金州, 开东, 开发区, 旅顺, 瓦房店, 普兰店, 庄河, 长海, 长兴岛], yAxisNameList=[0.09, 0.1, 0.27, 0.16, 0.17, 0.32, 0.24, 0.18, 0.65, 1.33, 1.72, 1.73, 0.44], y2AxisNameList=[0.19, 0.42, 0.91, 0.77, 2.99, 1.96, 0.24, 1.67, 2.65, 4.15, 3.07, 2.13, 3.61]), code=200)，耗时(ms):310
2023-09-01 09:12:51.542 WARN  48964 --- [HikariPool-1 housekeeper] com.zaxxer.hikari.pool.HikariPool - HikariPool-1 - Thread starvation or clock leap detected (housekeeper delta=8h37m23s606ms73µs500ns).
