2023-12-14 20:05:06.986 INFO  11432 --- [background-preinit] org.hibernate.validator.internal.util.Version - HV000001: Hibernate Validator 6.2.5.Final
2023-12-14 20:05:07.082 INFO  11432 --- [main] com.pg.screen.PowerGridScreenApplication - Starting PowerGridScreenApplication using Java 1.8.0_92 on DESKTOP-J7GIHP0 with PID 11432 (G:\project\parttime\visualLargeScreenServe\visualLargeScreenServe\target\classes started by 12578 in G:\project\parttime\visualLargeScreenServe\visualLargeScreenServe)
2023-12-14 20:05:07.083 DEBUG 11432 --- [main] com.pg.screen.PowerGridScreenApplication - Running with Spring Boot v2.7.8, Spring v5.3.25
2023-12-14 20:05:07.084 INFO  11432 --- [main] com.pg.screen.PowerGridScreenApplication - No active profile set, falling back to 1 default profile: "default"
2023-12-14 20:05:13.221 INFO  11432 --- [main] o.s.boot.web.embedded.tomcat.TomcatWebServer - Tomcat initialized with port(s): 8001 (http)
2023-12-14 20:05:13.267 INFO  11432 --- [main] org.apache.coyote.http11.Http11NioProtocol - Initializing ProtocolHandler ["http-nio-8001"]
2023-12-14 20:05:13.269 INFO  11432 --- [main] org.apache.catalina.core.StandardService - Starting service [Tomcat]
2023-12-14 20:05:13.270 INFO  11432 --- [main] org.apache.catalina.core.StandardEngine - Starting Servlet engine: [Apache Tomcat/9.0.71]
2023-12-14 20:05:13.697 INFO  11432 --- [main] o.a.c.core.ContainerBase.[Tomcat].[localhost].[/] - Initializing Spring embedded WebApplicationContext
2023-12-14 20:05:13.697 INFO  11432 --- [main] o.s.b.w.s.c.ServletWebServerApplicationContext - Root WebApplicationContext: initialization completed in 6323 ms
2023-12-14 20:05:16.883 INFO  11432 --- [main] org.apache.coyote.http11.Http11NioProtocol - Starting ProtocolHandler ["http-nio-8001"]
2023-12-14 20:05:16.961 INFO  11432 --- [main] o.s.boot.web.embedded.tomcat.TomcatWebServer - Tomcat started on port(s): 8001 (http) with context path ''
2023-12-14 20:05:17.048 INFO  11432 --- [main] com.pg.screen.PowerGridScreenApplication - Started PowerGridScreenApplication in 11.966 seconds (JVM running for 20.524)
2023-12-14 20:05:26.812 INFO  11432 --- [http-nio-8001-exec-1] o.a.c.core.ContainerBase.[Tomcat].[localhost].[/] - Initializing Spring DispatcherServlet 'dispatcherServlet'
2023-12-14 20:05:26.813 INFO  11432 --- [http-nio-8001-exec-1] org.springframework.web.servlet.DispatcherServlet - Initializing Servlet 'dispatcherServlet'
2023-12-14 20:05:26.816 INFO  11432 --- [http-nio-8001-exec-1] org.springframework.web.servlet.DispatcherServlet - Completed initialization in 2 ms
2023-12-14 20:05:27.211 INFO  11432 --- [http-nio-8001-exec-1] com.zaxxer.hikari.HikariDataSource - HikariPool-1 - Starting...
2023-12-14 20:05:28.333 INFO  11432 --- [http-nio-8001-exec-1] com.zaxxer.hikari.HikariDataSource - HikariPool-1 - Start completed.
2023-12-14 20:05:28.345 DEBUG 11432 --- [http-nio-8001-exec-1] c.p.s.mapper.DefectLibraryMapper.selectListByQuery - ==>  Preparing: SELECT id, work_order_time, work_order_number, work_order_status, work_order_unit, operation_team, problem_type, defect_grade, defective_content, substation, owning_line, device_name, physical_id_number, device_type, family_defect, proposed_scheme, task_source, discovery_time, processing_time, process_description FROM DEFECT_LIBRARY WHERE processing_time BETWEEN ? AND ?
2023-12-14 20:05:28.728 DEBUG 11432 --- [http-nio-8001-exec-1] c.p.s.mapper.DefectLibraryMapper.selectListByQuery - ==> Parameters: 2023-03-28(LocalDate), 2023-04-01(LocalDate)
2023-12-14 20:05:29.491 DEBUG 11432 --- [http-nio-8001-exec-1] c.p.s.mapper.DefectLibraryMapper.selectListByQuery - <==      Total: 119
2023-12-14 20:05:29.498 INFO  11432 --- [http-nio-8001-exec-1] mybatis-flex-sql - SELECT id, work_order_time, work_order_number, work_order_status, work_order_unit, operation_team, problem_type, defect_grade, defective_content, substation, owning_line, device_name, physical_id_number, device_type, family_defect, proposed_scheme, task_source, discovery_time, processing_time, process_description FROM DEFECT_LIBRARY WHERE processing_time BETWEEN  '2023-03-28' AND '2023-04-01' ,770ms
2023-12-14 20:05:29.758 INFO  11432 --- [http-nio-8001-exec-1] com.pg.screen.service.OmAnalyzeService - 供电单位：高新园区供电分公司
2023-12-14 20:05:29.758 INFO  11432 --- [http-nio-8001-exec-1] com.pg.screen.service.OmAnalyzeService - 发现缺陷数量：21
2023-12-14 20:05:29.759 INFO  11432 --- [http-nio-8001-exec-1] com.pg.screen.service.OmAnalyzeService - 已消缺数量：21
2023-12-14 20:05:29.759 INFO  11432 --- [http-nio-8001-exec-1] com.pg.screen.service.OmAnalyzeService - 缺陷处理率：100.00
2023-12-14 20:05:29.761 INFO  11432 --- [http-nio-8001-exec-1] com.pg.screen.service.OmAnalyzeService - 缺陷处理平均时长：15天12小时
2023-12-14 20:05:29.761 INFO  11432 --- [http-nio-8001-exec-1] com.pg.screen.service.OmAnalyzeService - 供电单位：国网普兰店市供电公司
2023-12-14 20:05:29.761 INFO  11432 --- [http-nio-8001-exec-1] com.pg.screen.service.OmAnalyzeService - 发现缺陷数量：15
2023-12-14 20:05:29.761 INFO  11432 --- [http-nio-8001-exec-1] com.pg.screen.service.OmAnalyzeService - 已消缺数量：15
2023-12-14 20:05:29.761 INFO  11432 --- [http-nio-8001-exec-1] com.pg.screen.service.OmAnalyzeService - 缺陷处理率：100.00
2023-12-14 20:05:29.762 INFO  11432 --- [http-nio-8001-exec-1] com.pg.screen.service.OmAnalyzeService - 缺陷处理平均时长：2天17小时
2023-12-14 20:05:29.762 INFO  11432 --- [http-nio-8001-exec-1] com.pg.screen.service.OmAnalyzeService - 供电单位：国网大连市旅顺口区供电公司
2023-12-14 20:05:29.762 INFO  11432 --- [http-nio-8001-exec-1] com.pg.screen.service.OmAnalyzeService - 发现缺陷数量：23
2023-12-14 20:05:29.762 INFO  11432 --- [http-nio-8001-exec-1] com.pg.screen.service.OmAnalyzeService - 已消缺数量：23
2023-12-14 20:05:29.762 INFO  11432 --- [http-nio-8001-exec-1] com.pg.screen.service.OmAnalyzeService - 缺陷处理率：100.00
2023-12-14 20:05:29.763 INFO  11432 --- [http-nio-8001-exec-1] com.pg.screen.service.OmAnalyzeService - 缺陷处理平均时长：20天0小时
2023-12-14 20:05:29.763 INFO  11432 --- [http-nio-8001-exec-1] com.pg.screen.service.OmAnalyzeService - 供电单位：国网庄河市供电公司
2023-12-14 20:05:29.763 INFO  11432 --- [http-nio-8001-exec-1] com.pg.screen.service.OmAnalyzeService - 发现缺陷数量：35
2023-12-14 20:05:29.763 INFO  11432 --- [http-nio-8001-exec-1] com.pg.screen.service.OmAnalyzeService - 已消缺数量：35
2023-12-14 20:05:29.763 INFO  11432 --- [http-nio-8001-exec-1] com.pg.screen.service.OmAnalyzeService - 缺陷处理率：100.00
2023-12-14 20:05:29.764 INFO  11432 --- [http-nio-8001-exec-1] com.pg.screen.service.OmAnalyzeService - 缺陷处理平均时长：4天9小时
2023-12-14 20:05:29.764 INFO  11432 --- [http-nio-8001-exec-1] com.pg.screen.service.OmAnalyzeService - 供电单位：国网大连市金州新区供电公司
2023-12-14 20:05:29.764 INFO  11432 --- [http-nio-8001-exec-1] com.pg.screen.service.OmAnalyzeService - 发现缺陷数量：22
2023-12-14 20:05:29.764 INFO  11432 --- [http-nio-8001-exec-1] com.pg.screen.service.OmAnalyzeService - 已消缺数量：22
2023-12-14 20:05:29.764 INFO  11432 --- [http-nio-8001-exec-1] com.pg.screen.service.OmAnalyzeService - 缺陷处理率：100.00
2023-12-14 20:05:29.765 INFO  11432 --- [http-nio-8001-exec-1] com.pg.screen.service.OmAnalyzeService - 缺陷处理平均时长：3天1小时
2023-12-14 20:05:29.765 INFO  11432 --- [http-nio-8001-exec-1] com.pg.screen.service.OmAnalyzeService - 供电单位：沙河口供电分公司
2023-12-14 20:05:29.765 INFO  11432 --- [http-nio-8001-exec-1] com.pg.screen.service.OmAnalyzeService - 发现缺陷数量：3
2023-12-14 20:05:29.765 INFO  11432 --- [http-nio-8001-exec-1] com.pg.screen.service.OmAnalyzeService - 已消缺数量：3
2023-12-14 20:05:29.765 INFO  11432 --- [http-nio-8001-exec-1] com.pg.screen.service.OmAnalyzeService - 缺陷处理率：100.00
2023-12-14 20:05:29.765 INFO  11432 --- [http-nio-8001-exec-1] com.pg.screen.service.OmAnalyzeService - 缺陷处理平均时长：-21小时
2023-12-14 20:05:29.899 INFO  11432 --- [http-nio-8001-exec-1] mybatis-flex-sql - SELECT work_order_unit, COUNT(*) COUNTS FROM INSPECTION_HISTORY_CONTROL WHERE scheduled_end_time IS NOT NULL  AND scheduled_end_time BETWEEN  '2023-03-28' AND '2023-04-01'  GROUP BY work_order_unit,82ms
2023-12-14 20:05:29.902 INFO  11432 --- [http-nio-8001-exec-1] com.pg.screen.common.AspectControllerTimeConsuming - getWorkOrder()方法的入参为：[2023-03-28, 2023-03-31]，返回值为：HttpResult(success=true, message=ok, data=[DefectLibraryInfoVo(name=高新园区供电分公司, inspectionSum=115, solveSum=21, completeSolve=21, aveDate=15天12小时, rate=100.00), DefectLibraryInfoVo(name=国网普兰店市供电公司, inspectionSum=105, solveSum=15, completeSolve=15, aveDate=2天17小时, rate=100.00), DefectLibraryInfoVo(name=国网大连市旅顺口区供电公司, inspectionSum=155, solveSum=23, completeSolve=23, aveDate=20天0小时, rate=100.00), DefectLibraryInfoVo(name=国网庄河市供电公司, inspectionSum=90, solveSum=35, completeSolve=35, aveDate=4天9小时, rate=100.00), DefectLibraryInfoVo(name=国网大连市金州新区供电公司, inspectionSum=187, solveSum=22, completeSolve=22, aveDate=3天1小时, rate=100.00), DefectLibraryInfoVo(name=沙河口供电分公司, inspectionSum=164, solveSum=3, completeSolve=3, aveDate=-21小时, rate=100.00), DefectLibraryInfoVo(name=国网大连市开发区东部供电公司, inspectionSum=55, solveSum=0, completeSolve=0, aveDate=0, rate=0), DefectLibraryInfoVo(name=国网瓦房店市供电公司, inspectionSum=187, solveSum=0, completeSolve=0, aveDate=0, rate=0), DefectLibraryInfoVo(name=国网长海县供电公司, inspectionSum=23, solveSum=0, completeSolve=0, aveDate=0, rate=0), DefectLibraryInfoVo(name=国网大连市开发区供电公司, inspectionSum=79, solveSum=0, completeSolve=0, aveDate=0, rate=0), DefectLibraryInfoVo(name=国网大连市长兴岛临港工业区供电公司, inspectionSum=12, solveSum=0, completeSolve=0, aveDate=0, rate=0), DefectLibraryInfoVo(name=中山供电分公司, inspectionSum=85, solveSum=0, completeSolve=0, aveDate=0, rate=0), DefectLibraryInfoVo(name=甘井子供电分公司, inspectionSum=19, solveSum=0, completeSolve=0, aveDate=0, rate=0)], code=200)，耗时(ms):848
2023-12-14 20:30:42.753 INFO  14656 --- [background-preinit] org.hibernate.validator.internal.util.Version - HV000001: Hibernate Validator 6.2.5.Final
2023-12-14 20:30:42.761 INFO  14656 --- [main] com.pg.screen.PowerGridScreenApplication - Starting PowerGridScreenApplication using Java 1.8.0_92 on DESKTOP-J7GIHP0 with PID 14656 (G:\project\parttime\visualLargeScreenServe\visualLargeScreenServe\target\classes started by 12578 in G:\project\parttime\visualLargeScreenServe\visualLargeScreenServe)
2023-12-14 20:30:42.762 DEBUG 14656 --- [main] com.pg.screen.PowerGridScreenApplication - Running with Spring Boot v2.7.8, Spring v5.3.25
2023-12-14 20:30:42.764 INFO  14656 --- [main] com.pg.screen.PowerGridScreenApplication - No active profile set, falling back to 1 default profile: "default"
2023-12-14 20:30:45.549 INFO  14656 --- [main] o.s.boot.web.embedded.tomcat.TomcatWebServer - Tomcat initialized with port(s): 8001 (http)
2023-12-14 20:30:45.567 INFO  14656 --- [main] org.apache.coyote.http11.Http11NioProtocol - Initializing ProtocolHandler ["http-nio-8001"]
2023-12-14 20:30:45.569 INFO  14656 --- [main] org.apache.catalina.core.StandardService - Starting service [Tomcat]
2023-12-14 20:30:45.570 INFO  14656 --- [main] org.apache.catalina.core.StandardEngine - Starting Servlet engine: [Apache Tomcat/9.0.71]
2023-12-14 20:30:45.913 INFO  14656 --- [main] o.a.c.core.ContainerBase.[Tomcat].[localhost].[/] - Initializing Spring embedded WebApplicationContext
2023-12-14 20:30:45.914 INFO  14656 --- [main] o.s.b.w.s.c.ServletWebServerApplicationContext - Root WebApplicationContext: initialization completed in 3010 ms
2023-12-14 20:30:48.461 INFO  14656 --- [main] org.apache.coyote.http11.Http11NioProtocol - Starting ProtocolHandler ["http-nio-8001"]
2023-12-14 20:30:48.527 INFO  14656 --- [main] o.s.boot.web.embedded.tomcat.TomcatWebServer - Tomcat started on port(s): 8001 (http) with context path ''
2023-12-14 20:30:48.547 INFO  14656 --- [main] com.pg.screen.PowerGridScreenApplication - Started PowerGridScreenApplication in 6.948 seconds (JVM running for 14.303)
2023-12-14 20:30:54.798 INFO  14656 --- [http-nio-8001-exec-2] o.a.c.core.ContainerBase.[Tomcat].[localhost].[/] - Initializing Spring DispatcherServlet 'dispatcherServlet'
2023-12-14 20:30:54.798 INFO  14656 --- [http-nio-8001-exec-2] org.springframework.web.servlet.DispatcherServlet - Initializing Servlet 'dispatcherServlet'
2023-12-14 20:30:54.800 INFO  14656 --- [http-nio-8001-exec-2] org.springframework.web.servlet.DispatcherServlet - Completed initialization in 2 ms
2023-12-14 20:30:54.978 INFO  14656 --- [http-nio-8001-exec-2] com.zaxxer.hikari.HikariDataSource - HikariPool-1 - Starting...
2023-12-14 20:30:56.158 INFO  14656 --- [http-nio-8001-exec-2] com.zaxxer.hikari.HikariDataSource - HikariPool-1 - Start completed.
2023-12-14 20:30:56.172 DEBUG 14656 --- [http-nio-8001-exec-2] c.p.s.mapper.DefectLibraryMapper.selectListByQuery - ==>  Preparing: SELECT id, work_order_time, work_order_number, work_order_status, work_order_unit, operation_team, problem_type, defect_grade, defective_content, substation, owning_line, device_name, physical_id_number, device_type, family_defect, proposed_scheme, task_source, discovery_time, processing_time, process_description FROM DEFECT_LIBRARY WHERE processing_time BETWEEN ? AND ?
2023-12-14 20:30:56.472 DEBUG 14656 --- [http-nio-8001-exec-2] c.p.s.mapper.DefectLibraryMapper.selectListByQuery - ==> Parameters: 2023-03-28(LocalDate), 2023-04-01(LocalDate)
2023-12-14 20:30:57.385 DEBUG 14656 --- [http-nio-8001-exec-2] c.p.s.mapper.DefectLibraryMapper.selectListByQuery - <==      Total: 119
2023-12-14 20:30:57.395 INFO  14656 --- [http-nio-8001-exec-2] mybatis-flex-sql - SELECT id, work_order_time, work_order_number, work_order_status, work_order_unit, operation_team, problem_type, defect_grade, defective_content, substation, owning_line, device_name, physical_id_number, device_type, family_defect, proposed_scheme, task_source, discovery_time, processing_time, process_description FROM DEFECT_LIBRARY WHERE processing_time BETWEEN  '2023-03-28' AND '2023-04-01' ,922ms
2023-12-14 20:30:57.445 INFO  14656 --- [http-nio-8001-exec-2] com.pg.screen.service.OmAnalyzeService - 供电单位：高新园区供电分公司
2023-12-14 20:30:57.446 INFO  14656 --- [http-nio-8001-exec-2] com.pg.screen.service.OmAnalyzeService - 发现缺陷数量：21
2023-12-14 20:30:57.447 INFO  14656 --- [http-nio-8001-exec-2] com.pg.screen.service.OmAnalyzeService - 已消缺数量：21
2023-12-14 20:30:57.449 INFO  14656 --- [http-nio-8001-exec-2] com.pg.screen.service.OmAnalyzeService - 缺陷处理率：100.00
2023-12-14 20:30:57.453 INFO  14656 --- [http-nio-8001-exec-2] com.pg.screen.service.OmAnalyzeService - 缺陷处理平均时长：15天12小时
2023-12-14 20:30:57.454 INFO  14656 --- [http-nio-8001-exec-2] com.pg.screen.service.OmAnalyzeService - 供电单位：国网普兰店市供电公司
2023-12-14 20:30:57.455 INFO  14656 --- [http-nio-8001-exec-2] com.pg.screen.service.OmAnalyzeService - 发现缺陷数量：15
2023-12-14 20:30:57.455 INFO  14656 --- [http-nio-8001-exec-2] com.pg.screen.service.OmAnalyzeService - 已消缺数量：15
2023-12-14 20:30:57.456 INFO  14656 --- [http-nio-8001-exec-2] com.pg.screen.service.OmAnalyzeService - 缺陷处理率：100.00
2023-12-14 20:30:57.457 INFO  14656 --- [http-nio-8001-exec-2] com.pg.screen.service.OmAnalyzeService - 缺陷处理平均时长：2天17小时
2023-12-14 20:30:57.457 INFO  14656 --- [http-nio-8001-exec-2] com.pg.screen.service.OmAnalyzeService - 供电单位：国网大连市旅顺口区供电公司
2023-12-14 20:30:57.458 INFO  14656 --- [http-nio-8001-exec-2] com.pg.screen.service.OmAnalyzeService - 发现缺陷数量：23
2023-12-14 20:30:57.458 INFO  14656 --- [http-nio-8001-exec-2] com.pg.screen.service.OmAnalyzeService - 已消缺数量：23
2023-12-14 20:30:57.458 INFO  14656 --- [http-nio-8001-exec-2] com.pg.screen.service.OmAnalyzeService - 缺陷处理率：100.00
2023-12-14 20:30:57.459 INFO  14656 --- [http-nio-8001-exec-2] com.pg.screen.service.OmAnalyzeService - 缺陷处理平均时长：20天0小时
2023-12-14 20:30:57.459 INFO  14656 --- [http-nio-8001-exec-2] com.pg.screen.service.OmAnalyzeService - 供电单位：国网庄河市供电公司
2023-12-14 20:30:57.459 INFO  14656 --- [http-nio-8001-exec-2] com.pg.screen.service.OmAnalyzeService - 发现缺陷数量：35
2023-12-14 20:30:57.460 INFO  14656 --- [http-nio-8001-exec-2] com.pg.screen.service.OmAnalyzeService - 已消缺数量：31
2023-12-14 20:30:57.460 INFO  14656 --- [http-nio-8001-exec-2] com.pg.screen.service.OmAnalyzeService - 缺陷处理率：89.00
2023-12-14 20:30:57.461 INFO  14656 --- [http-nio-8001-exec-2] com.pg.screen.service.OmAnalyzeService - 缺陷处理平均时长：2天14小时
2023-12-14 20:30:57.461 INFO  14656 --- [http-nio-8001-exec-2] com.pg.screen.service.OmAnalyzeService - 供电单位：国网大连市金州新区供电公司
2023-12-14 20:30:57.462 INFO  14656 --- [http-nio-8001-exec-2] com.pg.screen.service.OmAnalyzeService - 发现缺陷数量：22
2023-12-14 20:30:57.462 INFO  14656 --- [http-nio-8001-exec-2] com.pg.screen.service.OmAnalyzeService - 已消缺数量：20
2023-12-14 20:30:57.462 INFO  14656 --- [http-nio-8001-exec-2] com.pg.screen.service.OmAnalyzeService - 缺陷处理率：91.00
2023-12-14 20:30:57.462 INFO  14656 --- [http-nio-8001-exec-2] com.pg.screen.service.OmAnalyzeService - 缺陷处理平均时长：4天9小时
2023-12-14 20:30:57.463 INFO  14656 --- [http-nio-8001-exec-2] com.pg.screen.service.OmAnalyzeService - 供电单位：沙河口供电分公司
2023-12-14 20:30:57.463 INFO  14656 --- [http-nio-8001-exec-2] com.pg.screen.service.OmAnalyzeService - 发现缺陷数量：3
2023-12-14 20:30:57.463 INFO  14656 --- [http-nio-8001-exec-2] com.pg.screen.service.OmAnalyzeService - 已消缺数量：3
2023-12-14 20:30:57.463 INFO  14656 --- [http-nio-8001-exec-2] com.pg.screen.service.OmAnalyzeService - 缺陷处理率：100.00
2023-12-14 20:30:57.463 INFO  14656 --- [http-nio-8001-exec-2] com.pg.screen.service.OmAnalyzeService - 缺陷处理平均时长：-21小时
2023-12-14 20:30:57.560 INFO  14656 --- [http-nio-8001-exec-2] mybatis-flex-sql - SELECT work_order_unit, COUNT(*) COUNTS FROM INSPECTION_HISTORY_CONTROL WHERE scheduled_end_time IS NOT NULL  AND scheduled_end_time BETWEEN  '2023-03-28' AND '2023-04-01'  GROUP BY work_order_unit,69ms
2023-12-14 20:30:57.563 INFO  14656 --- [http-nio-8001-exec-2] com.pg.screen.common.AspectControllerTimeConsuming - getWorkOrder()方法的入参为：[2023-03-28, 2023-03-31]，返回值为：HttpResult(success=true, message=ok, data=[DefectLibraryInfoVo(name=高新园区供电分公司, inspectionSum=115, solveSum=21, completeSolve=21, aveDate=15天12小时, rate=100.00), DefectLibraryInfoVo(name=国网普兰店市供电公司, inspectionSum=105, solveSum=15, completeSolve=15, aveDate=2天17小时, rate=100.00), DefectLibraryInfoVo(name=国网大连市旅顺口区供电公司, inspectionSum=155, solveSum=23, completeSolve=23, aveDate=20天0小时, rate=100.00), DefectLibraryInfoVo(name=国网庄河市供电公司, inspectionSum=90, solveSum=35, completeSolve=31, aveDate=2天14小时, rate=89.00), DefectLibraryInfoVo(name=国网大连市金州新区供电公司, inspectionSum=187, solveSum=22, completeSolve=20, aveDate=4天9小时, rate=91.00), DefectLibraryInfoVo(name=沙河口供电分公司, inspectionSum=164, solveSum=3, completeSolve=3, aveDate=-21小时, rate=100.00), DefectLibraryInfoVo(name=国网大连市开发区东部供电公司, inspectionSum=55, solveSum=0, completeSolve=0, aveDate=0, rate=0), DefectLibraryInfoVo(name=国网瓦房店市供电公司, inspectionSum=187, solveSum=0, completeSolve=0, aveDate=0, rate=0), DefectLibraryInfoVo(name=国网长海县供电公司, inspectionSum=23, solveSum=0, completeSolve=0, aveDate=0, rate=0), DefectLibraryInfoVo(name=国网大连市开发区供电公司, inspectionSum=79, solveSum=0, completeSolve=0, aveDate=0, rate=0), DefectLibraryInfoVo(name=国网大连市长兴岛临港工业区供电公司, inspectionSum=12, solveSum=0, completeSolve=0, aveDate=0, rate=0), DefectLibraryInfoVo(name=中山供电分公司, inspectionSum=85, solveSum=0, completeSolve=0, aveDate=0, rate=0), DefectLibraryInfoVo(name=甘井子供电分公司, inspectionSum=19, solveSum=0, completeSolve=0, aveDate=0, rate=0)], code=200)，耗时(ms):661
2023-12-14 20:35:44.763 WARN  14656 --- [http-nio-8001-exec-3] com.zaxxer.hikari.pool.PoolBase - HikariPool-1 - Failed to validate connection oracle.jdbc.driver.T4CConnection@4be7e806 (IO 错误: Invalid Operation, NOT Connected). Possibly consider using a shorter maxLifetime value.
2023-12-14 20:35:49.769 WARN  14656 --- [http-nio-8001-exec-3] com.zaxxer.hikari.pool.PoolBase - HikariPool-1 - Failed to validate connection oracle.jdbc.driver.T4CConnection@232240a8 (IO 错误: Invalid Operation, NOT Connected). Possibly consider using a shorter maxLifetime value.
2023-12-14 20:35:54.936 WARN  14656 --- [http-nio-8001-exec-3] com.zaxxer.hikari.pool.PoolBase - HikariPool-1 - Failed to validate connection oracle.jdbc.driver.T4CConnection@53b7c8c3 (IO 错误: Invalid Operation, NOT Connected). Possibly consider using a shorter maxLifetime value.
2023-12-14 20:35:59.953 WARN  14656 --- [http-nio-8001-exec-3] com.zaxxer.hikari.pool.PoolBase - HikariPool-1 - Failed to validate connection oracle.jdbc.driver.T4CConnection@6f65863e (IO 错误: Invalid Operation, NOT Connected). Possibly consider using a shorter maxLifetime value.
2023-12-14 20:36:00.017 WARN  14656 --- [http-nio-8001-exec-3] o.s.jdbc.support.SQLErrorCodesFactory - Error while extracting database name
org.springframework.jdbc.support.MetaDataAccessException: Could not get Connection for extracting meta-data; nested exception is org.springframework.jdbc.CannotGetJdbcConnectionException: Failed to obtain JDBC Connection; nested exception is java.sql.SQLTransientConnectionException: HikariPool-1 - Connection is not available, request timed out after 10025ms.
	at org.springframework.jdbc.support.JdbcUtils.extractDatabaseMetaData(JdbcUtils.java:363)
	at org.springframework.jdbc.support.SQLErrorCodesFactory.resolveErrorCodes(SQLErrorCodesFactory.java:235)
	at org.springframework.jdbc.support.SQLErrorCodeSQLExceptionTranslator.lambda$setDataSource$0(SQLErrorCodeSQLExceptionTranslator.java:140)
	at org.springframework.util.function.SingletonSupplier.get(SingletonSupplier.java:97)
	at org.springframework.jdbc.support.SQLErrorCodeSQLExceptionTranslator.setDataSource(SQLErrorCodeSQLExceptionTranslator.java:141)
	at org.springframework.jdbc.support.SQLErrorCodeSQLExceptionTranslator.<init>(SQLErrorCodeSQLExceptionTranslator.java:102)
	at org.mybatis.spring.MyBatisExceptionTranslator.lambda$new$0(MyBatisExceptionTranslator.java:55)
	at org.mybatis.spring.MyBatisExceptionTranslator.initExceptionTranslator(MyBatisExceptionTranslator.java:107)
	at org.mybatis.spring.MyBatisExceptionTranslator.translateExceptionIfPossible(MyBatisExceptionTranslator.java:89)
	at org.mybatis.spring.SqlSessionTemplate$SqlSessionInterceptor.invoke(SqlSessionTemplate.java:439)
	at com.sun.proxy.$Proxy75.selectList(Unknown Source)
	at org.mybatis.spring.SqlSessionTemplate.selectList(SqlSessionTemplate.java:224)
	at org.apache.ibatis.binding.MapperMethod.executeForMany(MapperMethod.java:147)
	at org.apache.ibatis.binding.MapperMethod.execute(MapperMethod.java:80)
	at org.apache.ibatis.binding.MapperProxy$PlainMethodInvoker.invoke(MapperProxy.java:142)
	at org.apache.ibatis.binding.MapperProxy.invoke(MapperProxy.java:86)
	at com.sun.proxy.$Proxy92.selectListByQuery(Unknown Source)
	at sun.reflect.NativeMethodAccessorImpl.invoke0(Native Method)
	at sun.reflect.NativeMethodAccessorImpl.invoke(NativeMethodAccessorImpl.java:62)
	at sun.reflect.DelegatingMethodAccessorImpl.invoke(DelegatingMethodAccessorImpl.java:43)
	at java.lang.reflect.Method.invoke(Method.java:498)
	at com.mybatisflex.core.mybatis.MapperInvocationHandler.invoke(MapperInvocationHandler.java:75)
	at com.sun.proxy.$Proxy92.selectListByQuery(Unknown Source)
	at com.pg.screen.dao.DefectLibraryDao.selectWorkOrderCount(DefectLibraryDao.java:84)
	at com.pg.screen.dao.DefectLibraryDao$$FastClassBySpringCGLIB$$9869aafc.invoke(<generated>)
	at org.springframework.cglib.proxy.MethodProxy.invoke(MethodProxy.java:218)
	at org.springframework.aop.framework.CglibAopProxy$CglibMethodInvocation.invokeJoinpoint(CglibAopProxy.java:793)
	at org.springframework.aop.framework.ReflectiveMethodInvocation.proceed(ReflectiveMethodInvocation.java:163)
	at org.springframework.aop.framework.CglibAopProxy$CglibMethodInvocation.proceed(CglibAopProxy.java:763)
	at org.springframework.dao.support.PersistenceExceptionTranslationInterceptor.invoke(PersistenceExceptionTranslationInterceptor.java:137)
	at org.springframework.aop.framework.ReflectiveMethodInvocation.proceed(ReflectiveMethodInvocation.java:186)
	at org.springframework.aop.framework.CglibAopProxy$CglibMethodInvocation.proceed(CglibAopProxy.java:763)
	at org.springframework.aop.framework.CglibAopProxy$DynamicAdvisedInterceptor.intercept(CglibAopProxy.java:708)
	at com.pg.screen.dao.DefectLibraryDao$$EnhancerBySpringCGLIB$$58d42c05.selectWorkOrderCount(<generated>)
	at com.pg.screen.service.OmAnalyzeService.getWorkOrderInfo(OmAnalyzeService.java:456)
	at com.pg.screen.controller.OmAnalyzeController.getWorkOrder(OmAnalyzeController.java:320)
	at com.pg.screen.controller.OmAnalyzeController$$FastClassBySpringCGLIB$$a3a06f30.invoke(<generated>)
	at org.springframework.cglib.proxy.MethodProxy.invoke(MethodProxy.java:218)
	at org.springframework.aop.framework.CglibAopProxy$CglibMethodInvocation.invokeJoinpoint(CglibAopProxy.java:793)
	at org.springframework.aop.framework.ReflectiveMethodInvocation.proceed(ReflectiveMethodInvocation.java:163)
	at org.springframework.aop.framework.CglibAopProxy$CglibMethodInvocation.proceed(CglibAopProxy.java:763)
	at org.springframework.aop.aspectj.MethodInvocationProceedingJoinPoint.proceed(MethodInvocationProceedingJoinPoint.java:89)
	at com.pg.screen.common.AspectControllerTimeConsuming.doAround(AspectControllerTimeConsuming.java:28)
	at sun.reflect.NativeMethodAccessorImpl.invoke0(Native Method)
	at sun.reflect.NativeMethodAccessorImpl.invoke(NativeMethodAccessorImpl.java:62)
	at sun.reflect.DelegatingMethodAccessorImpl.invoke(DelegatingMethodAccessorImpl.java:43)
	at java.lang.reflect.Method.invoke(Method.java:498)
	at org.springframework.aop.aspectj.AbstractAspectJAdvice.invokeAdviceMethodWithGivenArgs(AbstractAspectJAdvice.java:634)
	at org.springframework.aop.aspectj.AbstractAspectJAdvice.invokeAdviceMethod(AbstractAspectJAdvice.java:624)
	at org.springframework.aop.aspectj.AspectJAroundAdvice.invoke(AspectJAroundAdvice.java:72)
	at org.springframework.aop.framework.ReflectiveMethodInvocation.proceed(ReflectiveMethodInvocation.java:186)
	at org.springframework.aop.framework.CglibAopProxy$CglibMethodInvocation.proceed(CglibAopProxy.java:763)
	at org.springframework.aop.interceptor.ExposeInvocationInterceptor.invoke(ExposeInvocationInterceptor.java:97)
	at org.springframework.aop.framework.ReflectiveMethodInvocation.proceed(ReflectiveMethodInvocation.java:186)
	at org.springframework.aop.framework.CglibAopProxy$CglibMethodInvocation.proceed(CglibAopProxy.java:763)
	at org.springframework.aop.framework.CglibAopProxy$DynamicAdvisedInterceptor.intercept(CglibAopProxy.java:708)
	at com.pg.screen.controller.OmAnalyzeController$$EnhancerBySpringCGLIB$$47b2e8fc.getWorkOrder(<generated>)
	at sun.reflect.NativeMethodAccessorImpl.invoke0(Native Method)
	at sun.reflect.NativeMethodAccessorImpl.invoke(NativeMethodAccessorImpl.java:62)
	at sun.reflect.DelegatingMethodAccessorImpl.invoke(DelegatingMethodAccessorImpl.java:43)
	at java.lang.reflect.Method.invoke(Method.java:498)
	at org.springframework.web.method.support.InvocableHandlerMethod.doInvoke(InvocableHandlerMethod.java:205)
	at org.springframework.web.method.support.InvocableHandlerMethod.invokeForRequest(InvocableHandlerMethod.java:150)
	at org.springframework.web.servlet.mvc.method.annotation.ServletInvocableHandlerMethod.invokeAndHandle(ServletInvocableHandlerMethod.java:117)
	at org.springframework.web.servlet.mvc.method.annotation.RequestMappingHandlerAdapter.invokeHandlerMethod(RequestMappingHandlerAdapter.java:895)
	at org.springframework.web.servlet.mvc.method.annotation.RequestMappingHandlerAdapter.handleInternal(RequestMappingHandlerAdapter.java:808)
	at org.springframework.web.servlet.mvc.method.AbstractHandlerMethodAdapter.handle(AbstractHandlerMethodAdapter.java:87)
	at org.springframework.web.servlet.DispatcherServlet.doDispatch(DispatcherServlet.java:1071)
	at org.springframework.web.servlet.DispatcherServlet.doService(DispatcherServlet.java:964)
	at org.springframework.web.servlet.FrameworkServlet.processRequest(FrameworkServlet.java:1006)
	at org.springframework.web.servlet.FrameworkServlet.doGet(FrameworkServlet.java:898)
	at javax.servlet.http.HttpServlet.service(HttpServlet.java:670)
	at org.springframework.web.servlet.FrameworkServlet.service(FrameworkServlet.java:883)
	at javax.servlet.http.HttpServlet.service(HttpServlet.java:779)
	at org.apache.catalina.core.ApplicationFilterChain.internalDoFilter(ApplicationFilterChain.java:227)
	at org.apache.catalina.core.ApplicationFilterChain.doFilter(ApplicationFilterChain.java:162)
	at org.apache.tomcat.websocket.server.WsFilter.doFilter(WsFilter.java:53)
	at org.apache.catalina.core.ApplicationFilterChain.internalDoFilter(ApplicationFilterChain.java:189)
	at org.apache.catalina.core.ApplicationFilterChain.doFilter(ApplicationFilterChain.java:162)
	at org.springframework.web.filter.CharacterEncodingFilter.doFilterInternal(CharacterEncodingFilter.java:201)
	at org.springframework.web.filter.OncePerRequestFilter.doFilter(OncePerRequestFilter.java:117)
	at org.apache.catalina.core.ApplicationFilterChain.internalDoFilter(ApplicationFilterChain.java:189)
	at org.apache.catalina.core.ApplicationFilterChain.doFilter(ApplicationFilterChain.java:162)
	at com.pg.screen.config.CorsConfig.doFilter(CorsConfig.java:33)
	at org.apache.catalina.core.ApplicationFilterChain.internalDoFilter(ApplicationFilterChain.java:189)
	at org.apache.catalina.core.ApplicationFilterChain.doFilter(ApplicationFilterChain.java:162)
	at org.apache.catalina.core.StandardWrapperValve.invoke(StandardWrapperValve.java:177)
	at org.apache.catalina.core.StandardContextValve.invoke(StandardContextValve.java:97)
	at org.apache.catalina.authenticator.AuthenticatorBase.invoke(AuthenticatorBase.java:541)
	at org.apache.catalina.core.StandardHostValve.invoke(StandardHostValve.java:135)
	at org.apache.catalina.valves.ErrorReportValve.invoke(ErrorReportValve.java:92)
	at org.apache.catalina.core.StandardEngineValve.invoke(StandardEngineValve.java:78)
	at org.apache.catalina.connector.CoyoteAdapter.service(CoyoteAdapter.java:360)
	at org.apache.coyote.http11.Http11Processor.service(Http11Processor.java:399)
	at org.apache.coyote.AbstractProcessorLight.process(AbstractProcessorLight.java:65)
	at org.apache.coyote.AbstractProtocol$ConnectionHandler.process(AbstractProtocol.java:891)
	at org.apache.tomcat.util.net.NioEndpoint$SocketProcessor.doRun(NioEndpoint.java:1784)
	at org.apache.tomcat.util.net.SocketProcessorBase.run(SocketProcessorBase.java:49)
	at org.apache.tomcat.util.threads.ThreadPoolExecutor.runWorker(ThreadPoolExecutor.java:1191)
	at org.apache.tomcat.util.threads.ThreadPoolExecutor$Worker.run(ThreadPoolExecutor.java:659)
	at org.apache.tomcat.util.threads.TaskThread$WrappingRunnable.run(TaskThread.java:61)
	at java.lang.Thread.run(Thread.java:745)
Caused by: org.springframework.jdbc.CannotGetJdbcConnectionException: Failed to obtain JDBC Connection; nested exception is java.sql.SQLTransientConnectionException: HikariPool-1 - Connection is not available, request timed out after 10025ms.
	at org.springframework.jdbc.datasource.DataSourceUtils.getConnection(DataSourceUtils.java:83)
	at org.springframework.jdbc.support.JdbcUtils.extractDatabaseMetaData(JdbcUtils.java:337)
	... 101 common frames omitted
Caused by: java.sql.SQLTransientConnectionException: HikariPool-1 - Connection is not available, request timed out after 10025ms.
	at com.zaxxer.hikari.pool.HikariPool.createTimeoutException(HikariPool.java:696)
	at com.zaxxer.hikari.pool.HikariPool.getConnection(HikariPool.java:197)
	at com.zaxxer.hikari.pool.HikariPool.getConnection(HikariPool.java:162)
	at com.zaxxer.hikari.HikariDataSource.getConnection(HikariDataSource.java:128)
	at com.mybatisflex.core.datasource.FlexDataSource.getConnection(FlexDataSource.java:100)
	at org.springframework.jdbc.datasource.DataSourceUtils.fetchConnection(DataSourceUtils.java:159)
	at org.springframework.jdbc.datasource.DataSourceUtils.doGetConnection(DataSourceUtils.java:117)
	at org.springframework.jdbc.datasource.DataSourceUtils.getConnection(DataSourceUtils.java:80)
	... 102 common frames omitted
Caused by: java.sql.SQLRecoverableException: IO 错误: Invalid Operation, NOT Connected
	at oracle.jdbc.driver.T4CConnection.doSetNetworkTimeout(T4CConnection.java:9307)
	at oracle.jdbc.driver.PhysicalConnection.setNetworkTimeout(PhysicalConnection.java:9998)
	at com.zaxxer.hikari.pool.PoolBase.setNetworkTimeout(PoolBase.java:566)
	at com.zaxxer.hikari.pool.PoolBase.isConnectionAlive(PoolBase.java:173)
	at com.zaxxer.hikari.pool.HikariPool.getConnection(HikariPool.java:186)
	... 108 common frames omitted
Caused by: oracle.net.ns.NetException: Invalid Operation, NOT Connected
	at oracle.net.nt.TcpNTAdapter.setOption(TcpNTAdapter.java:747)
	at oracle.net.ns.NSProtocol.setOption(NSProtocol.java:725)
	at oracle.net.ns.NSProtocol.setSocketReadTimeout(NSProtocol.java:1040)
	at oracle.jdbc.driver.T4CConnection.doSetNetworkTimeout(T4CConnection.java:9304)
	... 112 common frames omitted
2023-12-14 20:36:05.044 WARN  14656 --- [http-nio-8001-exec-3] com.zaxxer.hikari.pool.PoolBase - HikariPool-1 - Failed to validate connection oracle.jdbc.driver.T4CConnection@a89ec14 (IO 错误: Invalid Operation, NOT Connected). Possibly consider using a shorter maxLifetime value.
2023-12-14 20:36:20.980 INFO  10912 --- [background-preinit] org.hibernate.validator.internal.util.Version - HV000001: Hibernate Validator 6.2.5.Final
2023-12-14 20:36:20.991 INFO  10912 --- [main] com.pg.screen.PowerGridScreenApplication - Starting PowerGridScreenApplication using Java 1.8.0_92 on DESKTOP-J7GIHP0 with PID 10912 (G:\project\parttime\visualLargeScreenServe\visualLargeScreenServe\target\classes started by 12578 in G:\project\parttime\visualLargeScreenServe\visualLargeScreenServe)
2023-12-14 20:36:20.993 DEBUG 10912 --- [main] com.pg.screen.PowerGridScreenApplication - Running with Spring Boot v2.7.8, Spring v5.3.25
2023-12-14 20:36:20.994 INFO  10912 --- [main] com.pg.screen.PowerGridScreenApplication - No active profile set, falling back to 1 default profile: "default"
2023-12-14 20:36:23.737 INFO  10912 --- [main] o.s.boot.web.embedded.tomcat.TomcatWebServer - Tomcat initialized with port(s): 8001 (http)
2023-12-14 20:36:23.755 INFO  10912 --- [main] org.apache.coyote.http11.Http11NioProtocol - Initializing ProtocolHandler ["http-nio-8001"]
2023-12-14 20:36:23.757 INFO  10912 --- [main] org.apache.catalina.core.StandardService - Starting service [Tomcat]
2023-12-14 20:36:23.757 INFO  10912 --- [main] org.apache.catalina.core.StandardEngine - Starting Servlet engine: [Apache Tomcat/9.0.71]
2023-12-14 20:36:24.088 INFO  10912 --- [main] o.a.c.core.ContainerBase.[Tomcat].[localhost].[/] - Initializing Spring embedded WebApplicationContext
2023-12-14 20:36:24.088 INFO  10912 --- [main] o.s.b.w.s.c.ServletWebServerApplicationContext - Root WebApplicationContext: initialization completed in 2961 ms
2023-12-14 20:36:26.619 INFO  10912 --- [main] org.apache.coyote.http11.Http11NioProtocol - Starting ProtocolHandler ["http-nio-8001"]
2023-12-14 20:36:26.692 INFO  10912 --- [main] o.s.boot.web.embedded.tomcat.TomcatWebServer - Tomcat started on port(s): 8001 (http) with context path ''
2023-12-14 20:36:26.715 INFO  10912 --- [main] com.pg.screen.PowerGridScreenApplication - Started PowerGridScreenApplication in 6.866 seconds (JVM running for 14.295)
2023-12-14 20:37:03.801 INFO  10912 --- [http-nio-8001-exec-1] o.a.c.core.ContainerBase.[Tomcat].[localhost].[/] - Initializing Spring DispatcherServlet 'dispatcherServlet'
2023-12-14 20:37:03.802 INFO  10912 --- [http-nio-8001-exec-1] org.springframework.web.servlet.DispatcherServlet - Initializing Servlet 'dispatcherServlet'
2023-12-14 20:37:03.804 INFO  10912 --- [http-nio-8001-exec-1] org.springframework.web.servlet.DispatcherServlet - Completed initialization in 2 ms
2023-12-14 20:37:03.963 INFO  10912 --- [http-nio-8001-exec-1] com.zaxxer.hikari.HikariDataSource - HikariPool-1 - Starting...
2023-12-14 20:37:04.800 INFO  10912 --- [http-nio-8001-exec-1] com.zaxxer.hikari.HikariDataSource - HikariPool-1 - Start completed.
2023-12-14 20:37:04.811 DEBUG 10912 --- [http-nio-8001-exec-1] c.p.s.mapper.DefectLibraryMapper.selectListByQuery - ==>  Preparing: SELECT id, work_order_time, work_order_number, work_order_status, work_order_unit, operation_team, problem_type, defect_grade, defective_content, substation, owning_line, device_name, physical_id_number, device_type, family_defect, proposed_scheme, task_source, discovery_time, processing_time, process_description FROM DEFECT_LIBRARY WHERE processing_time BETWEEN ? AND ?
2023-12-14 20:37:05.112 DEBUG 10912 --- [http-nio-8001-exec-1] c.p.s.mapper.DefectLibraryMapper.selectListByQuery - ==> Parameters: 2023-03-31(LocalDate), 2023-04-01(LocalDate)
2023-12-14 20:37:05.294 DEBUG 10912 --- [http-nio-8001-exec-1] c.p.s.mapper.DefectLibraryMapper.selectListByQuery - <==      Total: 3
2023-12-14 20:37:05.299 INFO  10912 --- [http-nio-8001-exec-1] mybatis-flex-sql - SELECT id, work_order_time, work_order_number, work_order_status, work_order_unit, operation_team, problem_type, defect_grade, defective_content, substation, owning_line, device_name, physical_id_number, device_type, family_defect, proposed_scheme, task_source, discovery_time, processing_time, process_description FROM DEFECT_LIBRARY WHERE processing_time BETWEEN  '2023-03-31' AND '2023-04-01' ,187ms
2023-12-14 20:37:05.322 INFO  10912 --- [http-nio-8001-exec-1] com.pg.screen.service.OmAnalyzeService - 供电单位：国网普兰店市供电公司
2023-12-14 20:37:05.323 INFO  10912 --- [http-nio-8001-exec-1] com.pg.screen.service.OmAnalyzeService - 发现缺陷数量：1
2023-12-14 20:37:05.324 INFO  10912 --- [http-nio-8001-exec-1] com.pg.screen.service.OmAnalyzeService - 已消缺数量：1
2023-12-14 20:37:05.324 INFO  10912 --- [http-nio-8001-exec-1] com.pg.screen.service.OmAnalyzeService - 缺陷处理率：100.00
2023-12-14 20:37:05.326 INFO  10912 --- [http-nio-8001-exec-1] com.pg.screen.service.OmAnalyzeService - 缺陷处理平均时长：2天6小时
2023-12-14 20:37:05.326 INFO  10912 --- [http-nio-8001-exec-1] com.pg.screen.service.OmAnalyzeService - 供电单位：国网大连市旅顺口区供电公司
2023-12-14 20:37:05.326 INFO  10912 --- [http-nio-8001-exec-1] com.pg.screen.service.OmAnalyzeService - 发现缺陷数量：1
2023-12-14 20:37:05.326 INFO  10912 --- [http-nio-8001-exec-1] com.pg.screen.service.OmAnalyzeService - 已消缺数量：1
2023-12-14 20:37:05.326 INFO  10912 --- [http-nio-8001-exec-1] com.pg.screen.service.OmAnalyzeService - 缺陷处理率：100.00
2023-12-14 20:37:05.327 INFO  10912 --- [http-nio-8001-exec-1] com.pg.screen.service.OmAnalyzeService - 缺陷处理平均时长：2天2小时
2023-12-14 20:37:05.327 INFO  10912 --- [http-nio-8001-exec-1] com.pg.screen.service.OmAnalyzeService - 供电单位：国网庄河市供电公司
2023-12-14 20:37:05.327 INFO  10912 --- [http-nio-8001-exec-1] com.pg.screen.service.OmAnalyzeService - 发现缺陷数量：1
2023-12-14 20:37:05.328 INFO  10912 --- [http-nio-8001-exec-1] com.pg.screen.service.OmAnalyzeService - 已消缺数量：1
2023-12-14 20:37:05.328 INFO  10912 --- [http-nio-8001-exec-1] com.pg.screen.service.OmAnalyzeService - 缺陷处理率：100.00
2023-12-14 20:37:05.328 INFO  10912 --- [http-nio-8001-exec-1] com.pg.screen.service.OmAnalyzeService - 缺陷处理平均时长：2天1小时
2023-12-14 20:37:05.387 INFO  10912 --- [http-nio-8001-exec-1] mybatis-flex-sql - SELECT work_order_unit, COUNT(*) COUNTS FROM INSPECTION_HISTORY_CONTROL WHERE scheduled_end_time IS NOT NULL  AND scheduled_end_time BETWEEN  '2023-03-31' AND '2023-04-01'  GROUP BY work_order_unit,34ms
2023-12-14 20:37:05.388 INFO  10912 --- [http-nio-8001-exec-1] com.pg.screen.common.AspectControllerTimeConsuming - getWorkOrder()方法的入参为：[2023-03-31, 2023-03-31]，返回值为：HttpResult(success=true, message=ok, data=[DefectLibraryInfoVo(name=国网普兰店市供电公司, inspectionSum=105, solveSum=1, completeSolve=1, aveDate=2天6小时, rate=100.00), DefectLibraryInfoVo(name=国网大连市旅顺口区供电公司, inspectionSum=155, solveSum=1, completeSolve=1, aveDate=2天2小时, rate=100.00), DefectLibraryInfoVo(name=国网庄河市供电公司, inspectionSum=90, solveSum=1, completeSolve=1, aveDate=2天1小时, rate=100.00), DefectLibraryInfoVo(name=国网大连市开发区东部供电公司, inspectionSum=54, solveSum=0, completeSolve=0, aveDate=0, rate=0), DefectLibraryInfoVo(name=国网瓦房店市供电公司, inspectionSum=187, solveSum=0, completeSolve=0, aveDate=0, rate=0), DefectLibraryInfoVo(name=高新园区供电分公司, inspectionSum=115, solveSum=0, completeSolve=0, aveDate=0, rate=0), DefectLibraryInfoVo(name=国网长海县供电公司, inspectionSum=23, solveSum=0, completeSolve=0, aveDate=0, rate=0), DefectLibraryInfoVo(name=国网大连市开发区供电公司, inspectionSum=79, solveSum=0, completeSolve=0, aveDate=0, rate=0), DefectLibraryInfoVo(name=沙河口供电分公司, inspectionSum=164, solveSum=0, completeSolve=0, aveDate=0, rate=0), DefectLibraryInfoVo(name=国网大连市长兴岛临港工业区供电公司, inspectionSum=12, solveSum=0, completeSolve=0, aveDate=0, rate=0), DefectLibraryInfoVo(name=国网大连市金州新区供电公司, inspectionSum=187, solveSum=0, completeSolve=0, aveDate=0, rate=0), DefectLibraryInfoVo(name=中山供电分公司, inspectionSum=85, solveSum=0, completeSolve=0, aveDate=0, rate=0), DefectLibraryInfoVo(name=甘井子供电分公司, inspectionSum=19, solveSum=0, completeSolve=0, aveDate=0, rate=0)], code=200)，耗时(ms):495
2023-12-14 20:38:32.633 DEBUG 10912 --- [http-nio-8001-exec-3] c.p.s.mapper.DefectLibraryMapper.selectListByQuery - ==>  Preparing: SELECT id, work_order_time, work_order_number, work_order_status, work_order_unit, operation_team, problem_type, defect_grade, defective_content, substation, owning_line, device_name, physical_id_number, device_type, family_defect, proposed_scheme, task_source, discovery_time, processing_time, process_description FROM DEFECT_LIBRARY WHERE processing_time BETWEEN ? AND ?
2023-12-14 20:38:32.634 DEBUG 10912 --- [http-nio-8001-exec-3] c.p.s.mapper.DefectLibraryMapper.selectListByQuery - ==> Parameters: 2023-03-30(LocalDate), 2023-04-01(LocalDate)
2023-12-14 20:38:32.773 DEBUG 10912 --- [http-nio-8001-exec-3] c.p.s.mapper.DefectLibraryMapper.selectListByQuery - <==      Total: 59
2023-12-14 20:38:32.774 INFO  10912 --- [http-nio-8001-exec-3] mybatis-flex-sql - SELECT id, work_order_time, work_order_number, work_order_status, work_order_unit, operation_team, problem_type, defect_grade, defective_content, substation, owning_line, device_name, physical_id_number, device_type, family_defect, proposed_scheme, task_source, discovery_time, processing_time, process_description FROM DEFECT_LIBRARY WHERE processing_time BETWEEN  '2023-03-30' AND '2023-04-01' ,139ms
2023-12-14 20:38:32.787 INFO  10912 --- [http-nio-8001-exec-3] com.pg.screen.service.OmAnalyzeService - 供电单位：高新园区供电分公司
2023-12-14 20:38:32.787 INFO  10912 --- [http-nio-8001-exec-3] com.pg.screen.service.OmAnalyzeService - 发现缺陷数量：17
2023-12-14 20:38:32.787 INFO  10912 --- [http-nio-8001-exec-3] com.pg.screen.service.OmAnalyzeService - 已消缺数量：17
2023-12-14 20:38:32.788 INFO  10912 --- [http-nio-8001-exec-3] com.pg.screen.service.OmAnalyzeService - 缺陷处理率：100.00
2023-12-14 20:38:32.788 INFO  10912 --- [http-nio-8001-exec-3] com.pg.screen.service.OmAnalyzeService - 缺陷处理平均时长：19天0小时
2023-12-14 20:38:32.788 INFO  10912 --- [http-nio-8001-exec-3] com.pg.screen.service.OmAnalyzeService - 供电单位：国网普兰店市供电公司
2023-12-14 20:38:32.788 INFO  10912 --- [http-nio-8001-exec-3] com.pg.screen.service.OmAnalyzeService - 发现缺陷数量：5
2023-12-14 20:38:32.788 INFO  10912 --- [http-nio-8001-exec-3] com.pg.screen.service.OmAnalyzeService - 已消缺数量：5
2023-12-14 20:38:32.788 INFO  10912 --- [http-nio-8001-exec-3] com.pg.screen.service.OmAnalyzeService - 缺陷处理率：100.00
2023-12-14 20:38:32.789 INFO  10912 --- [http-nio-8001-exec-3] com.pg.screen.service.OmAnalyzeService - 缺陷处理平均时长：7天5小时
2023-12-14 20:38:32.789 INFO  10912 --- [http-nio-8001-exec-3] com.pg.screen.service.OmAnalyzeService - 供电单位：国网大连市旅顺口区供电公司
2023-12-14 20:38:32.789 INFO  10912 --- [http-nio-8001-exec-3] com.pg.screen.service.OmAnalyzeService - 发现缺陷数量：15
2023-12-14 20:38:32.789 INFO  10912 --- [http-nio-8001-exec-3] com.pg.screen.service.OmAnalyzeService - 已消缺数量：15
2023-12-14 20:38:32.789 INFO  10912 --- [http-nio-8001-exec-3] com.pg.screen.service.OmAnalyzeService - 缺陷处理率：100.00
2023-12-14 20:38:32.790 INFO  10912 --- [http-nio-8001-exec-3] com.pg.screen.service.OmAnalyzeService - 缺陷处理平均时长：17天23小时
2023-12-14 20:38:32.790 INFO  10912 --- [http-nio-8001-exec-3] com.pg.screen.service.OmAnalyzeService - 供电单位：国网庄河市供电公司
2023-12-14 20:38:32.790 INFO  10912 --- [http-nio-8001-exec-3] com.pg.screen.service.OmAnalyzeService - 发现缺陷数量：14
2023-12-14 20:38:32.790 INFO  10912 --- [http-nio-8001-exec-3] com.pg.screen.service.OmAnalyzeService - 已消缺数量：13
2023-12-14 20:38:32.790 INFO  10912 --- [http-nio-8001-exec-3] com.pg.screen.service.OmAnalyzeService - 缺陷处理率：93.00
2023-12-14 20:38:32.790 INFO  10912 --- [http-nio-8001-exec-3] com.pg.screen.service.OmAnalyzeService - 缺陷处理平均时长：15天21小时
2023-12-14 20:38:32.790 INFO  10912 --- [http-nio-8001-exec-3] com.pg.screen.service.OmAnalyzeService - 供电单位：国网大连市金州新区供电公司
2023-12-14 20:38:32.790 INFO  10912 --- [http-nio-8001-exec-3] com.pg.screen.service.OmAnalyzeService - 发现缺陷数量：8
2023-12-14 20:38:32.791 INFO  10912 --- [http-nio-8001-exec-3] com.pg.screen.service.OmAnalyzeService - 已消缺数量：8
2023-12-14 20:38:32.791 INFO  10912 --- [http-nio-8001-exec-3] com.pg.screen.service.OmAnalyzeService - 缺陷处理率：100.00
2023-12-14 20:38:32.791 INFO  10912 --- [http-nio-8001-exec-3] com.pg.screen.service.OmAnalyzeService - 缺陷处理平均时长：9天15小时
2023-12-14 20:38:32.831 INFO  10912 --- [http-nio-8001-exec-3] mybatis-flex-sql - SELECT work_order_unit, COUNT(*) COUNTS FROM INSPECTION_HISTORY_CONTROL WHERE scheduled_end_time IS NOT NULL  AND scheduled_end_time BETWEEN  '2023-03-30' AND '2023-04-01'  GROUP BY work_order_unit,36ms
2023-12-14 20:38:32.832 INFO  10912 --- [http-nio-8001-exec-3] com.pg.screen.common.AspectControllerTimeConsuming - getWorkOrder()方法的入参为：[2023-03-30, 2023-03-31]，返回值为：HttpResult(success=true, message=ok, data=[DefectLibraryInfoVo(name=高新园区供电分公司, inspectionSum=115, solveSum=17, completeSolve=17, aveDate=19天0小时, rate=100.00), DefectLibraryInfoVo(name=国网普兰店市供电公司, inspectionSum=105, solveSum=5, completeSolve=5, aveDate=7天5小时, rate=100.00), DefectLibraryInfoVo(name=国网大连市旅顺口区供电公司, inspectionSum=155, solveSum=15, completeSolve=15, aveDate=17天23小时, rate=100.00), DefectLibraryInfoVo(name=国网庄河市供电公司, inspectionSum=90, solveSum=14, completeSolve=13, aveDate=15天21小时, rate=93.00), DefectLibraryInfoVo(name=国网大连市金州新区供电公司, inspectionSum=187, solveSum=8, completeSolve=8, aveDate=9天15小时, rate=100.00), DefectLibraryInfoVo(name=国网大连市开发区东部供电公司, inspectionSum=55, solveSum=0, completeSolve=0, aveDate=0, rate=0), DefectLibraryInfoVo(name=国网瓦房店市供电公司, inspectionSum=187, solveSum=0, completeSolve=0, aveDate=0, rate=0), DefectLibraryInfoVo(name=国网长海县供电公司, inspectionSum=23, solveSum=0, completeSolve=0, aveDate=0, rate=0), DefectLibraryInfoVo(name=国网大连市开发区供电公司, inspectionSum=79, solveSum=0, completeSolve=0, aveDate=0, rate=0), DefectLibraryInfoVo(name=沙河口供电分公司, inspectionSum=164, solveSum=0, completeSolve=0, aveDate=0, rate=0), DefectLibraryInfoVo(name=国网大连市长兴岛临港工业区供电公司, inspectionSum=12, solveSum=0, completeSolve=0, aveDate=0, rate=0), DefectLibraryInfoVo(name=中山供电分公司, inspectionSum=85, solveSum=0, completeSolve=0, aveDate=0, rate=0), DefectLibraryInfoVo(name=甘井子供电分公司, inspectionSum=19, solveSum=0, completeSolve=0, aveDate=0, rate=0)], code=200)，耗时(ms):210
2023-12-14 20:40:19.274 DEBUG 10912 --- [http-nio-8001-exec-5] c.p.s.mapper.DefectLibraryMapper.selectListByQuery - ==>  Preparing: SELECT id, work_order_time, work_order_number, work_order_status, work_order_unit, operation_team, problem_type, defect_grade, defective_content, substation, owning_line, device_name, physical_id_number, device_type, family_defect, proposed_scheme, task_source, discovery_time, processing_time, process_description FROM DEFECT_LIBRARY WHERE processing_time BETWEEN ? AND ?
2023-12-14 20:40:19.275 DEBUG 10912 --- [http-nio-8001-exec-5] c.p.s.mapper.DefectLibraryMapper.selectListByQuery - ==> Parameters: 2023-03-30(LocalDate), 2023-04-01(LocalDate)
2023-12-14 20:40:19.407 DEBUG 10912 --- [http-nio-8001-exec-5] c.p.s.mapper.DefectLibraryMapper.selectListByQuery - <==      Total: 59
2023-12-14 20:40:19.407 INFO  10912 --- [http-nio-8001-exec-5] mybatis-flex-sql - SELECT id, work_order_time, work_order_number, work_order_status, work_order_unit, operation_team, problem_type, defect_grade, defective_content, substation, owning_line, device_name, physical_id_number, device_type, family_defect, proposed_scheme, task_source, discovery_time, processing_time, process_description FROM DEFECT_LIBRARY WHERE processing_time BETWEEN  '2023-03-30' AND '2023-04-01' ,132ms
2023-12-14 20:40:19.431 INFO  10912 --- [http-nio-8001-exec-5] com.pg.screen.service.OmAnalyzeService - 供电单位：高新园区供电分公司
2023-12-14 20:40:19.432 INFO  10912 --- [http-nio-8001-exec-5] com.pg.screen.service.OmAnalyzeService - 发现缺陷数量：17
2023-12-14 20:40:19.432 INFO  10912 --- [http-nio-8001-exec-5] com.pg.screen.service.OmAnalyzeService - 已消缺数量：17
2023-12-14 20:40:19.432 INFO  10912 --- [http-nio-8001-exec-5] com.pg.screen.service.OmAnalyzeService - 缺陷处理率：100.00
2023-12-14 20:40:19.432 INFO  10912 --- [http-nio-8001-exec-5] com.pg.screen.service.OmAnalyzeService - 缺陷处理平均时长：19天0小时
2023-12-14 20:40:19.432 INFO  10912 --- [http-nio-8001-exec-5] com.pg.screen.service.OmAnalyzeService - 供电单位：国网普兰店市供电公司
2023-12-14 20:40:19.432 INFO  10912 --- [http-nio-8001-exec-5] com.pg.screen.service.OmAnalyzeService - 发现缺陷数量：5
2023-12-14 20:40:19.432 INFO  10912 --- [http-nio-8001-exec-5] com.pg.screen.service.OmAnalyzeService - 已消缺数量：5
2023-12-14 20:40:19.433 INFO  10912 --- [http-nio-8001-exec-5] com.pg.screen.service.OmAnalyzeService - 缺陷处理率：100.00
2023-12-14 20:40:19.433 INFO  10912 --- [http-nio-8001-exec-5] com.pg.screen.service.OmAnalyzeService - 缺陷处理平均时长：7天5小时
2023-12-14 20:40:19.433 INFO  10912 --- [http-nio-8001-exec-5] com.pg.screen.service.OmAnalyzeService - 供电单位：国网大连市旅顺口区供电公司
2023-12-14 20:40:19.433 INFO  10912 --- [http-nio-8001-exec-5] com.pg.screen.service.OmAnalyzeService - 发现缺陷数量：15
2023-12-14 20:40:19.433 INFO  10912 --- [http-nio-8001-exec-5] com.pg.screen.service.OmAnalyzeService - 已消缺数量：15
2023-12-14 20:40:19.433 INFO  10912 --- [http-nio-8001-exec-5] com.pg.screen.service.OmAnalyzeService - 缺陷处理率：100.00
2023-12-14 20:40:19.433 INFO  10912 --- [http-nio-8001-exec-5] com.pg.screen.service.OmAnalyzeService - 缺陷处理平均时长：17天23小时
2023-12-14 20:40:19.433 INFO  10912 --- [http-nio-8001-exec-5] com.pg.screen.service.OmAnalyzeService - 供电单位：国网庄河市供电公司
2023-12-14 20:40:19.434 INFO  10912 --- [http-nio-8001-exec-5] com.pg.screen.service.OmAnalyzeService - 发现缺陷数量：14
2023-12-14 20:40:19.434 INFO  10912 --- [http-nio-8001-exec-5] com.pg.screen.service.OmAnalyzeService - 已消缺数量：13
2023-12-14 20:40:19.434 INFO  10912 --- [http-nio-8001-exec-5] com.pg.screen.service.OmAnalyzeService - 缺陷处理率：93.00
2023-12-14 20:40:19.434 INFO  10912 --- [http-nio-8001-exec-5] com.pg.screen.service.OmAnalyzeService - 缺陷处理平均时长：15天21小时
2023-12-14 20:40:19.434 INFO  10912 --- [http-nio-8001-exec-5] com.pg.screen.service.OmAnalyzeService - 供电单位：国网大连市金州新区供电公司
2023-12-14 20:40:19.434 INFO  10912 --- [http-nio-8001-exec-5] com.pg.screen.service.OmAnalyzeService - 发现缺陷数量：8
2023-12-14 20:40:19.434 INFO  10912 --- [http-nio-8001-exec-5] com.pg.screen.service.OmAnalyzeService - 已消缺数量：8
2023-12-14 20:40:19.434 INFO  10912 --- [http-nio-8001-exec-5] com.pg.screen.service.OmAnalyzeService - 缺陷处理率：100.00
2023-12-14 20:40:19.434 INFO  10912 --- [http-nio-8001-exec-5] com.pg.screen.service.OmAnalyzeService - 缺陷处理平均时长：9天15小时
2023-12-14 20:40:19.480 INFO  10912 --- [http-nio-8001-exec-5] mybatis-flex-sql - SELECT work_order_unit, COUNT(*) COUNTS FROM INSPECTION_HISTORY_CONTROL WHERE scheduled_end_time IS NOT NULL  AND scheduled_end_time BETWEEN  '2023-03-30' AND '2023-04-01'  GROUP BY work_order_unit,45ms
2023-12-14 20:40:19.481 INFO  10912 --- [http-nio-8001-exec-5] com.pg.screen.common.AspectControllerTimeConsuming - getWorkOrder()方法的入参为：[2023-03-30, 2023-03-31]，返回值为：HttpResult(success=true, message=ok, data=[DefectLibraryInfoVo(name=高新园区供电分公司, inspectionSum=115, solveSum=17, completeSolve=17, aveDate=19天0小时, rate=100.00), DefectLibraryInfoVo(name=国网普兰店市供电公司, inspectionSum=105, solveSum=5, completeSolve=5, aveDate=7天5小时, rate=100.00), DefectLibraryInfoVo(name=国网大连市旅顺口区供电公司, inspectionSum=155, solveSum=15, completeSolve=15, aveDate=17天23小时, rate=100.00), DefectLibraryInfoVo(name=国网庄河市供电公司, inspectionSum=90, solveSum=14, completeSolve=13, aveDate=15天21小时, rate=93.00), DefectLibraryInfoVo(name=国网大连市金州新区供电公司, inspectionSum=187, solveSum=8, completeSolve=8, aveDate=9天15小时, rate=100.00), DefectLibraryInfoVo(name=国网大连市开发区东部供电公司, inspectionSum=55, solveSum=0, completeSolve=0, aveDate=0, rate=0), DefectLibraryInfoVo(name=国网瓦房店市供电公司, inspectionSum=187, solveSum=0, completeSolve=0, aveDate=0, rate=0), DefectLibraryInfoVo(name=国网长海县供电公司, inspectionSum=23, solveSum=0, completeSolve=0, aveDate=0, rate=0), DefectLibraryInfoVo(name=国网大连市开发区供电公司, inspectionSum=79, solveSum=0, completeSolve=0, aveDate=0, rate=0), DefectLibraryInfoVo(name=沙河口供电分公司, inspectionSum=164, solveSum=0, completeSolve=0, aveDate=0, rate=0), DefectLibraryInfoVo(name=国网大连市长兴岛临港工业区供电公司, inspectionSum=12, solveSum=0, completeSolve=0, aveDate=0, rate=0), DefectLibraryInfoVo(name=中山供电分公司, inspectionSum=85, solveSum=0, completeSolve=0, aveDate=0, rate=0), DefectLibraryInfoVo(name=甘井子供电分公司, inspectionSum=19, solveSum=0, completeSolve=0, aveDate=0, rate=0)], code=200)，耗时(ms):235
2023-12-14 20:46:44.473 WARN  10912 --- [http-nio-8001-exec-7] com.zaxxer.hikari.pool.PoolBase - HikariPool-1 - Failed to validate connection oracle.jdbc.driver.T4CConnection@70048130 (IO 错误: Invalid Operation, NOT Connected). Possibly consider using a shorter maxLifetime value.
2023-12-14 20:46:49.478 WARN  10912 --- [http-nio-8001-exec-7] com.zaxxer.hikari.pool.PoolBase - HikariPool-1 - Failed to validate connection oracle.jdbc.driver.T4CConnection@24640402 (IO 错误: Invalid Operation, NOT Connected). Possibly consider using a shorter maxLifetime value.
2023-12-14 20:47:23.379 INFO  14472 --- [background-preinit] org.hibernate.validator.internal.util.Version - HV000001: Hibernate Validator 6.2.5.Final
2023-12-14 20:47:23.384 INFO  14472 --- [main] com.pg.screen.PowerGridScreenApplication - Starting PowerGridScreenApplication using Java 1.8.0_92 on DESKTOP-J7GIHP0 with PID 14472 (G:\project\parttime\visualLargeScreenServe\visualLargeScreenServe\target\classes started by 12578 in G:\project\parttime\visualLargeScreenServe\visualLargeScreenServe)
2023-12-14 20:47:23.386 DEBUG 14472 --- [main] com.pg.screen.PowerGridScreenApplication - Running with Spring Boot v2.7.8, Spring v5.3.25
2023-12-14 20:47:23.388 INFO  14472 --- [main] com.pg.screen.PowerGridScreenApplication - No active profile set, falling back to 1 default profile: "default"
2023-12-14 20:47:26.359 INFO  14472 --- [main] o.s.boot.web.embedded.tomcat.TomcatWebServer - Tomcat initialized with port(s): 8001 (http)
2023-12-14 20:47:26.377 INFO  14472 --- [main] org.apache.coyote.http11.Http11NioProtocol - Initializing ProtocolHandler ["http-nio-8001"]
2023-12-14 20:47:26.378 INFO  14472 --- [main] org.apache.catalina.core.StandardService - Starting service [Tomcat]
2023-12-14 20:47:26.379 INFO  14472 --- [main] org.apache.catalina.core.StandardEngine - Starting Servlet engine: [Apache Tomcat/9.0.71]
2023-12-14 20:47:26.684 INFO  14472 --- [main] o.a.c.core.ContainerBase.[Tomcat].[localhost].[/] - Initializing Spring embedded WebApplicationContext
2023-12-14 20:47:26.685 INFO  14472 --- [main] o.s.b.w.s.c.ServletWebServerApplicationContext - Root WebApplicationContext: initialization completed in 3168 ms
2023-12-14 20:47:29.413 INFO  14472 --- [main] org.apache.coyote.http11.Http11NioProtocol - Starting ProtocolHandler ["http-nio-8001"]
2023-12-14 20:47:29.477 INFO  14472 --- [main] o.s.boot.web.embedded.tomcat.TomcatWebServer - Tomcat started on port(s): 8001 (http) with context path ''
2023-12-14 20:47:29.500 INFO  14472 --- [main] com.pg.screen.PowerGridScreenApplication - Started PowerGridScreenApplication in 7.226 seconds (JVM running for 15.082)
2023-12-14 20:47:39.202 INFO  14472 --- [http-nio-8001-exec-2] o.a.c.core.ContainerBase.[Tomcat].[localhost].[/] - Initializing Spring DispatcherServlet 'dispatcherServlet'
2023-12-14 20:47:39.202 INFO  14472 --- [http-nio-8001-exec-2] org.springframework.web.servlet.DispatcherServlet - Initializing Servlet 'dispatcherServlet'
2023-12-14 20:47:39.204 INFO  14472 --- [http-nio-8001-exec-2] org.springframework.web.servlet.DispatcherServlet - Completed initialization in 2 ms
2023-12-14 20:47:39.378 INFO  14472 --- [http-nio-8001-exec-2] com.zaxxer.hikari.HikariDataSource - HikariPool-1 - Starting...
2023-12-14 20:47:40.195 INFO  14472 --- [http-nio-8001-exec-2] com.zaxxer.hikari.HikariDataSource - HikariPool-1 - Start completed.
2023-12-14 20:47:40.208 DEBUG 14472 --- [http-nio-8001-exec-2] c.p.s.mapper.DefectLibraryMapper.selectListByQuery - ==>  Preparing: SELECT id, work_order_time, work_order_number, work_order_status, work_order_unit, operation_team, problem_type, defect_grade, defective_content, substation, owning_line, device_name, physical_id_number, device_type, family_defect, proposed_scheme, task_source, discovery_time, processing_time, process_description FROM DEFECT_LIBRARY WHERE processing_time BETWEEN ? AND ?
2023-12-14 20:47:40.482 DEBUG 14472 --- [http-nio-8001-exec-2] c.p.s.mapper.DefectLibraryMapper.selectListByQuery - ==> Parameters: 2023-03-30(LocalDate), 2023-04-01(LocalDate)
2023-12-14 20:47:40.815 DEBUG 14472 --- [http-nio-8001-exec-2] c.p.s.mapper.DefectLibraryMapper.selectListByQuery - <==      Total: 59
2023-12-14 20:47:40.821 INFO  14472 --- [http-nio-8001-exec-2] mybatis-flex-sql - SELECT id, work_order_time, work_order_number, work_order_status, work_order_unit, operation_team, problem_type, defect_grade, defective_content, substation, owning_line, device_name, physical_id_number, device_type, family_defect, proposed_scheme, task_source, discovery_time, processing_time, process_description FROM DEFECT_LIBRARY WHERE processing_time BETWEEN  '2023-03-30' AND '2023-04-01' ,339ms
2023-12-14 20:47:40.853 INFO  14472 --- [http-nio-8001-exec-2] com.pg.screen.service.OmAnalyzeService - 供电单位：高新园区供电分公司
2023-12-14 20:47:40.853 INFO  14472 --- [http-nio-8001-exec-2] com.pg.screen.service.OmAnalyzeService - 发现缺陷数量：17
2023-12-14 20:47:40.853 INFO  14472 --- [http-nio-8001-exec-2] com.pg.screen.service.OmAnalyzeService - 已消缺数量：17
2023-12-14 20:47:40.854 INFO  14472 --- [http-nio-8001-exec-2] com.pg.screen.service.OmAnalyzeService - 缺陷处理率：100.00
2023-12-14 20:48:29.062 WARN  14472 --- [HikariPool-1 housekeeper] com.zaxxer.hikari.pool.HikariPool - HikariPool-1 - Thread starvation or clock leap detected (housekeeper delta=48s753ms545µs700ns).
2023-12-14 20:49:39.715 WARN  14472 --- [HikariPool-1 housekeeper] com.zaxxer.hikari.pool.HikariPool - HikariPool-1 - Thread starvation or clock leap detected (housekeeper delta=1m10s652ms749µs500ns).
2023-12-14 20:49:46.136 INFO  14472 --- [http-nio-8001-exec-2] com.pg.screen.service.OmAnalyzeService - 缺陷处理平均时长：1天3小时
2023-12-14 20:49:47.031 INFO  14472 --- [http-nio-8001-exec-2] com.pg.screen.service.OmAnalyzeService - 供电单位：国网普兰店市供电公司
2023-12-14 20:49:47.033 INFO  14472 --- [http-nio-8001-exec-2] com.pg.screen.service.OmAnalyzeService - 发现缺陷数量：5
2023-12-14 20:49:47.034 INFO  14472 --- [http-nio-8001-exec-2] com.pg.screen.service.OmAnalyzeService - 已消缺数量：5
2023-12-14 20:49:47.035 INFO  14472 --- [http-nio-8001-exec-2] com.pg.screen.service.OmAnalyzeService - 缺陷处理率：100.00
2023-12-14 20:49:51.971 INFO  14472 --- [http-nio-8001-exec-2] com.pg.screen.service.OmAnalyzeService - 缺陷处理平均时长：1天11小时
2023-12-14 20:49:51.971 INFO  14472 --- [http-nio-8001-exec-2] com.pg.screen.service.OmAnalyzeService - 供电单位：国网大连市旅顺口区供电公司
2023-12-14 20:49:51.971 INFO  14472 --- [http-nio-8001-exec-2] com.pg.screen.service.OmAnalyzeService - 发现缺陷数量：15
2023-12-14 20:49:51.972 INFO  14472 --- [http-nio-8001-exec-2] com.pg.screen.service.OmAnalyzeService - 已消缺数量：15
2023-12-14 20:49:51.972 INFO  14472 --- [http-nio-8001-exec-2] com.pg.screen.service.OmAnalyzeService - 缺陷处理率：100.00
2023-12-14 20:50:01.949 INFO  14472 --- [http-nio-8001-exec-2] com.pg.screen.service.OmAnalyzeService - 缺陷处理平均时长：1天5小时
2023-12-14 20:50:01.950 INFO  14472 --- [http-nio-8001-exec-2] com.pg.screen.service.OmAnalyzeService - 供电单位：国网庄河市供电公司
2023-12-14 20:50:01.951 INFO  14472 --- [http-nio-8001-exec-2] com.pg.screen.service.OmAnalyzeService - 发现缺陷数量：14
2023-12-14 20:50:01.951 INFO  14472 --- [http-nio-8001-exec-2] com.pg.screen.service.OmAnalyzeService - 已消缺数量：13
2023-12-14 20:50:01.952 INFO  14472 --- [http-nio-8001-exec-2] com.pg.screen.service.OmAnalyzeService - 缺陷处理率：93.00
2023-12-14 20:50:37.108 INFO  14472 --- [http-nio-8001-exec-2] com.pg.screen.service.OmAnalyzeService - 缺陷处理平均时长：1天6小时
2023-12-14 20:50:37.110 INFO  14472 --- [http-nio-8001-exec-2] com.pg.screen.service.OmAnalyzeService - 供电单位：国网大连市金州新区供电公司
2023-12-14 20:50:37.110 INFO  14472 --- [http-nio-8001-exec-2] com.pg.screen.service.OmAnalyzeService - 发现缺陷数量：8
2023-12-14 20:50:37.111 INFO  14472 --- [http-nio-8001-exec-2] com.pg.screen.service.OmAnalyzeService - 已消缺数量：8
2023-12-14 20:50:37.112 INFO  14472 --- [http-nio-8001-exec-2] com.pg.screen.service.OmAnalyzeService - 缺陷处理率：100.00
2023-12-14 20:50:40.713 INFO  14472 --- [http-nio-8001-exec-2] com.pg.screen.service.OmAnalyzeService - 缺陷处理平均时长：1天5小时
2023-12-14 20:50:40.812 INFO  14472 --- [http-nio-8001-exec-2] mybatis-flex-sql - SELECT work_order_unit, COUNT(*) COUNTS FROM INSPECTION_HISTORY_CONTROL WHERE scheduled_end_time IS NOT NULL  AND scheduled_end_time BETWEEN  '2023-03-30' AND '2023-04-01'  GROUP BY work_order_unit,38ms
2023-12-14 20:50:40.815 INFO  14472 --- [http-nio-8001-exec-2] com.pg.screen.common.AspectControllerTimeConsuming - getWorkOrder()方法的入参为：[2023-03-30, 2023-03-31]，返回值为：HttpResult(success=true, message=ok, data=[DefectLibraryInfoVo(name=高新园区供电分公司, inspectionSum=115, solveSum=17, completeSolve=17, aveDate=1天3小时, rate=100.00), DefectLibraryInfoVo(name=国网普兰店市供电公司, inspectionSum=105, solveSum=5, completeSolve=5, aveDate=1天11小时, rate=100.00), DefectLibraryInfoVo(name=国网大连市旅顺口区供电公司, inspectionSum=155, solveSum=15, completeSolve=15, aveDate=1天5小时, rate=100.00), DefectLibraryInfoVo(name=国网庄河市供电公司, inspectionSum=90, solveSum=14, completeSolve=13, aveDate=1天6小时, rate=93.00), DefectLibraryInfoVo(name=国网大连市金州新区供电公司, inspectionSum=187, solveSum=8, completeSolve=8, aveDate=1天5小时, rate=100.00), DefectLibraryInfoVo(name=国网大连市开发区东部供电公司, inspectionSum=55, solveSum=0, completeSolve=0, aveDate=0, rate=0), DefectLibraryInfoVo(name=国网瓦房店市供电公司, inspectionSum=187, solveSum=0, completeSolve=0, aveDate=0, rate=0), DefectLibraryInfoVo(name=国网长海县供电公司, inspectionSum=23, solveSum=0, completeSolve=0, aveDate=0, rate=0), DefectLibraryInfoVo(name=国网大连市开发区供电公司, inspectionSum=79, solveSum=0, completeSolve=0, aveDate=0, rate=0), DefectLibraryInfoVo(name=沙河口供电分公司, inspectionSum=164, solveSum=0, completeSolve=0, aveDate=0, rate=0), DefectLibraryInfoVo(name=国网大连市长兴岛临港工业区供电公司, inspectionSum=12, solveSum=0, completeSolve=0, aveDate=0, rate=0), DefectLibraryInfoVo(name=中山供电分公司, inspectionSum=85, solveSum=0, completeSolve=0, aveDate=0, rate=0), DefectLibraryInfoVo(name=甘井子供电分公司, inspectionSum=19, solveSum=0, completeSolve=0, aveDate=0, rate=0)], code=200)，耗时(ms):514
2023-12-14 20:54:14.991 INFO  2292 --- [background-preinit] org.hibernate.validator.internal.util.Version - HV000001: Hibernate Validator 6.2.5.Final
2023-12-14 20:54:15.002 INFO  2292 --- [main] com.pg.screen.PowerGridScreenApplication - Starting PowerGridScreenApplication using Java 1.8.0_92 on DESKTOP-J7GIHP0 with PID 2292 (G:\project\parttime\visualLargeScreenServe\visualLargeScreenServe\target\classes started by 12578 in G:\project\parttime\visualLargeScreenServe\visualLargeScreenServe)
2023-12-14 20:54:15.003 DEBUG 2292 --- [main] com.pg.screen.PowerGridScreenApplication - Running with Spring Boot v2.7.8, Spring v5.3.25
2023-12-14 20:54:15.005 INFO  2292 --- [main] com.pg.screen.PowerGridScreenApplication - No active profile set, falling back to 1 default profile: "default"
2023-12-14 20:54:17.571 INFO  2292 --- [main] o.s.boot.web.embedded.tomcat.TomcatWebServer - Tomcat initialized with port(s): 8001 (http)
2023-12-14 20:54:17.588 INFO  2292 --- [main] org.apache.coyote.http11.Http11NioProtocol - Initializing ProtocolHandler ["http-nio-8001"]
2023-12-14 20:54:17.590 INFO  2292 --- [main] org.apache.catalina.core.StandardService - Starting service [Tomcat]
2023-12-14 20:54:17.590 INFO  2292 --- [main] org.apache.catalina.core.StandardEngine - Starting Servlet engine: [Apache Tomcat/9.0.71]
2023-12-14 20:54:17.896 INFO  2292 --- [main] o.a.c.core.ContainerBase.[Tomcat].[localhost].[/] - Initializing Spring embedded WebApplicationContext
2023-12-14 20:54:17.897 INFO  2292 --- [main] o.s.b.w.s.c.ServletWebServerApplicationContext - Root WebApplicationContext: initialization completed in 2755 ms
2023-12-14 20:54:20.410 INFO  2292 --- [main] org.apache.coyote.http11.Http11NioProtocol - Starting ProtocolHandler ["http-nio-8001"]
2023-12-14 20:54:20.473 INFO  2292 --- [main] o.s.boot.web.embedded.tomcat.TomcatWebServer - Tomcat started on port(s): 8001 (http) with context path ''
2023-12-14 20:54:20.491 INFO  2292 --- [main] com.pg.screen.PowerGridScreenApplication - Started PowerGridScreenApplication in 6.608 seconds (JVM running for 14.36)
2023-12-14 20:54:29.825 INFO  2292 --- [http-nio-8001-exec-2] o.a.c.core.ContainerBase.[Tomcat].[localhost].[/] - Initializing Spring DispatcherServlet 'dispatcherServlet'
2023-12-14 20:54:29.826 INFO  2292 --- [http-nio-8001-exec-2] org.springframework.web.servlet.DispatcherServlet - Initializing Servlet 'dispatcherServlet'
2023-12-14 20:54:29.827 INFO  2292 --- [http-nio-8001-exec-2] org.springframework.web.servlet.DispatcherServlet - Completed initialization in 1 ms
2023-12-14 20:54:29.981 INFO  2292 --- [http-nio-8001-exec-2] com.zaxxer.hikari.HikariDataSource - HikariPool-1 - Starting...
2023-12-14 20:54:30.913 INFO  2292 --- [http-nio-8001-exec-2] com.zaxxer.hikari.HikariDataSource - HikariPool-1 - Start completed.
2023-12-14 20:54:30.928 DEBUG 2292 --- [http-nio-8001-exec-2] c.p.s.mapper.DefectLibraryMapper.selectListByQuery - ==>  Preparing: SELECT id, work_order_time, work_order_number, work_order_status, work_order_unit, operation_team, problem_type, defect_grade, defective_content, substation, owning_line, device_name, physical_id_number, device_type, family_defect, proposed_scheme, task_source, discovery_time, processing_time, process_description FROM DEFECT_LIBRARY WHERE processing_time BETWEEN ? AND ?
2023-12-14 20:54:31.362 DEBUG 2292 --- [http-nio-8001-exec-2] c.p.s.mapper.DefectLibraryMapper.selectListByQuery - ==> Parameters: 2023-03-30(LocalDate), 2023-04-01(LocalDate)
2023-12-14 20:54:31.691 DEBUG 2292 --- [http-nio-8001-exec-2] c.p.s.mapper.DefectLibraryMapper.selectListByQuery - <==      Total: 59
2023-12-14 20:54:31.694 INFO  2292 --- [http-nio-8001-exec-2] mybatis-flex-sql - SELECT id, work_order_time, work_order_number, work_order_status, work_order_unit, operation_team, problem_type, defect_grade, defective_content, substation, owning_line, device_name, physical_id_number, device_type, family_defect, proposed_scheme, task_source, discovery_time, processing_time, process_description FROM DEFECT_LIBRARY WHERE processing_time BETWEEN  '2023-03-30' AND '2023-04-01' ,332ms
2023-12-14 20:54:31.722 INFO  2292 --- [http-nio-8001-exec-2] com.pg.screen.service.OmAnalyzeService - 供电单位：高新园区供电分公司
2023-12-14 20:54:31.723 INFO  2292 --- [http-nio-8001-exec-2] com.pg.screen.service.OmAnalyzeService - 发现缺陷数量：17
2023-12-14 20:54:31.723 INFO  2292 --- [http-nio-8001-exec-2] com.pg.screen.service.OmAnalyzeService - 已消缺数量：17
2023-12-14 20:54:31.724 INFO  2292 --- [http-nio-8001-exec-2] com.pg.screen.service.OmAnalyzeService - 缺陷处理率：100.00
2023-12-14 20:54:31.726 INFO  2292 --- [http-nio-8001-exec-2] com.pg.screen.service.OmAnalyzeService - 缺陷处理平均时长：1天2小时
2023-12-14 20:54:31.726 INFO  2292 --- [http-nio-8001-exec-2] com.pg.screen.service.OmAnalyzeService - 供电单位：国网普兰店市供电公司
2023-12-14 20:54:31.726 INFO  2292 --- [http-nio-8001-exec-2] com.pg.screen.service.OmAnalyzeService - 发现缺陷数量：5
2023-12-14 20:54:31.727 INFO  2292 --- [http-nio-8001-exec-2] com.pg.screen.service.OmAnalyzeService - 已消缺数量：5
2023-12-14 20:54:31.727 INFO  2292 --- [http-nio-8001-exec-2] com.pg.screen.service.OmAnalyzeService - 缺陷处理率：100.00
2023-12-14 20:54:31.727 INFO  2292 --- [http-nio-8001-exec-2] com.pg.screen.service.OmAnalyzeService - 缺陷处理平均时长：1天10小时
2023-12-14 20:54:31.727 INFO  2292 --- [http-nio-8001-exec-2] com.pg.screen.service.OmAnalyzeService - 供电单位：国网大连市旅顺口区供电公司
2023-12-14 20:54:31.728 INFO  2292 --- [http-nio-8001-exec-2] com.pg.screen.service.OmAnalyzeService - 发现缺陷数量：15
2023-12-14 20:54:31.728 INFO  2292 --- [http-nio-8001-exec-2] com.pg.screen.service.OmAnalyzeService - 已消缺数量：15
2023-12-14 20:54:31.728 INFO  2292 --- [http-nio-8001-exec-2] com.pg.screen.service.OmAnalyzeService - 缺陷处理率：100.00
2023-12-14 20:54:31.728 INFO  2292 --- [http-nio-8001-exec-2] com.pg.screen.service.OmAnalyzeService - 缺陷处理平均时长：1天4小时
2023-12-14 20:54:31.728 INFO  2292 --- [http-nio-8001-exec-2] com.pg.screen.service.OmAnalyzeService - 供电单位：国网庄河市供电公司
2023-12-14 20:54:31.729 INFO  2292 --- [http-nio-8001-exec-2] com.pg.screen.service.OmAnalyzeService - 发现缺陷数量：14
2023-12-14 20:54:31.729 INFO  2292 --- [http-nio-8001-exec-2] com.pg.screen.service.OmAnalyzeService - 已消缺数量：13
2023-12-14 20:54:31.729 INFO  2292 --- [http-nio-8001-exec-2] com.pg.screen.service.OmAnalyzeService - 缺陷处理率：93.00
2023-12-14 20:54:31.729 INFO  2292 --- [http-nio-8001-exec-2] com.pg.screen.service.OmAnalyzeService - 缺陷处理平均时长：1天5小时
2023-12-14 20:54:31.729 INFO  2292 --- [http-nio-8001-exec-2] com.pg.screen.service.OmAnalyzeService - 供电单位：国网大连市金州新区供电公司
2023-12-14 20:54:31.729 INFO  2292 --- [http-nio-8001-exec-2] com.pg.screen.service.OmAnalyzeService - 发现缺陷数量：8
2023-12-14 20:54:31.730 INFO  2292 --- [http-nio-8001-exec-2] com.pg.screen.service.OmAnalyzeService - 已消缺数量：8
2023-12-14 20:54:31.730 INFO  2292 --- [http-nio-8001-exec-2] com.pg.screen.service.OmAnalyzeService - 缺陷处理率：100.00
2023-12-14 20:54:31.730 INFO  2292 --- [http-nio-8001-exec-2] com.pg.screen.service.OmAnalyzeService - 缺陷处理平均时长：1天4小时
2023-12-14 20:54:31.799 INFO  2292 --- [http-nio-8001-exec-2] mybatis-flex-sql - SELECT work_order_unit, COUNT(*) COUNTS FROM INSPECTION_HISTORY_CONTROL WHERE scheduled_end_time IS NOT NULL  AND scheduled_end_time BETWEEN  '2023-03-30' AND '2023-04-01'  GROUP BY work_order_unit,52ms
2023-12-14 20:54:31.802 INFO  2292 --- [http-nio-8001-exec-2] com.pg.screen.common.AspectControllerTimeConsuming - getWorkOrder()方法的入参为：[2023-03-30, 2023-03-31]，返回值为：HttpResult(success=true, message=ok, data=[DefectLibraryInfoVo(name=高新园区供电分公司, inspectionSum=115, solveSum=17, completeSolve=17, aveDate=1天2小时, rate=100.00), DefectLibraryInfoVo(name=国网普兰店市供电公司, inspectionSum=105, solveSum=5, completeSolve=5, aveDate=1天10小时, rate=100.00), DefectLibraryInfoVo(name=国网大连市旅顺口区供电公司, inspectionSum=155, solveSum=15, completeSolve=15, aveDate=1天4小时, rate=100.00), DefectLibraryInfoVo(name=国网庄河市供电公司, inspectionSum=90, solveSum=14, completeSolve=13, aveDate=1天5小时, rate=93.00), DefectLibraryInfoVo(name=国网大连市金州新区供电公司, inspectionSum=187, solveSum=8, completeSolve=8, aveDate=1天4小时, rate=100.00), DefectLibraryInfoVo(name=国网大连市开发区东部供电公司, inspectionSum=55, solveSum=0, completeSolve=0, aveDate=0, rate=0), DefectLibraryInfoVo(name=国网瓦房店市供电公司, inspectionSum=187, solveSum=0, completeSolve=0, aveDate=0, rate=0), DefectLibraryInfoVo(name=国网长海县供电公司, inspectionSum=23, solveSum=0, completeSolve=0, aveDate=0, rate=0), DefectLibraryInfoVo(name=国网大连市开发区供电公司, inspectionSum=79, solveSum=0, completeSolve=0, aveDate=0, rate=0), DefectLibraryInfoVo(name=沙河口供电分公司, inspectionSum=164, solveSum=0, completeSolve=0, aveDate=0, rate=0), DefectLibraryInfoVo(name=国网大连市长兴岛临港工业区供电公司, inspectionSum=12, solveSum=0, completeSolve=0, aveDate=0, rate=0), DefectLibraryInfoVo(name=中山供电分公司, inspectionSum=85, solveSum=0, completeSolve=0, aveDate=0, rate=0), DefectLibraryInfoVo(name=甘井子供电分公司, inspectionSum=19, solveSum=0, completeSolve=0, aveDate=0, rate=0)], code=200)，耗时(ms):888
2023-12-14 21:09:23.070 INFO  13628 --- [background-preinit] org.hibernate.validator.internal.util.Version - HV000001: Hibernate Validator 6.2.5.Final
2023-12-14 21:09:23.080 INFO  13628 --- [main] com.pg.screen.PowerGridScreenApplication - Starting PowerGridScreenApplication using Java 1.8.0_92 on DESKTOP-J7GIHP0 with PID 13628 (G:\project\parttime\visualLargeScreenServe\visualLargeScreenServe\target\classes started by 12578 in G:\project\parttime\visualLargeScreenServe\visualLargeScreenServe)
2023-12-14 21:09:23.081 DEBUG 13628 --- [main] com.pg.screen.PowerGridScreenApplication - Running with Spring Boot v2.7.8, Spring v5.3.25
2023-12-14 21:09:23.083 INFO  13628 --- [main] com.pg.screen.PowerGridScreenApplication - No active profile set, falling back to 1 default profile: "default"
2023-12-14 21:09:26.734 INFO  13628 --- [main] o.s.boot.web.embedded.tomcat.TomcatWebServer - Tomcat initialized with port(s): 8001 (http)
2023-12-14 21:09:26.754 INFO  13628 --- [main] org.apache.coyote.http11.Http11NioProtocol - Initializing ProtocolHandler ["http-nio-8001"]
2023-12-14 21:09:26.755 INFO  13628 --- [main] org.apache.catalina.core.StandardService - Starting service [Tomcat]
2023-12-14 21:09:26.756 INFO  13628 --- [main] org.apache.catalina.core.StandardEngine - Starting Servlet engine: [Apache Tomcat/9.0.71]
2023-12-14 21:09:27.217 INFO  13628 --- [main] o.a.c.core.ContainerBase.[Tomcat].[localhost].[/] - Initializing Spring embedded WebApplicationContext
2023-12-14 21:09:27.218 INFO  13628 --- [main] o.s.b.w.s.c.ServletWebServerApplicationContext - Root WebApplicationContext: initialization completed in 3955 ms
2023-12-14 21:09:31.493 INFO  13628 --- [main] org.apache.coyote.http11.Http11NioProtocol - Starting ProtocolHandler ["http-nio-8001"]
2023-12-14 21:09:31.586 INFO  13628 --- [main] o.s.boot.web.embedded.tomcat.TomcatWebServer - Tomcat started on port(s): 8001 (http) with context path ''
2023-12-14 21:09:31.615 INFO  13628 --- [main] com.pg.screen.PowerGridScreenApplication - Started PowerGridScreenApplication in 10.008 seconds (JVM running for 22.461)
2023-12-14 21:09:40.336 INFO  13628 --- [http-nio-8001-exec-1] o.a.c.core.ContainerBase.[Tomcat].[localhost].[/] - Initializing Spring DispatcherServlet 'dispatcherServlet'
2023-12-14 21:09:40.337 INFO  13628 --- [http-nio-8001-exec-1] org.springframework.web.servlet.DispatcherServlet - Initializing Servlet 'dispatcherServlet'
2023-12-14 21:09:40.340 INFO  13628 --- [http-nio-8001-exec-1] org.springframework.web.servlet.DispatcherServlet - Completed initialization in 2 ms
2023-12-14 21:09:42.610 INFO  13628 --- [http-nio-8001-exec-1] com.zaxxer.hikari.HikariDataSource - HikariPool-1 - Starting...
2023-12-14 21:09:56.446 INFO  13628 --- [http-nio-8001-exec-1] com.zaxxer.hikari.HikariDataSource - HikariPool-1 - Start completed.
2023-12-14 21:09:56.534 DEBUG 13628 --- [http-nio-8001-exec-1] c.p.s.mapper.DefectLibraryMapper.selectListByQuery - ==>  Preparing: SELECT work_order_unit, work_order_status, discovery_time, processing_time FROM DEFECT_LIBRARY WHERE processing_time BETWEEN ? AND ?
2023-12-14 21:09:58.104 DEBUG 13628 --- [http-nio-8001-exec-1] c.p.s.mapper.DefectLibraryMapper.selectListByQuery - ==> Parameters: 2023-03-30(LocalDate), 2023-04-01(LocalDate)
2023-12-14 21:09:59.286 DEBUG 13628 --- [http-nio-8001-exec-1] c.p.s.mapper.DefectLibraryMapper.selectListByQuery - <==      Total: 59
2023-12-14 21:09:59.295 INFO  13628 --- [http-nio-8001-exec-1] mybatis-flex-sql - SELECT work_order_unit, work_order_status, discovery_time, processing_time FROM DEFECT_LIBRARY WHERE processing_time BETWEEN  '2023-03-30' AND '2023-04-01' ,1190ms
2023-12-14 21:10:19.337 INFO  13628 --- [http-nio-8001-exec-1] com.pg.screen.service.OmAnalyzeService - 供电单位：高新园区供电分公司
2023-12-14 21:10:19.339 INFO  13628 --- [http-nio-8001-exec-1] com.pg.screen.service.OmAnalyzeService - 发现缺陷数量：17
2023-12-14 21:10:19.342 INFO  13628 --- [http-nio-8001-exec-1] com.pg.screen.service.OmAnalyzeService - 已消缺数量：17
2023-12-14 21:10:19.344 INFO  13628 --- [http-nio-8001-exec-1] com.pg.screen.service.OmAnalyzeService - 缺陷处理率：100.00
2023-12-14 21:10:24.620 INFO  13628 --- [http-nio-8001-exec-1] com.pg.screen.service.OmAnalyzeService - 缺陷处理平均时长：1天2小时
2023-12-14 21:10:25.488 INFO  13628 --- [http-nio-8001-exec-1] com.pg.screen.service.OmAnalyzeService - 供电单位：国网普兰店市供电公司
2023-12-14 21:10:25.489 INFO  13628 --- [http-nio-8001-exec-1] com.pg.screen.service.OmAnalyzeService - 发现缺陷数量：5
2023-12-14 21:10:25.490 INFO  13628 --- [http-nio-8001-exec-1] com.pg.screen.service.OmAnalyzeService - 已消缺数量：5
2023-12-14 21:10:25.491 INFO  13628 --- [http-nio-8001-exec-1] com.pg.screen.service.OmAnalyzeService - 缺陷处理率：100.00
2023-12-14 21:10:28.211 INFO  13628 --- [http-nio-8001-exec-1] com.pg.screen.service.OmAnalyzeService - 缺陷处理平均时长：1天10小时
2023-12-14 21:10:28.212 INFO  13628 --- [http-nio-8001-exec-1] com.pg.screen.service.OmAnalyzeService - 供电单位：国网大连市旅顺口区供电公司
2023-12-14 21:10:28.212 INFO  13628 --- [http-nio-8001-exec-1] com.pg.screen.service.OmAnalyzeService - 发现缺陷数量：15
2023-12-14 21:10:28.212 INFO  13628 --- [http-nio-8001-exec-1] com.pg.screen.service.OmAnalyzeService - 已消缺数量：15
2023-12-14 21:10:28.213 INFO  13628 --- [http-nio-8001-exec-1] com.pg.screen.service.OmAnalyzeService - 缺陷处理率：100.00
2023-12-14 21:10:28.213 INFO  13628 --- [http-nio-8001-exec-1] com.pg.screen.service.OmAnalyzeService - 缺陷处理平均时长：1天4小时
2023-12-14 21:10:28.213 INFO  13628 --- [http-nio-8001-exec-1] com.pg.screen.service.OmAnalyzeService - 供电单位：国网庄河市供电公司
2023-12-14 21:10:28.213 INFO  13628 --- [http-nio-8001-exec-1] com.pg.screen.service.OmAnalyzeService - 发现缺陷数量：14
2023-12-14 21:10:28.214 INFO  13628 --- [http-nio-8001-exec-1] com.pg.screen.service.OmAnalyzeService - 已消缺数量：13
2023-12-14 21:10:28.214 INFO  13628 --- [http-nio-8001-exec-1] com.pg.screen.service.OmAnalyzeService - 缺陷处理率：93.00
2023-12-14 21:10:28.214 INFO  13628 --- [http-nio-8001-exec-1] com.pg.screen.service.OmAnalyzeService - 缺陷处理平均时长：1天5小时
2023-12-14 21:10:28.214 INFO  13628 --- [http-nio-8001-exec-1] com.pg.screen.service.OmAnalyzeService - 供电单位：国网大连市金州新区供电公司
2023-12-14 21:10:28.215 INFO  13628 --- [http-nio-8001-exec-1] com.pg.screen.service.OmAnalyzeService - 发现缺陷数量：8
2023-12-14 21:10:28.215 INFO  13628 --- [http-nio-8001-exec-1] com.pg.screen.service.OmAnalyzeService - 已消缺数量：8
2023-12-14 21:10:28.215 INFO  13628 --- [http-nio-8001-exec-1] com.pg.screen.service.OmAnalyzeService - 缺陷处理率：100.00
2023-12-14 21:10:28.216 INFO  13628 --- [http-nio-8001-exec-1] com.pg.screen.service.OmAnalyzeService - 缺陷处理平均时长：1天4小时
2023-12-14 21:10:28.318 INFO  13628 --- [http-nio-8001-exec-1] mybatis-flex-sql - SELECT work_order_unit, COUNT(*) COUNTS FROM INSPECTION_HISTORY_CONTROL WHERE scheduled_end_time IS NOT NULL  AND scheduled_end_time BETWEEN  '2023-03-30' AND '2023-04-01'  GROUP BY work_order_unit,66ms
2023-12-14 21:10:28.320 INFO  13628 --- [http-nio-8001-exec-1] com.pg.screen.common.AspectControllerTimeConsuming - getWorkOrder()方法的入参为：[2023-03-30, 2023-03-31]，返回值为：HttpResult(success=true, message=ok, data=[DefectLibraryInfoVo(name=高新园区供电分公司, inspectionSum=115, solveSum=17, completeSolve=17, aveDate=1天2小时, rate=100.00), DefectLibraryInfoVo(name=国网普兰店市供电公司, inspectionSum=105, solveSum=5, completeSolve=5, aveDate=1天10小时, rate=100.00), DefectLibraryInfoVo(name=国网大连市旅顺口区供电公司, inspectionSum=155, solveSum=15, completeSolve=15, aveDate=1天4小时, rate=100.00), DefectLibraryInfoVo(name=国网庄河市供电公司, inspectionSum=90, solveSum=14, completeSolve=13, aveDate=1天5小时, rate=93.00), DefectLibraryInfoVo(name=国网大连市金州新区供电公司, inspectionSum=187, solveSum=8, completeSolve=8, aveDate=1天4小时, rate=100.00), DefectLibraryInfoVo(name=国网大连市开发区东部供电公司, inspectionSum=55, solveSum=0, completeSolve=0, aveDate=0, rate=0), DefectLibraryInfoVo(name=国网瓦房店市供电公司, inspectionSum=187, solveSum=0, completeSolve=0, aveDate=0, rate=0), DefectLibraryInfoVo(name=国网长海县供电公司, inspectionSum=23, solveSum=0, completeSolve=0, aveDate=0, rate=0), DefectLibraryInfoVo(name=国网大连市开发区供电公司, inspectionSum=79, solveSum=0, completeSolve=0, aveDate=0, rate=0), DefectLibraryInfoVo(name=沙河口供电分公司, inspectionSum=164, solveSum=0, completeSolve=0, aveDate=0, rate=0), DefectLibraryInfoVo(name=国网大连市长兴岛临港工业区供电公司, inspectionSum=12, solveSum=0, completeSolve=0, aveDate=0, rate=0), DefectLibraryInfoVo(name=中山供电分公司, inspectionSum=85, solveSum=0, completeSolve=0, aveDate=0, rate=0), DefectLibraryInfoVo(name=甘井子供电分公司, inspectionSum=19, solveSum=0, completeSolve=0, aveDate=0, rate=0)], code=200)，耗时(ms):853
2023-12-14 21:22:24.450 INFO  14560 --- [background-preinit] org.hibernate.validator.internal.util.Version - HV000001: Hibernate Validator 6.2.5.Final
2023-12-14 21:22:24.450 INFO  14560 --- [main] com.pg.screen.PowerGridScreenApplication - Starting PowerGridScreenApplication using Java 1.8.0_92 on DESKTOP-J7GIHP0 with PID 14560 (G:\project\parttime\visualLargeScreenServe\visualLargeScreenServe\target\classes started by 12578 in G:\project\parttime\visualLargeScreenServe\visualLargeScreenServe)
2023-12-14 21:22:24.457 DEBUG 14560 --- [main] com.pg.screen.PowerGridScreenApplication - Running with Spring Boot v2.7.8, Spring v5.3.25
2023-12-14 21:22:24.459 INFO  14560 --- [main] com.pg.screen.PowerGridScreenApplication - No active profile set, falling back to 1 default profile: "default"
2023-12-14 21:22:28.180 INFO  14560 --- [main] o.s.boot.web.embedded.tomcat.TomcatWebServer - Tomcat initialized with port(s): 8001 (http)
2023-12-14 21:22:28.209 INFO  14560 --- [main] org.apache.coyote.http11.Http11NioProtocol - Initializing ProtocolHandler ["http-nio-8001"]
2023-12-14 21:22:28.211 INFO  14560 --- [main] org.apache.catalina.core.StandardService - Starting service [Tomcat]
2023-12-14 21:22:28.212 INFO  14560 --- [main] org.apache.catalina.core.StandardEngine - Starting Servlet engine: [Apache Tomcat/9.0.71]
2023-12-14 21:22:28.670 INFO  14560 --- [main] o.a.c.core.ContainerBase.[Tomcat].[localhost].[/] - Initializing Spring embedded WebApplicationContext
2023-12-14 21:22:28.671 INFO  14560 --- [main] o.s.b.w.s.c.ServletWebServerApplicationContext - Root WebApplicationContext: initialization completed in 4012 ms
2023-12-14 21:22:32.217 INFO  14560 --- [main] org.apache.coyote.http11.Http11NioProtocol - Starting ProtocolHandler ["http-nio-8001"]
2023-12-14 21:22:32.300 INFO  14560 --- [main] o.s.boot.web.embedded.tomcat.TomcatWebServer - Tomcat started on port(s): 8001 (http) with context path ''
2023-12-14 21:22:32.347 INFO  14560 --- [main] com.pg.screen.PowerGridScreenApplication - Started PowerGridScreenApplication in 9.443 seconds (JVM running for 17.191)
2023-12-14 21:33:49.815 INFO  14560 --- [http-nio-8001-exec-1] o.a.c.core.ContainerBase.[Tomcat].[localhost].[/] - Initializing Spring DispatcherServlet 'dispatcherServlet'
2023-12-14 21:33:49.816 INFO  14560 --- [http-nio-8001-exec-1] org.springframework.web.servlet.DispatcherServlet - Initializing Servlet 'dispatcherServlet'
2023-12-14 21:33:49.822 INFO  14560 --- [http-nio-8001-exec-1] org.springframework.web.servlet.DispatcherServlet - Completed initialization in 5 ms
2023-12-14 21:37:27.289 INFO  14560 --- [http-nio-8001-exec-5] com.zaxxer.hikari.HikariDataSource - HikariPool-1 - Starting...
2023-12-14 21:37:28.212 INFO  14560 --- [http-nio-8001-exec-5] com.zaxxer.hikari.HikariDataSource - HikariPool-1 - Start completed.
2023-12-14 21:37:28.228 DEBUG 14560 --- [http-nio-8001-exec-5] c.p.s.mapper.DefectLibraryMapper.selectListByQuery - ==>  Preparing: SELECT work_order_unit, work_order_status, discovery_time, processing_time FROM DEFECT_LIBRARY WHERE processing_time BETWEEN ? AND ?
2023-12-14 21:37:28.694 DEBUG 14560 --- [http-nio-8001-exec-5] c.p.s.mapper.DefectLibraryMapper.selectListByQuery - ==> Parameters: 2023-03-30(LocalDate), 2023-04-01(LocalDate)
2023-12-14 21:37:29.047 DEBUG 14560 --- [http-nio-8001-exec-5] c.p.s.mapper.DefectLibraryMapper.selectListByQuery - <==      Total: 59
2023-12-14 21:37:29.052 INFO  14560 --- [http-nio-8001-exec-5] mybatis-flex-sql - SELECT work_order_unit, work_order_status, discovery_time, processing_time FROM DEFECT_LIBRARY WHERE processing_time BETWEEN  '2023-03-30' AND '2023-04-01' ,357ms
2023-12-14 21:37:29.079 INFO  14560 --- [http-nio-8001-exec-5] com.pg.screen.service.OmAnalyzeService - 供电单位：高新园区供电分公司
2023-12-14 21:37:29.080 INFO  14560 --- [http-nio-8001-exec-5] com.pg.screen.service.OmAnalyzeService - 发现缺陷数量：17
2023-12-14 21:37:29.082 INFO  14560 --- [http-nio-8001-exec-5] com.pg.screen.service.OmAnalyzeService - 已消缺数量：17
2023-12-14 21:37:29.083 INFO  14560 --- [http-nio-8001-exec-5] com.pg.screen.service.OmAnalyzeService - 缺陷处理率：100.00
2023-12-14 21:37:29.085 INFO  14560 --- [http-nio-8001-exec-5] com.pg.screen.service.OmAnalyzeService - 缺陷处理平均时长：1天2小时
2023-12-14 21:37:29.085 INFO  14560 --- [http-nio-8001-exec-5] com.pg.screen.service.OmAnalyzeService - 供电单位：国网普兰店市供电公司
2023-12-14 21:37:29.086 INFO  14560 --- [http-nio-8001-exec-5] com.pg.screen.service.OmAnalyzeService - 发现缺陷数量：5
2023-12-14 21:37:29.086 INFO  14560 --- [http-nio-8001-exec-5] com.pg.screen.service.OmAnalyzeService - 已消缺数量：5
2023-12-14 21:37:29.087 INFO  14560 --- [http-nio-8001-exec-5] com.pg.screen.service.OmAnalyzeService - 缺陷处理率：100.00
2023-12-14 21:37:29.087 INFO  14560 --- [http-nio-8001-exec-5] com.pg.screen.service.OmAnalyzeService - 缺陷处理平均时长：1天10小时
2023-12-14 21:37:29.087 INFO  14560 --- [http-nio-8001-exec-5] com.pg.screen.service.OmAnalyzeService - 供电单位：国网大连市旅顺口区供电公司
2023-12-14 21:37:29.087 INFO  14560 --- [http-nio-8001-exec-5] com.pg.screen.service.OmAnalyzeService - 发现缺陷数量：15
2023-12-14 21:37:29.087 INFO  14560 --- [http-nio-8001-exec-5] com.pg.screen.service.OmAnalyzeService - 已消缺数量：15
2023-12-14 21:37:29.088 INFO  14560 --- [http-nio-8001-exec-5] com.pg.screen.service.OmAnalyzeService - 缺陷处理率：100.00
2023-12-14 21:37:29.088 INFO  14560 --- [http-nio-8001-exec-5] com.pg.screen.service.OmAnalyzeService - 缺陷处理平均时长：1天4小时
2023-12-14 21:37:29.088 INFO  14560 --- [http-nio-8001-exec-5] com.pg.screen.service.OmAnalyzeService - 供电单位：国网庄河市供电公司
2023-12-14 21:37:29.088 INFO  14560 --- [http-nio-8001-exec-5] com.pg.screen.service.OmAnalyzeService - 发现缺陷数量：14
2023-12-14 21:37:29.088 INFO  14560 --- [http-nio-8001-exec-5] com.pg.screen.service.OmAnalyzeService - 已消缺数量：13
2023-12-14 21:37:29.089 INFO  14560 --- [http-nio-8001-exec-5] com.pg.screen.service.OmAnalyzeService - 缺陷处理率：93.00
2023-12-14 21:37:29.089 INFO  14560 --- [http-nio-8001-exec-5] com.pg.screen.service.OmAnalyzeService - 缺陷处理平均时长：1天5小时
2023-12-14 21:37:29.089 INFO  14560 --- [http-nio-8001-exec-5] com.pg.screen.service.OmAnalyzeService - 供电单位：国网大连市金州新区供电公司
2023-12-14 21:37:29.089 INFO  14560 --- [http-nio-8001-exec-5] com.pg.screen.service.OmAnalyzeService - 发现缺陷数量：8
2023-12-14 21:37:29.090 INFO  14560 --- [http-nio-8001-exec-5] com.pg.screen.service.OmAnalyzeService - 已消缺数量：8
2023-12-14 21:37:29.090 INFO  14560 --- [http-nio-8001-exec-5] com.pg.screen.service.OmAnalyzeService - 缺陷处理率：100.00
2023-12-14 21:37:29.090 INFO  14560 --- [http-nio-8001-exec-5] com.pg.screen.service.OmAnalyzeService - 缺陷处理平均时长：1天4小时
2023-12-14 21:37:29.158 INFO  14560 --- [http-nio-8001-exec-5] mybatis-flex-sql - SELECT work_order_unit, COUNT(*) COUNTS FROM INSPECTION_HISTORY_CONTROL WHERE scheduled_end_time IS NOT NULL  AND scheduled_end_time BETWEEN  '2023-03-30' AND '2023-04-01'  GROUP BY work_order_unit,45ms
2023-12-14 21:37:29.160 INFO  14560 --- [http-nio-8001-exec-5] com.pg.screen.common.AspectControllerTimeConsuming - getWorkOrder()方法的入参为：[2023-03-30, 2023-03-31]，返回值为：HttpResult(success=true, message=ok, data=[DefectLibraryInfoVo(name=高新园区供电分公司, inspectionSum=115, solveSum=17, completeSolve=17, aveDate=1天2小时, rate=100.00), DefectLibraryInfoVo(name=国网普兰店市供电公司, inspectionSum=105, solveSum=5, completeSolve=5, aveDate=1天10小时, rate=100.00), DefectLibraryInfoVo(name=国网大连市旅顺口区供电公司, inspectionSum=155, solveSum=15, completeSolve=15, aveDate=1天4小时, rate=100.00), DefectLibraryInfoVo(name=国网庄河市供电公司, inspectionSum=90, solveSum=14, completeSolve=13, aveDate=1天5小时, rate=93.00), DefectLibraryInfoVo(name=国网大连市金州新区供电公司, inspectionSum=187, solveSum=8, completeSolve=8, aveDate=1天4小时, rate=100.00), DefectLibraryInfoVo(name=国网大连市开发区东部供电公司, inspectionSum=55, solveSum=0, completeSolve=0, aveDate=0, rate=0), DefectLibraryInfoVo(name=国网瓦房店市供电公司, inspectionSum=187, solveSum=0, completeSolve=0, aveDate=0, rate=0), DefectLibraryInfoVo(name=国网长海县供电公司, inspectionSum=23, solveSum=0, completeSolve=0, aveDate=0, rate=0), DefectLibraryInfoVo(name=国网大连市开发区供电公司, inspectionSum=79, solveSum=0, completeSolve=0, aveDate=0, rate=0), DefectLibraryInfoVo(name=沙河口供电分公司, inspectionSum=164, solveSum=0, completeSolve=0, aveDate=0, rate=0), DefectLibraryInfoVo(name=国网大连市长兴岛临港工业区供电公司, inspectionSum=12, solveSum=0, completeSolve=0, aveDate=0, rate=0), DefectLibraryInfoVo(name=中山供电分公司, inspectionSum=85, solveSum=0, completeSolve=0, aveDate=0, rate=0), DefectLibraryInfoVo(name=甘井子供电分公司, inspectionSum=19, solveSum=0, completeSolve=0, aveDate=0, rate=0)], code=200)，耗时(ms):971
2023-12-14 21:37:53.104 DEBUG 14560 --- [http-nio-8001-exec-6] c.p.s.mapper.DefectLibraryMapper.selectListByQuery - ==>  Preparing: SELECT work_order_unit, work_order_status, discovery_time, processing_time FROM DEFECT_LIBRARY WHERE processing_time BETWEEN ? AND ?
2023-12-14 21:37:53.105 DEBUG 14560 --- [http-nio-8001-exec-6] c.p.s.mapper.DefectLibraryMapper.selectListByQuery - ==> Parameters: 2023-03-30(LocalDate), 2023-04-01(LocalDate)
2023-12-14 21:37:53.191 DEBUG 14560 --- [http-nio-8001-exec-6] c.p.s.mapper.DefectLibraryMapper.selectListByQuery - <==      Total: 59
2023-12-14 21:37:53.192 INFO  14560 --- [http-nio-8001-exec-6] mybatis-flex-sql - SELECT work_order_unit, work_order_status, discovery_time, processing_time FROM DEFECT_LIBRARY WHERE processing_time BETWEEN  '2023-03-30' AND '2023-04-01' ,87ms
2023-12-14 21:37:53.210 INFO  14560 --- [http-nio-8001-exec-6] com.pg.screen.service.OmAnalyzeService - 供电单位：高新园区供电分公司
2023-12-14 21:37:53.211 INFO  14560 --- [http-nio-8001-exec-6] com.pg.screen.service.OmAnalyzeService - 发现缺陷数量：17
2023-12-14 21:37:53.211 INFO  14560 --- [http-nio-8001-exec-6] com.pg.screen.service.OmAnalyzeService - 已消缺数量：17
2023-12-14 21:37:53.211 INFO  14560 --- [http-nio-8001-exec-6] com.pg.screen.service.OmAnalyzeService - 缺陷处理率：100.00
2023-12-14 21:37:53.211 INFO  14560 --- [http-nio-8001-exec-6] com.pg.screen.service.OmAnalyzeService - 缺陷处理平均时长：1天2小时
2023-12-14 21:37:53.212 INFO  14560 --- [http-nio-8001-exec-6] com.pg.screen.service.OmAnalyzeService - 供电单位：国网普兰店市供电公司
2023-12-14 21:37:53.212 INFO  14560 --- [http-nio-8001-exec-6] com.pg.screen.service.OmAnalyzeService - 发现缺陷数量：5
2023-12-14 21:37:53.212 INFO  14560 --- [http-nio-8001-exec-6] com.pg.screen.service.OmAnalyzeService - 已消缺数量：5
2023-12-14 21:37:53.212 INFO  14560 --- [http-nio-8001-exec-6] com.pg.screen.service.OmAnalyzeService - 缺陷处理率：100.00
2023-12-14 21:37:53.212 INFO  14560 --- [http-nio-8001-exec-6] com.pg.screen.service.OmAnalyzeService - 缺陷处理平均时长：1天10小时
2023-12-14 21:37:53.213 INFO  14560 --- [http-nio-8001-exec-6] com.pg.screen.service.OmAnalyzeService - 供电单位：国网大连市旅顺口区供电公司
2023-12-14 21:37:53.213 INFO  14560 --- [http-nio-8001-exec-6] com.pg.screen.service.OmAnalyzeService - 发现缺陷数量：15
2023-12-14 21:37:53.213 INFO  14560 --- [http-nio-8001-exec-6] com.pg.screen.service.OmAnalyzeService - 已消缺数量：15
2023-12-14 21:37:53.213 INFO  14560 --- [http-nio-8001-exec-6] com.pg.screen.service.OmAnalyzeService - 缺陷处理率：100.00
2023-12-14 21:37:53.213 INFO  14560 --- [http-nio-8001-exec-6] com.pg.screen.service.OmAnalyzeService - 缺陷处理平均时长：1天4小时
2023-12-14 21:37:53.214 INFO  14560 --- [http-nio-8001-exec-6] com.pg.screen.service.OmAnalyzeService - 供电单位：国网庄河市供电公司
2023-12-14 21:37:53.214 INFO  14560 --- [http-nio-8001-exec-6] com.pg.screen.service.OmAnalyzeService - 发现缺陷数量：14
2023-12-14 21:37:53.214 INFO  14560 --- [http-nio-8001-exec-6] com.pg.screen.service.OmAnalyzeService - 已消缺数量：13
2023-12-14 21:37:53.214 INFO  14560 --- [http-nio-8001-exec-6] com.pg.screen.service.OmAnalyzeService - 缺陷处理率：93.00
2023-12-14 21:37:53.215 INFO  14560 --- [http-nio-8001-exec-6] com.pg.screen.service.OmAnalyzeService - 缺陷处理平均时长：1天5小时
2023-12-14 21:37:53.215 INFO  14560 --- [http-nio-8001-exec-6] com.pg.screen.service.OmAnalyzeService - 供电单位：国网大连市金州新区供电公司
2023-12-14 21:37:53.215 INFO  14560 --- [http-nio-8001-exec-6] com.pg.screen.service.OmAnalyzeService - 发现缺陷数量：8
2023-12-14 21:37:53.215 INFO  14560 --- [http-nio-8001-exec-6] com.pg.screen.service.OmAnalyzeService - 已消缺数量：8
2023-12-14 21:37:53.215 INFO  14560 --- [http-nio-8001-exec-6] com.pg.screen.service.OmAnalyzeService - 缺陷处理率：100.00
2023-12-14 21:37:53.216 INFO  14560 --- [http-nio-8001-exec-6] com.pg.screen.service.OmAnalyzeService - 缺陷处理平均时长：1天4小时
2023-12-14 21:37:53.265 INFO  14560 --- [http-nio-8001-exec-6] mybatis-flex-sql - SELECT work_order_unit, COUNT(*) COUNTS FROM INSPECTION_HISTORY_CONTROL WHERE scheduled_end_time IS NOT NULL  AND scheduled_end_time BETWEEN  '2023-03-30' AND '2023-04-01'  GROUP BY work_order_unit,48ms
2023-12-14 21:37:53.268 INFO  14560 --- [http-nio-8001-exec-6] com.pg.screen.common.AspectControllerTimeConsuming - getWorkOrder()方法的入参为：[2023-03-30, 2023-03-31]，返回值为：HttpResult(success=true, message=ok, data=[DefectLibraryInfoVo(name=高新园区供电分公司, inspectionSum=115, solveSum=17, completeSolve=17, aveDate=1天2小时, rate=100.00), DefectLibraryInfoVo(name=国网普兰店市供电公司, inspectionSum=105, solveSum=5, completeSolve=5, aveDate=1天10小时, rate=100.00), DefectLibraryInfoVo(name=国网大连市旅顺口区供电公司, inspectionSum=155, solveSum=15, completeSolve=15, aveDate=1天4小时, rate=100.00), DefectLibraryInfoVo(name=国网庄河市供电公司, inspectionSum=90, solveSum=14, completeSolve=13, aveDate=1天5小时, rate=93.00), DefectLibraryInfoVo(name=国网大连市金州新区供电公司, inspectionSum=187, solveSum=8, completeSolve=8, aveDate=1天4小时, rate=100.00), DefectLibraryInfoVo(name=国网大连市开发区东部供电公司, inspectionSum=55, solveSum=0, completeSolve=0, aveDate=0, rate=0), DefectLibraryInfoVo(name=国网瓦房店市供电公司, inspectionSum=187, solveSum=0, completeSolve=0, aveDate=0, rate=0), DefectLibraryInfoVo(name=国网长海县供电公司, inspectionSum=23, solveSum=0, completeSolve=0, aveDate=0, rate=0), DefectLibraryInfoVo(name=国网大连市开发区供电公司, inspectionSum=79, solveSum=0, completeSolve=0, aveDate=0, rate=0), DefectLibraryInfoVo(name=沙河口供电分公司, inspectionSum=164, solveSum=0, completeSolve=0, aveDate=0, rate=0), DefectLibraryInfoVo(name=国网大连市长兴岛临港工业区供电公司, inspectionSum=12, solveSum=0, completeSolve=0, aveDate=0, rate=0), DefectLibraryInfoVo(name=中山供电分公司, inspectionSum=85, solveSum=0, completeSolve=0, aveDate=0, rate=0), DefectLibraryInfoVo(name=甘井子供电分公司, inspectionSum=19, solveSum=0, completeSolve=0, aveDate=0, rate=0)], code=200)，耗时(ms):194
2023-12-14 22:59:40.331 INFO  4620 --- [main] com.pg.screen.PowerGridScreenApplication - Starting PowerGridScreenApplication using Java 1.8.0_92 on DESKTOP-J7GIHP0 with PID 4620 (G:\project\parttime\visualLargeScreenServe\visualLargeScreenServe\target\classes started by 12578 in G:\project\parttime\visualLargeScreenServe\visualLargeScreenServe)
2023-12-14 22:59:40.359 DEBUG 4620 --- [main] com.pg.screen.PowerGridScreenApplication - Running with Spring Boot v2.7.8, Spring v5.3.25
2023-12-14 22:59:40.361 INFO  4620 --- [main] com.pg.screen.PowerGridScreenApplication - No active profile set, falling back to 1 default profile: "default"
2023-12-14 22:59:40.399 INFO  4620 --- [background-preinit] org.hibernate.validator.internal.util.Version - HV000001: Hibernate Validator 6.2.5.Final
2023-12-14 22:59:46.103 INFO  4620 --- [main] o.s.boot.web.embedded.tomcat.TomcatWebServer - Tomcat initialized with port(s): 8001 (http)
2023-12-14 22:59:46.131 INFO  4620 --- [main] org.apache.coyote.http11.Http11NioProtocol - Initializing ProtocolHandler ["http-nio-8001"]
2023-12-14 22:59:46.137 INFO  4620 --- [main] org.apache.catalina.core.StandardService - Starting service [Tomcat]
2023-12-14 22:59:46.138 INFO  4620 --- [main] org.apache.catalina.core.StandardEngine - Starting Servlet engine: [Apache Tomcat/9.0.71]
2023-12-14 22:59:46.959 INFO  4620 --- [main] o.a.c.core.ContainerBase.[Tomcat].[localhost].[/] - Initializing Spring embedded WebApplicationContext
2023-12-14 22:59:46.960 INFO  4620 --- [main] o.s.b.w.s.c.ServletWebServerApplicationContext - Root WebApplicationContext: initialization completed in 6142 ms
2023-12-14 22:59:51.865 INFO  4620 --- [main] org.apache.coyote.http11.Http11NioProtocol - Starting ProtocolHandler ["http-nio-8001"]
2023-12-14 22:59:51.969 INFO  4620 --- [main] o.s.boot.web.embedded.tomcat.TomcatWebServer - Tomcat started on port(s): 8001 (http) with context path ''
2023-12-14 22:59:51.994 INFO  4620 --- [main] com.pg.screen.PowerGridScreenApplication - Started PowerGridScreenApplication in 14.875 seconds (JVM running for 29.195)
2023-12-14 23:00:42.113 INFO  4620 --- [http-nio-8001-exec-1] o.a.c.core.ContainerBase.[Tomcat].[localhost].[/] - Initializing Spring DispatcherServlet 'dispatcherServlet'
2023-12-14 23:00:42.114 INFO  4620 --- [http-nio-8001-exec-1] org.springframework.web.servlet.DispatcherServlet - Initializing Servlet 'dispatcherServlet'
2023-12-14 23:00:42.116 INFO  4620 --- [http-nio-8001-exec-1] org.springframework.web.servlet.DispatcherServlet - Completed initialization in 2 ms
2023-12-14 23:00:42.156 WARN  4620 --- [http-nio-8001-exec-1] org.springframework.web.servlet.PageNotFound - No mapping for GET /repairs_total/arro_xy_counts
2023-12-14 23:01:29.809 INFO  4620 --- [http-nio-8001-exec-2] com.zaxxer.hikari.HikariDataSource - HikariPool-1 - Starting...
2023-12-14 23:01:46.491 INFO  4620 --- [http-nio-8001-exec-2] com.zaxxer.hikari.HikariDataSource - HikariPool-1 - Start completed.
2023-12-14 23:01:47.807 INFO  4620 --- [http-nio-8001-exec-2] mybatis-flex-sql - SELECT DISTINCT WORK_ORDER_STATUS,            COUNT(*) OVER (PARTITION BY WORK_ORDER_STATUS) AS COUNTS      FROM ACTIVE_RUSH_REPAIR_ORDER      WHERE WORK_ORDER_STATUS IN ('未受理','已派单','已回复','已归档')            AND COMPLETION_TIME BETWEEN to_date('2023-12-11 00:00:00','yyyy-mm-dd HH24:mi:ss')            AND to_date('2023-12-14 23:59:59','yyyy-mm-dd HH24:mi:ss') ,776ms
2023-12-14 23:01:58.835 INFO  4620 --- [http-nio-8001-exec-2] com.pg.screen.service.ActiveRushRepairOrderService - 主动抢修工单状态XY轴数据：[]
2023-12-14 23:02:00.112 INFO  4620 --- [http-nio-8001-exec-2] com.pg.screen.common.AspectControllerTimeConsuming - getActiveRushRepairOrderCountByStatus()方法的入参为：[null]，返回值为：HttpResult(success=true, message=ok, data=XyDataCountVo(xAxisNameList=[未受理, 已派单, 已回复, 已归档], yAxisNameList=[0, 0, 0, 0]), code=200)，耗时(ms):667
